{"uid":"9473ad58dd4bf36a","name":"testRegistrationWithMissingPasswordAgain","fullName":"test.RegisterAccountTest.testRegistrationWithMissingPasswordAgain","historyId":"4c517c6ce989841cdc698dcdeb867a3f","time":{"start":1727032347398,"stop":1727032347799,"duration":401},"description":"TC_01.002.04 Validate Registration with Missing Password (Again)","descriptionHtml":"<p>TC_01.002.04 Validate Registration with Missing Password (Again)</p>\n","status":"passed","flaky":false,"newFailed":false,"newBroken":false,"newPassed":false,"retriesCount":0,"retriesStatusChange":false,"beforeStages":[{"name":"beforeMethod","time":{"start":1727032346903,"stop":1727032347396,"duration":493},"description":"","status":"passed","steps":[],"attachments":[],"parameters":[],"shouldDisplayMessage":false,"stepsCount":0,"attachmentsCount":0,"hasContent":false}],"testStage":{"description":"TC_01.002.04 Validate Registration with Missing Password (Again)","status":"passed","steps":[{"name":"Enter email address in the email field","time":{"start":1727032347400,"stop":1727032347510,"duration":110},"status":"passed","steps":[],"attachments":[],"parameters":[{"name":"email","value":"jamey.schamberger@example.com"}],"shouldDisplayMessage":false,"stepsCount":0,"attachmentsCount":0,"hasContent":true},{"name":"Enter a password in the password field","time":{"start":1727032347510,"stop":1727032347591,"duration":81},"status":"passed","steps":[],"attachments":[],"parameters":[{"name":"password","value":"4S*umj$HLkCu!*j123"}],"shouldDisplayMessage":false,"stepsCount":0,"attachmentsCount":0,"hasContent":true},{"name":"Click on the submit button","time":{"start":1727032347592,"stop":1727032347776,"duration":184},"status":"passed","steps":[],"attachments":[],"parameters":[{"name":"page","value":"page.login.RegisterAccountPage@45bf1b4e"}],"shouldDisplayMessage":false,"stepsCount":0,"attachmentsCount":0,"hasContent":true},{"name":"The registration fails, and an error message is displayed 'Error! There were some problems with your input.\n\nThe password confirmation does not match.' indicating that the password confirmation field is required","time":{"start":1727032347799,"stop":1727032347799,"duration":0},"status":"passed","steps":[],"attachments":[],"parameters":[],"shouldDisplayMessage":false,"stepsCount":0,"attachmentsCount":0,"hasContent":false}],"attachments":[],"parameters":[],"shouldDisplayMessage":false,"stepsCount":4,"attachmentsCount":0,"hasContent":true},"afterStages":[{"name":"afterMethod","time":{"start":1727032347801,"stop":1727032347876,"duration":75},"description":"","status":"passed","steps":[],"attachments":[],"parameters":[],"shouldDisplayMessage":false,"stepsCount":0,"attachmentsCount":0,"hasContent":false}],"labels":[{"name":"package","value":"test.RegisterAccountTest"},{"name":"testClass","value":"test.RegisterAccountTest"},{"name":"testMethod","value":"testRegistrationWithMissingPasswordAgain"},{"name":"parentSuite","value":"Surefire suite"},{"name":"suite","value":"Surefire test"},{"name":"subSuite","value":"test.RegisterAccountTest"},{"name":"host","value":"fv-az1024-328"},{"name":"thread","value":"3027@fv-az1024-328.main(1)"},{"name":"framework","value":"testng"},{"name":"language","value":"java"},{"name":"story","value":"US_01.002 Error Handling for Registration Fields"},{"name":"epic","value":"Register an Account"},{"name":"severity","value":"blocker"},{"name":"resultFormat","value":"allure2"}],"parameters":[],"links":[],"hidden":false,"retry":false,"extra":{"severity":"blocker","retries":[],"categories":[],"history":{"statistic":{"failed":0,"broken":0,"skipped":3,"passed":8,"unknown":0,"total":11},"items":[{"uid":"88f1b303da6f9068","reportUrl":"https://Vlad1kek.github.io/Firefly_III_Test_Automation/149//#testresult/88f1b303da6f9068","status":"passed","time":{"start":1726500965033,"stop":1726500965406,"duration":373}},{"uid":"e1d620ca0c98e066","reportUrl":"https://Vlad1kek.github.io/Firefly_III_Test_Automation/148//#testresult/e1d620ca0c98e066","status":"passed","time":{"start":1726392574555,"stop":1726392574911,"duration":356}},{"uid":"386ec74f3d1557d3","reportUrl":"https://Vlad1kek.github.io/Firefly_III_Test_Automation/147//#testresult/386ec74f3d1557d3","status":"passed","time":{"start":1726172061529,"stop":1726172061911,"duration":382}},{"uid":"3bd323b5e8c01bc0","reportUrl":"https://Vlad1kek.github.io/Firefly_III_Test_Automation/146//#testresult/3bd323b5e8c01bc0","status":"passed","time":{"start":1726081419106,"stop":1726081419487,"duration":381}},{"uid":"59843fa2d7aaa98","reportUrl":"https://Vlad1kek.github.io/Firefly_III_Test_Automation/145//#testresult/59843fa2d7aaa98","status":"passed","time":{"start":1725529639894,"stop":1725529640288,"duration":394}},{"uid":"29ea3f36dd638f2f","reportUrl":"https://Vlad1kek.github.io/Firefly_III_Test_Automation/144//#testresult/29ea3f36dd638f2f","status":"passed","time":{"start":1725461201272,"stop":1725461201664,"duration":392}},{"uid":"7d03db323674fac6","reportUrl":"https://Vlad1kek.github.io/Firefly_III_Test_Automation/143//#testresult/7d03db323674fac6","status":"skipped","statusDetails":"org.openqa.selenium.TimeoutException: Expected condition failed: waiting for element to be clickable: By.cssSelector: a[class$='introjs-skipbutton'] (tried for 10 second(s) with 500 milliseconds interval)\nBuild info: version: '4.24.0', revision: '748ffc9bc3'\nSystem info: os.name: 'Linux', os.arch: 'amd64', os.version: '6.5.0-1025-azure', java.version: '17.0.12'\nDriver info: org.openqa.selenium.chrome.ChromeDriver\nCapabilities {acceptInsecureCerts: false, browserName: chrome, browserVersion: 128.0.6613.84, chrome: {chromedriverVersion: 128.0.6613.119 (6e439cfca4d..., userDataDir: /tmp/.org.chromium.Chromium...}, fedcm:accounts: true, goog:chromeOptions: {debuggerAddress: localhost:41285}, networkConnectionEnabled: false, pageLoadStrategy: normal, platformName: linux, proxy: Proxy(), se:cdp: ws://localhost:41285/devtoo..., se:cdpVersion: 128.0.6613.84, setWindowRect: true, strictFileInteractability: false, timeouts: {implicit: 0, pageLoad: 300000, script: 30000}, unhandledPromptBehavior: dismiss and notify, webauthn:extension:credBlob: true, webauthn:extension:largeBlob: true, webauthn:extension:minPinLength: true, webauthn:extension:prf: true, webauthn:virtualAuthenticators: true}\nSession ID: d3b70513928d0610a1baec3042783fbf","time":{"start":1725460264800,"stop":1725460264800,"duration":0}},{"uid":"237b909c0b2e493c","reportUrl":"https://Vlad1kek.github.io/Firefly_III_Test_Automation/142//#testresult/237b909c0b2e493c","status":"skipped","statusDetails":"org.openqa.selenium.TimeoutException: Expected condition failed: waiting for element to be clickable: By.cssSelector: a[class$='introjs-skipbutton'] (tried for 2 second(s) with 500 milliseconds interval)\nBuild info: version: '4.24.0', revision: '748ffc9bc3'\nSystem info: os.name: 'Linux', os.arch: 'amd64', os.version: '6.5.0-1025-azure', java.version: '17.0.12'\nDriver info: org.openqa.selenium.chrome.ChromeDriver\nCapabilities {acceptInsecureCerts: false, browserName: chrome, browserVersion: 128.0.6613.113, chrome: {chromedriverVersion: 128.0.6613.119 (6e439cfca4d..., userDataDir: /tmp/.org.chromium.Chromium...}, fedcm:accounts: true, goog:chromeOptions: {debuggerAddress: localhost:36313}, networkConnectionEnabled: false, pageLoadStrategy: normal, platformName: linux, proxy: Proxy(), se:cdp: ws://localhost:36313/devtoo..., se:cdpVersion: 128.0.6613.113, setWindowRect: true, strictFileInteractability: false, timeouts: {implicit: 0, pageLoad: 300000, script: 30000}, unhandledPromptBehavior: dismiss and notify, webauthn:extension:credBlob: true, webauthn:extension:largeBlob: true, webauthn:extension:minPinLength: true, webauthn:extension:prf: true, webauthn:virtualAuthenticators: true}\nSession ID: 7ffac75f8b1335f5ff3edc8b8da9cfee","time":{"start":1725459749634,"stop":1725459749635,"duration":1}},{"uid":"e1519006907fb6a1","reportUrl":"https://Vlad1kek.github.io/Firefly_III_Test_Automation/141//#testresult/e1519006907fb6a1","status":"skipped","statusDetails":"Cannot invoke \"org.openqa.selenium.support.ui.WebDriverWait.until(java.util.function.Function)\" because \"wait\" is null","time":{"start":1725458251422,"stop":1725458251423,"duration":1}},{"uid":"40f50e515cf87b1f","reportUrl":"https://Vlad1kek.github.io/Firefly_III_Test_Automation/140//#testresult/40f50e515cf87b1f","status":"passed","time":{"start":1725443929102,"stop":1725443929453,"duration":351}}]},"tags":[]},"source":"9473ad58dd4bf36a.json","parameterValues":[]}