{"uid":"be0c762ba0292a6e","name":"testSetBillToRepeatYearlyAndCheckExpectedMonthlyCosts","fullName":"test.BillsTest.testSetBillToRepeatYearlyAndCheckExpectedMonthlyCosts","historyId":"b8838eedeba5c462fbac7d6fcde21b79","time":{"start":1724752237613,"stop":1724752241804,"duration":4191},"status":"broken","statusMessage":"no such element: Unable to locate element: {\"method\":\"xpath\",\"selector\":\"//tbody/tr[4]/td[4]\"}\n  (Session info: chrome=127.0.6533.119)\nFor documentation on this error, please visit: https://www.selenium.dev/documentation/webdriver/troubleshooting/errors#no-such-element-exception\nBuild info: version: '4.23.1', revision: '656257d8e9'\nSystem info: os.name: 'Linux', os.arch: 'amd64', os.version: '6.5.0-1025-azure', java.version: '17.0.12'\nDriver info: org.openqa.selenium.chrome.ChromeDriver\nCommand: [5313b716d6b55b251e16a9b5b8b79a5d, findElement {value=//tbody/tr[4]/td[4], using=xpath}]\nCapabilities {acceptInsecureCerts: false, browserName: chrome, browserVersion: 127.0.6533.119, chrome: {chromedriverVersion: 127.0.6533.119 (bdef6783a05..., userDataDir: /tmp/.org.chromium.Chromium...}, fedcm:accounts: true, goog:chromeOptions: {debuggerAddress: localhost:39181}, networkConnectionEnabled: false, pageLoadStrategy: normal, platformName: linux, proxy: Proxy(), se:cdp: ws://localhost:39181/devtoo..., se:cdpVersion: 127.0.6533.119, setWindowRect: true, strictFileInteractability: false, timeouts: {implicit: 0, pageLoad: 300000, script: 30000}, unhandledPromptBehavior: dismiss and notify, webauthn:extension:credBlob: true, webauthn:extension:largeBlob: true, webauthn:extension:minPinLength: true, webauthn:extension:prf: true, webauthn:virtualAuthenticators: true}\nSession ID: 5313b716d6b55b251e16a9b5b8b79a5d","statusTrace":"org.openqa.selenium.NoSuchElementException: no such element: Unable to locate element: {\"method\":\"xpath\",\"selector\":\"//tbody/tr[4]/td[4]\"}\n  (Session info: chrome=127.0.6533.119)\nFor documentation on this error, please visit: https://www.selenium.dev/documentation/webdriver/troubleshooting/errors#no-such-element-exception\nBuild info: version: '4.23.1', revision: '656257d8e9'\nSystem info: os.name: 'Linux', os.arch: 'amd64', os.version: '6.5.0-1025-azure', java.version: '17.0.12'\nDriver info: org.openqa.selenium.chrome.ChromeDriver\nCommand: [5313b716d6b55b251e16a9b5b8b79a5d, findElement {value=//tbody/tr[4]/td[4], using=xpath}]\nCapabilities {acceptInsecureCerts: false, browserName: chrome, browserVersion: 127.0.6533.119, chrome: {chromedriverVersion: 127.0.6533.119 (bdef6783a05..., userDataDir: /tmp/.org.chromium.Chromium...}, fedcm:accounts: true, goog:chromeOptions: {debuggerAddress: localhost:39181}, networkConnectionEnabled: false, pageLoadStrategy: normal, platformName: linux, proxy: Proxy(), se:cdp: ws://localhost:39181/devtoo..., se:cdpVersion: 127.0.6533.119, setWindowRect: true, strictFileInteractability: false, timeouts: {implicit: 0, pageLoad: 300000, script: 30000}, unhandledPromptBehavior: dismiss and notify, webauthn:extension:credBlob: true, webauthn:extension:largeBlob: true, webauthn:extension:minPinLength: true, webauthn:extension:prf: true, webauthn:virtualAuthenticators: true}\nSession ID: 5313b716d6b55b251e16a9b5b8b79a5d\n\tat java.base/jdk.internal.reflect.NativeConstructorAccessorImpl.newInstance0(Native Method)\n\tat java.base/jdk.internal.reflect.NativeConstructorAccessorImpl.newInstance(NativeConstructorAccessorImpl.java:77)\n\tat java.base/jdk.internal.reflect.DelegatingConstructorAccessorImpl.newInstance(DelegatingConstructorAccessorImpl.java:45)\n\tat java.base/java.lang.reflect.Constructor.newInstanceWithCaller(Constructor.java:500)\n\tat java.base/java.lang.reflect.Constructor.newInstance(Constructor.java:481)\n\tat org.openqa.selenium.remote.ErrorCodec.decode(ErrorCodec.java:167)\n\tat org.openqa.selenium.remote.codec.w3c.W3CHttpResponseCodec.decode(W3CHttpResponseCodec.java:138)\n\tat org.openqa.selenium.remote.codec.w3c.W3CHttpResponseCodec.decode(W3CHttpResponseCodec.java:50)\n\tat org.openqa.selenium.remote.HttpCommandExecutor.execute(HttpCommandExecutor.java:190)\n\tat org.openqa.selenium.remote.service.DriverCommandExecutor.invokeExecute(DriverCommandExecutor.java:216)\n\tat org.openqa.selenium.remote.service.DriverCommandExecutor.execute(DriverCommandExecutor.java:174)\n\tat org.openqa.selenium.remote.RemoteWebDriver.execute(RemoteWebDriver.java:545)\n\tat org.openqa.selenium.remote.ElementLocation$ElementFinder$2.findElement(ElementLocation.java:165)\n\tat org.openqa.selenium.remote.ElementLocation.findElement(ElementLocation.java:59)\n\tat org.openqa.selenium.remote.RemoteWebDriver.findElement(RemoteWebDriver.java:368)\n\tat org.openqa.selenium.remote.RemoteWebDriver.findElement(RemoteWebDriver.java:362)\n\tat org.openqa.selenium.support.pagefactory.DefaultElementLocator.findElement(DefaultElementLocator.java:68)\n\tat org.openqa.selenium.support.pagefactory.internal.LocatingElementHandler.invoke(LocatingElementHandler.java:38)\n\tat jdk.proxy2/jdk.proxy2.$Proxy38.getText(Unknown Source)\n\tat page.bills.BillsDetailsPage.getMonthlyCosts(BillsDetailsPage.java:36)\n\tat test.BillsTest.testSetBillToRepeatYearlyAndCheckExpectedMonthlyCosts(BillsTest.java:144)\n\tat java.base/jdk.internal.reflect.NativeMethodAccessorImpl.invoke0(Native Method)\n\tat java.base/jdk.internal.reflect.NativeMethodAccessorImpl.invoke(NativeMethodAccessorImpl.java:77)\n\tat java.base/jdk.internal.reflect.DelegatingMethodAccessorImpl.invoke(DelegatingMethodAccessorImpl.java:43)\n\tat java.base/java.lang.reflect.Method.invoke(Method.java:569)\n\tat org.testng.internal.invokers.MethodInvocationHelper.invokeMethod(MethodInvocationHelper.java:141)\n\tat org.testng.internal.invokers.TestInvoker.invokeMethod(TestInvoker.java:686)\n\tat org.testng.internal.invokers.TestInvoker.invokeTestMethod(TestInvoker.java:230)\n\tat org.testng.internal.invokers.MethodRunner.runInSequence(MethodRunner.java:63)\n\tat org.testng.internal.invokers.TestInvoker$MethodInvocationAgent.invoke(TestInvoker.java:992)\n\tat org.testng.internal.invokers.TestInvoker.invokeTestMethods(TestInvoker.java:203)\n\tat org.testng.internal.invokers.TestMethodWorker.invokeTestMethods(TestMethodWorker.java:154)\n\tat org.testng.internal.invokers.TestMethodWorker.run(TestMethodWorker.java:134)\n\tat java.base/java.util.ArrayList.forEach(ArrayList.java:1511)\n\tat org.testng.TestRunner.privateRun(TestRunner.java:739)\n\tat org.testng.TestRunner.run(TestRunner.java:614)\n\tat org.testng.SuiteRunner.runTest(SuiteRunner.java:421)\n\tat org.testng.SuiteRunner.runSequentially(SuiteRunner.java:413)\n\tat org.testng.SuiteRunner.privateRun(SuiteRunner.java:373)\n\tat org.testng.SuiteRunner.run(SuiteRunner.java:312)\n\tat org.testng.SuiteRunnerWorker.runSuite(SuiteRunnerWorker.java:52)\n\tat org.testng.SuiteRunnerWorker.run(SuiteRunnerWorker.java:95)\n\tat org.testng.TestNG.runSuitesSequentially(TestNG.java:1274)\n\tat org.testng.TestNG.runSuitesLocally(TestNG.java:1208)\n\tat org.testng.TestNG.runSuites(TestNG.java:1112)\n\tat org.testng.TestNG.run(TestNG.java:1079)\n\tat org.apache.maven.surefire.testng.TestNGExecutor.run(TestNGExecutor.java:155)\n\tat org.apache.maven.surefire.testng.TestNGDirectoryTestSuite.executeMulti(TestNGDirectoryTestSuite.java:169)\n\tat org.apache.maven.surefire.testng.TestNGDirectoryTestSuite.execute(TestNGDirectoryTestSuite.java:88)\n\tat org.apache.maven.surefire.testng.TestNGProvider.invoke(TestNGProvider.java:137)\n\tat org.apache.maven.surefire.booter.ForkedBooter.runSuitesInProcess(ForkedBooter.java:385)\n\tat org.apache.maven.surefire.booter.ForkedBooter.execute(ForkedBooter.java:162)\n\tat org.apache.maven.surefire.booter.ForkedBooter.run(ForkedBooter.java:507)\n\tat org.apache.maven.surefire.booter.ForkedBooter.main(ForkedBooter.java:495)\n","flaky":false,"newFailed":false,"newBroken":true,"newPassed":false,"retriesCount":0,"retriesStatusChange":false,"beforeStages":[{"name":"beforeMethod","time":{"start":1724752236720,"stop":1724752237611,"duration":891},"description":"","status":"passed","steps":[],"attachments":[],"parameters":[],"shouldDisplayMessage":false,"stepsCount":0,"attachmentsCount":0,"hasContent":false}],"testStage":{"status":"broken","statusMessage":"no such element: Unable to locate element: {\"method\":\"xpath\",\"selector\":\"//tbody/tr[4]/td[4]\"}\n  (Session info: chrome=127.0.6533.119)\nFor documentation on this error, please visit: https://www.selenium.dev/documentation/webdriver/troubleshooting/errors#no-such-element-exception\nBuild info: version: '4.23.1', revision: '656257d8e9'\nSystem info: os.name: 'Linux', os.arch: 'amd64', os.version: '6.5.0-1025-azure', java.version: '17.0.12'\nDriver info: org.openqa.selenium.chrome.ChromeDriver\nCommand: [5313b716d6b55b251e16a9b5b8b79a5d, findElement {value=//tbody/tr[4]/td[4], using=xpath}]\nCapabilities {acceptInsecureCerts: false, browserName: chrome, browserVersion: 127.0.6533.119, chrome: {chromedriverVersion: 127.0.6533.119 (bdef6783a05..., userDataDir: /tmp/.org.chromium.Chromium...}, fedcm:accounts: true, goog:chromeOptions: {debuggerAddress: localhost:39181}, networkConnectionEnabled: false, pageLoadStrategy: normal, platformName: linux, proxy: Proxy(), se:cdp: ws://localhost:39181/devtoo..., se:cdpVersion: 127.0.6533.119, setWindowRect: true, strictFileInteractability: false, timeouts: {implicit: 0, pageLoad: 300000, script: 30000}, unhandledPromptBehavior: dismiss and notify, webauthn:extension:credBlob: true, webauthn:extension:largeBlob: true, webauthn:extension:minPinLength: true, webauthn:extension:prf: true, webauthn:virtualAuthenticators: true}\nSession ID: 5313b716d6b55b251e16a9b5b8b79a5d","statusTrace":"org.openqa.selenium.NoSuchElementException: no such element: Unable to locate element: {\"method\":\"xpath\",\"selector\":\"//tbody/tr[4]/td[4]\"}\n  (Session info: chrome=127.0.6533.119)\nFor documentation on this error, please visit: https://www.selenium.dev/documentation/webdriver/troubleshooting/errors#no-such-element-exception\nBuild info: version: '4.23.1', revision: '656257d8e9'\nSystem info: os.name: 'Linux', os.arch: 'amd64', os.version: '6.5.0-1025-azure', java.version: '17.0.12'\nDriver info: org.openqa.selenium.chrome.ChromeDriver\nCommand: [5313b716d6b55b251e16a9b5b8b79a5d, findElement {value=//tbody/tr[4]/td[4], using=xpath}]\nCapabilities {acceptInsecureCerts: false, browserName: chrome, browserVersion: 127.0.6533.119, chrome: {chromedriverVersion: 127.0.6533.119 (bdef6783a05..., userDataDir: /tmp/.org.chromium.Chromium...}, fedcm:accounts: true, goog:chromeOptions: {debuggerAddress: localhost:39181}, networkConnectionEnabled: false, pageLoadStrategy: normal, platformName: linux, proxy: Proxy(), se:cdp: ws://localhost:39181/devtoo..., se:cdpVersion: 127.0.6533.119, setWindowRect: true, strictFileInteractability: false, timeouts: {implicit: 0, pageLoad: 300000, script: 30000}, unhandledPromptBehavior: dismiss and notify, webauthn:extension:credBlob: true, webauthn:extension:largeBlob: true, webauthn:extension:minPinLength: true, webauthn:extension:prf: true, webauthn:virtualAuthenticators: true}\nSession ID: 5313b716d6b55b251e16a9b5b8b79a5d\n\tat java.base/jdk.internal.reflect.NativeConstructorAccessorImpl.newInstance0(Native Method)\n\tat java.base/jdk.internal.reflect.NativeConstructorAccessorImpl.newInstance(NativeConstructorAccessorImpl.java:77)\n\tat java.base/jdk.internal.reflect.DelegatingConstructorAccessorImpl.newInstance(DelegatingConstructorAccessorImpl.java:45)\n\tat java.base/java.lang.reflect.Constructor.newInstanceWithCaller(Constructor.java:500)\n\tat java.base/java.lang.reflect.Constructor.newInstance(Constructor.java:481)\n\tat org.openqa.selenium.remote.ErrorCodec.decode(ErrorCodec.java:167)\n\tat org.openqa.selenium.remote.codec.w3c.W3CHttpResponseCodec.decode(W3CHttpResponseCodec.java:138)\n\tat org.openqa.selenium.remote.codec.w3c.W3CHttpResponseCodec.decode(W3CHttpResponseCodec.java:50)\n\tat org.openqa.selenium.remote.HttpCommandExecutor.execute(HttpCommandExecutor.java:190)\n\tat org.openqa.selenium.remote.service.DriverCommandExecutor.invokeExecute(DriverCommandExecutor.java:216)\n\tat org.openqa.selenium.remote.service.DriverCommandExecutor.execute(DriverCommandExecutor.java:174)\n\tat org.openqa.selenium.remote.RemoteWebDriver.execute(RemoteWebDriver.java:545)\n\tat org.openqa.selenium.remote.ElementLocation$ElementFinder$2.findElement(ElementLocation.java:165)\n\tat org.openqa.selenium.remote.ElementLocation.findElement(ElementLocation.java:59)\n\tat org.openqa.selenium.remote.RemoteWebDriver.findElement(RemoteWebDriver.java:368)\n\tat org.openqa.selenium.remote.RemoteWebDriver.findElement(RemoteWebDriver.java:362)\n\tat org.openqa.selenium.support.pagefactory.DefaultElementLocator.findElement(DefaultElementLocator.java:68)\n\tat org.openqa.selenium.support.pagefactory.internal.LocatingElementHandler.invoke(LocatingElementHandler.java:38)\n\tat jdk.proxy2/jdk.proxy2.$Proxy38.getText(Unknown Source)\n\tat page.bills.BillsDetailsPage.getMonthlyCosts(BillsDetailsPage.java:36)\n\tat test.BillsTest.testSetBillToRepeatYearlyAndCheckExpectedMonthlyCosts(BillsTest.java:144)\n\tat java.base/jdk.internal.reflect.NativeMethodAccessorImpl.invoke0(Native Method)\n\tat java.base/jdk.internal.reflect.NativeMethodAccessorImpl.invoke(NativeMethodAccessorImpl.java:77)\n\tat java.base/jdk.internal.reflect.DelegatingMethodAccessorImpl.invoke(DelegatingMethodAccessorImpl.java:43)\n\tat java.base/java.lang.reflect.Method.invoke(Method.java:569)\n\tat org.testng.internal.invokers.MethodInvocationHelper.invokeMethod(MethodInvocationHelper.java:141)\n\tat org.testng.internal.invokers.TestInvoker.invokeMethod(TestInvoker.java:686)\n\tat org.testng.internal.invokers.TestInvoker.invokeTestMethod(TestInvoker.java:230)\n\tat org.testng.internal.invokers.MethodRunner.runInSequence(MethodRunner.java:63)\n\tat org.testng.internal.invokers.TestInvoker$MethodInvocationAgent.invoke(TestInvoker.java:992)\n\tat org.testng.internal.invokers.TestInvoker.invokeTestMethods(TestInvoker.java:203)\n\tat org.testng.internal.invokers.TestMethodWorker.invokeTestMethods(TestMethodWorker.java:154)\n\tat org.testng.internal.invokers.TestMethodWorker.run(TestMethodWorker.java:134)\n\tat java.base/java.util.ArrayList.forEach(ArrayList.java:1511)\n\tat org.testng.TestRunner.privateRun(TestRunner.java:739)\n\tat org.testng.TestRunner.run(TestRunner.java:614)\n\tat org.testng.SuiteRunner.runTest(SuiteRunner.java:421)\n\tat org.testng.SuiteRunner.runSequentially(SuiteRunner.java:413)\n\tat org.testng.SuiteRunner.privateRun(SuiteRunner.java:373)\n\tat org.testng.SuiteRunner.run(SuiteRunner.java:312)\n\tat org.testng.SuiteRunnerWorker.runSuite(SuiteRunnerWorker.java:52)\n\tat org.testng.SuiteRunnerWorker.run(SuiteRunnerWorker.java:95)\n\tat org.testng.TestNG.runSuitesSequentially(TestNG.java:1274)\n\tat org.testng.TestNG.runSuitesLocally(TestNG.java:1208)\n\tat org.testng.TestNG.runSuites(TestNG.java:1112)\n\tat org.testng.TestNG.run(TestNG.java:1079)\n\tat org.apache.maven.surefire.testng.TestNGExecutor.run(TestNGExecutor.java:155)\n\tat org.apache.maven.surefire.testng.TestNGDirectoryTestSuite.executeMulti(TestNGDirectoryTestSuite.java:169)\n\tat org.apache.maven.surefire.testng.TestNGDirectoryTestSuite.execute(TestNGDirectoryTestSuite.java:88)\n\tat org.apache.maven.surefire.testng.TestNGProvider.invoke(TestNGProvider.java:137)\n\tat org.apache.maven.surefire.booter.ForkedBooter.runSuitesInProcess(ForkedBooter.java:385)\n\tat org.apache.maven.surefire.booter.ForkedBooter.execute(ForkedBooter.java:162)\n\tat org.apache.maven.surefire.booter.ForkedBooter.run(ForkedBooter.java:507)\n\tat org.apache.maven.surefire.booter.ForkedBooter.main(ForkedBooter.java:495)\n","steps":[{"name":"Create the Bill: 'NewTestBills22' and set minAmount=300, maxAmount=500","time":{"start":1724752237614,"stop":1724752238984,"duration":1370},"status":"passed","steps":[],"attachments":[],"parameters":[{"name":"baseTest","value":"test.BillsTest@71560f51"},{"name":"name","value":"NewTestBills22"},{"name":"minAmount","value":"300"},{"name":"maxAmount","value":"500"},{"name":"goToHomePage","value":"true"}],"shouldDisplayMessage":false,"stepsCount":0,"attachmentsCount":0,"hasContent":true},{"name":"Click on Submit button","time":{"start":1724752239597,"stop":1724752239748,"duration":151},"status":"passed","steps":[],"attachments":[],"parameters":[{"name":"page","value":"page.bills.BillsDetailsPage@38950138"}],"shouldDisplayMessage":false,"stepsCount":0,"attachmentsCount":0,"hasContent":true}],"attachments":[],"parameters":[],"shouldDisplayMessage":true,"stepsCount":2,"attachmentsCount":0,"hasContent":true},"afterStages":[{"name":"afterMethod","time":{"start":1724752241810,"stop":1724752242682,"duration":872},"description":"","status":"passed","steps":[],"attachments":[{"uid":"11584275fd7fbedf","name":"screenshot.png","source":"11584275fd7fbedf.png","type":"image/png","size":147724}],"parameters":[],"shouldDisplayMessage":false,"stepsCount":0,"attachmentsCount":1,"hasContent":true}],"labels":[{"name":"package","value":"test.BillsTest"},{"name":"testClass","value":"test.BillsTest"},{"name":"testMethod","value":"testSetBillToRepeatYearlyAndCheckExpectedMonthlyCosts"},{"name":"parentSuite","value":"Surefire suite"},{"name":"suite","value":"Surefire test"},{"name":"subSuite","value":"test.BillsTest"},{"name":"host","value":"fv-az1152-144"},{"name":"thread","value":"2935@fv-az1152-144.main(1)"},{"name":"framework","value":"testng"},{"name":"language","value":"java"},{"name":"epic","value":"Bill"},{"name":"resultFormat","value":"allure2"}],"parameters":[],"links":[],"hidden":false,"retry":false,"extra":{"severity":"normal","retries":[],"categories":[{"name":"Test defects","matchedStatuses":[],"flaky":false}],"history":{"statistic":{"failed":0,"broken":3,"skipped":18,"passed":14,"unknown":0,"total":35},"items":[{"uid":"a76cf9dd1e2a076b","reportUrl":"https://Vlad1kek.github.io/Firefly_III_Test_Automation/121//#testresult/a76cf9dd1e2a076b","status":"passed","time":{"start":1724413836069,"stop":1724413838375,"duration":2306}},{"uid":"87f5260ef74967a2","reportUrl":"https://Vlad1kek.github.io/Firefly_III_Test_Automation/120//#testresult/87f5260ef74967a2","status":"passed","time":{"start":1724409875922,"stop":1724409879367,"duration":3445}},{"uid":"29db78df501c6d4","reportUrl":"https://Vlad1kek.github.io/Firefly_III_Test_Automation/119//#testresult/29db78df501c6d4","status":"passed","time":{"start":1724406959587,"stop":1724406961401,"duration":1814}},{"uid":"1b055394427cae83","reportUrl":"https://Vlad1kek.github.io/Firefly_III_Test_Automation/119//#testresult/1b055394427cae83","status":"passed","time":{"start":1724406561658,"stop":1724406563521,"duration":1863}},{"uid":"d1a3ee1419b6838c","reportUrl":"https://Vlad1kek.github.io/Firefly_III_Test_Automation/118//#testresult/d1a3ee1419b6838c","status":"passed","time":{"start":1724405428536,"stop":1724405430368,"duration":1832}},{"uid":"fdebd0d555098ab9","reportUrl":"https://Vlad1kek.github.io/Firefly_III_Test_Automation/118//#testresult/fdebd0d555098ab9","status":"passed","time":{"start":1724403867454,"stop":1724403869260,"duration":1806}},{"uid":"2f21621b82d576be","reportUrl":"https://Vlad1kek.github.io/Firefly_III_Test_Automation/118//#testresult/2f21621b82d576be","status":"passed","time":{"start":1724365653647,"stop":1724365655433,"duration":1786}},{"uid":"b35064a2ee8ec81e","reportUrl":"https://Vlad1kek.github.io/Firefly_III_Test_Automation/117//#testresult/b35064a2ee8ec81e","status":"passed","time":{"start":1721729037325,"stop":1721729039673,"duration":2348}},{"uid":"75b89056caf73253","reportUrl":"https://Vlad1kek.github.io/Firefly_III_Test_Automation/116//#testresult/75b89056caf73253","status":"broken","statusDetails":"element click intercepted: Element <span class=\"fa fa-fw fa-pencil\"></span> is not clickable at point (341, 295). Other element would receive the click: <div class=\"introjs-overlay\" style=\"top: 0;bottom: 0; left: 0;right: 0;position: fixed;opacity: 0.8;\"></div>\n  (Session info: chrome=126.0.6478.126)\nBuild info: version: '4.22.0', revision: 'c5f3146703*'\nSystem info: os.name: 'Linux', os.arch: 'amd64', os.version: '6.5.0-1023-azure', java.version: '17.0.12'\nDriver info: org.openqa.selenium.chrome.ChromeDriver\nCommand: [c71a864307a94ad8db999bfb1c8c224a, clickElement {id=f.81312C52BBE6C9647CEEF3C665196702.d.167DF68229E7FCAAFEFB4DE6E8460538.e.185}]\nCapabilities {acceptInsecureCerts: false, browserName: chrome, browserVersion: 126.0.6478.126, chrome: {chromedriverVersion: 126.0.6478.182 (5b5d8292ddf..., userDataDir: /tmp/.org.chromium.Chromium...}, fedcm:accounts: true, goog:chromeOptions: {debuggerAddress: localhost:38075}, networkConnectionEnabled: false, pageLoadStrategy: normal, platformName: linux, proxy: Proxy(), se:cdp: ws://localhost:38075/devtoo..., se:cdpVersion: 126.0.6478.126, setWindowRect: true, strictFileInteractability: false, timeouts: {implicit: 0, pageLoad: 300000, script: 30000}, unhandledPromptBehavior: dismiss and notify, webauthn:extension:credBlob: true, webauthn:extension:largeBlob: true, webauthn:extension:minPinLength: true, webauthn:extension:prf: true, webauthn:virtualAuthenticators: true}\nElement: [[ChromeDriver: chrome on linux (c71a864307a94ad8db999bfb1c8c224a)] -> xpath: //tr[@data-name='NewTestBills22']/td[2]/div/a[1]/span]\nSession ID: c71a864307a94ad8db999bfb1c8c224a","time":{"start":1721728010005,"stop":1721728012486,"duration":2481}},{"uid":"bb3b34f789b05d52","reportUrl":"https://Vlad1kek.github.io/Firefly_III_Test_Automation/115//#testresult/bb3b34f789b05d52","status":"broken","statusDetails":"element click intercepted: Element <a href=\"http://localhost/bills/edit/8\" class=\"btn btn-default btn-xs\">...</a> is not clickable at point (341, 295). Other element would receive the click: <div class=\"introjs-overlay\" style=\"top: 0;bottom: 0; left: 0;right: 0;position: fixed;opacity: 0.8;\"></div>\n  (Session info: chrome=126.0.6478.126)\nBuild info: version: '4.22.0', revision: 'c5f3146703*'\nSystem info: os.name: 'Linux', os.arch: 'amd64', os.version: '6.5.0-1023-azure', java.version: '17.0.12'\nDriver info: org.openqa.selenium.chrome.ChromeDriver\nCommand: [f9abade7e055d0c072f98470fe419db4, clickElement {id=f.E2880E506A71007C811D773D7B30FC1B.d.8ECDE865FAD6B8A172CAFB6FE5426664.e.183}]\nCapabilities {acceptInsecureCerts: false, browserName: chrome, browserVersion: 126.0.6478.126, chrome: {chromedriverVersion: 126.0.6478.182 (5b5d8292ddf..., userDataDir: /tmp/.org.chromium.Chromium...}, fedcm:accounts: true, goog:chromeOptions: {debuggerAddress: localhost:36973}, networkConnectionEnabled: false, pageLoadStrategy: normal, platformName: linux, proxy: Proxy(), se:cdp: ws://localhost:36973/devtoo..., se:cdpVersion: 126.0.6478.126, setWindowRect: true, strictFileInteractability: false, timeouts: {implicit: 0, pageLoad: 300000, script: 30000}, unhandledPromptBehavior: dismiss and notify, webauthn:extension:credBlob: true, webauthn:extension:largeBlob: true, webauthn:extension:minPinLength: true, webauthn:extension:prf: true, webauthn:virtualAuthenticators: true}\nElement: [[ChromeDriver: chrome on linux (f9abade7e055d0c072f98470fe419db4)] -> xpath: //tr[@data-name='NewTestBills22']/td[2]/div/a[1]]\nSession ID: f9abade7e055d0c072f98470fe419db4","time":{"start":1721690777236,"stop":1721690779685,"duration":2449}},{"uid":"e73f6fa319aaef12","reportUrl":"https://Vlad1kek.github.io/Firefly_III_Test_Automation/114//#testresult/e73f6fa319aaef12","status":"skipped","statusDetails":"java.lang.RuntimeException: Something went wrong while clearing data 404","time":{"start":1721689680831,"stop":1721689680831,"duration":0}},{"uid":"b9d31f779a15706e","reportUrl":"https://Vlad1kek.github.io/Firefly_III_Test_Automation/113//#testresult/b9d31f779a15706e","status":"skipped","statusDetails":"java.net.UnknownHostException: app","time":{"start":1721670613384,"stop":1721670613384,"duration":0}},{"uid":"f4b5af83ceb9b4ff","reportUrl":"https://Vlad1kek.github.io/Firefly_III_Test_Automation/112//#testresult/f4b5af83ceb9b4ff","status":"skipped","statusDetails":"java.lang.RuntimeException: Something went wrong while clearing data io.restassured.internal.ValidatableResponseImpl@69fc5803","time":{"start":1721669970245,"stop":1721669970245,"duration":0}},{"uid":"271d898e85a2b255","reportUrl":"https://Vlad1kek.github.io/Firefly_III_Test_Automation/111//#testresult/271d898e85a2b255","status":"skipped","statusDetails":"java.lang.RuntimeException: Something went wrong while clearing dataio.restassured.internal.ValidatableResponseImpl@3c0b9643","time":{"start":1721669033100,"stop":1721669033100,"duration":0}},{"uid":"f33ef824d6df2b06","reportUrl":"https://Vlad1kek.github.io/Firefly_III_Test_Automation/110//#testresult/f33ef824d6df2b06","status":"skipped","statusDetails":"java.lang.RuntimeException: Something went wrong while clearing dataio.restassured.internal.ValidatableResponseImpl@28b36817","time":{"start":1721668614926,"stop":1721668614928,"duration":2}},{"uid":"22ecbee90a53e3f5","reportUrl":"https://Vlad1kek.github.io/Firefly_III_Test_Automation/109//#testresult/22ecbee90a53e3f5","status":"skipped","statusDetails":"java.lang.RuntimeException: Something went wrong while clearing dataio.restassured.internal.ValidatableResponseImpl@5a349644","time":{"start":1721667385198,"stop":1721667385198,"duration":0}},{"uid":"21dcf9c25f4ad588","reportUrl":"https://Vlad1kek.github.io/Firefly_III_Test_Automation/109//#testresult/21dcf9c25f4ad588","status":"skipped","statusDetails":"java.lang.RuntimeException: Something went wrong while clearing dataio.restassured.internal.ValidatableResponseImpl@46ebd87a","time":{"start":1721666693802,"stop":1721666693802,"duration":0}},{"uid":"41a1a0dbf473ae9","reportUrl":"https://Vlad1kek.github.io/Firefly_III_Test_Automation/108//#testresult/41a1a0dbf473ae9","status":"skipped","statusDetails":"java.lang.RuntimeException: Authorization does not work with token:","time":{"start":1721601637047,"stop":1721601637047,"duration":0}},{"uid":"dbdb469a6e7e6c39","reportUrl":"https://Vlad1kek.github.io/Firefly_III_Test_Automation/107//#testresult/dbdb469a6e7e6c39","status":"skipped","statusDetails":"java.lang.RuntimeException: Authorization does not work with token:","time":{"start":1721600923648,"stop":1721600923648,"duration":0}},{"uid":"a4ceceec13416e48","reportUrl":"https://Vlad1kek.github.io/Firefly_III_Test_Automation/106//#testresult/a4ceceec13416e48","status":"skipped","statusDetails":"java.lang.RuntimeException: Authorization does not work with token:","time":{"start":1721599102895,"stop":1721599102896,"duration":1}}]},"tags":[]},"source":"be0c762ba0292a6e.json","parameterValues":[]}