{"uid":"2f7d37a2355d604f","name":"testCheckingTheDateBillsRepeatsMonthlyAndCheckNextExpectedMatch","fullName":"test.BillsTest.testCheckingTheDateBillsRepeatsMonthlyAndCheckNextExpectedMatch","historyId":"d24c8d1027a0b3de20f1d2b26ad33a1","time":{"start":1724365633045,"stop":1724365634420,"duration":1375},"status":"failed","statusMessage":"Lists differ at element [0]: August 22nd, 2024 != August 23rd, 2024 expected [August 22nd, 2024] but found [August 23rd, 2024]","statusTrace":"java.lang.AssertionError: Lists differ at element [0]: August 22nd, 2024 != August 23rd, 2024 expected [August 22nd, 2024] but found [August 23rd, 2024]\n\tat org.testng.Assert.fail(Assert.java:111)\n\tat org.testng.Assert.failNotEquals(Assert.java:1578)\n\tat org.testng.Assert.assertEqualsImpl(Assert.java:150)\n\tat org.testng.Assert.assertEquals(Assert.java:1644)\n\tat org.testng.Assert.assertEquals(Assert.java:1606)\n\tat test.BillsTest.testCheckingTheDateBillsRepeatsMonthlyAndCheckNextExpectedMatch(BillsTest.java:49)\n\tat java.base/jdk.internal.reflect.NativeMethodAccessorImpl.invoke0(Native Method)\n\tat java.base/jdk.internal.reflect.NativeMethodAccessorImpl.invoke(NativeMethodAccessorImpl.java:77)\n\tat java.base/jdk.internal.reflect.DelegatingMethodAccessorImpl.invoke(DelegatingMethodAccessorImpl.java:43)\n\tat java.base/java.lang.reflect.Method.invoke(Method.java:569)\n\tat org.testng.internal.invokers.MethodInvocationHelper.invokeMethod(MethodInvocationHelper.java:141)\n\tat org.testng.internal.invokers.TestInvoker.invokeMethod(TestInvoker.java:686)\n\tat org.testng.internal.invokers.TestInvoker.invokeTestMethod(TestInvoker.java:230)\n\tat org.testng.internal.invokers.MethodRunner.runInSequence(MethodRunner.java:63)\n\tat org.testng.internal.invokers.TestInvoker$MethodInvocationAgent.invoke(TestInvoker.java:992)\n\tat org.testng.internal.invokers.TestInvoker.invokeTestMethods(TestInvoker.java:203)\n\tat org.testng.internal.invokers.TestMethodWorker.invokeTestMethods(TestMethodWorker.java:154)\n\tat org.testng.internal.invokers.TestMethodWorker.run(TestMethodWorker.java:134)\n\tat java.base/java.util.ArrayList.forEach(ArrayList.java:1511)\n\tat org.testng.TestRunner.privateRun(TestRunner.java:739)\n\tat org.testng.TestRunner.run(TestRunner.java:614)\n\tat org.testng.SuiteRunner.runTest(SuiteRunner.java:421)\n\tat org.testng.SuiteRunner.runSequentially(SuiteRunner.java:413)\n\tat org.testng.SuiteRunner.privateRun(SuiteRunner.java:373)\n\tat org.testng.SuiteRunner.run(SuiteRunner.java:312)\n\tat org.testng.SuiteRunnerWorker.runSuite(SuiteRunnerWorker.java:52)\n\tat org.testng.SuiteRunnerWorker.run(SuiteRunnerWorker.java:95)\n\tat org.testng.TestNG.runSuitesSequentially(TestNG.java:1274)\n\tat org.testng.TestNG.runSuitesLocally(TestNG.java:1208)\n\tat org.testng.TestNG.runSuites(TestNG.java:1112)\n\tat org.testng.TestNG.run(TestNG.java:1079)\n\tat org.apache.maven.surefire.testng.TestNGExecutor.run(TestNGExecutor.java:155)\n\tat org.apache.maven.surefire.testng.TestNGDirectoryTestSuite.executeMulti(TestNGDirectoryTestSuite.java:169)\n\tat org.apache.maven.surefire.testng.TestNGDirectoryTestSuite.execute(TestNGDirectoryTestSuite.java:88)\n\tat org.apache.maven.surefire.testng.TestNGProvider.invoke(TestNGProvider.java:137)\n\tat org.apache.maven.surefire.booter.ForkedBooter.runSuitesInProcess(ForkedBooter.java:385)\n\tat org.apache.maven.surefire.booter.ForkedBooter.execute(ForkedBooter.java:162)\n\tat org.apache.maven.surefire.booter.ForkedBooter.run(ForkedBooter.java:507)\n\tat org.apache.maven.surefire.booter.ForkedBooter.main(ForkedBooter.java:495)\n","flaky":true,"newFailed":true,"newBroken":false,"newPassed":false,"retriesCount":0,"retriesStatusChange":false,"beforeStages":[{"name":"beforeMethod","time":{"start":1724365632052,"stop":1724365633042,"duration":990},"description":"","status":"passed","steps":[],"attachments":[],"parameters":[],"shouldDisplayMessage":false,"stepsCount":0,"attachmentsCount":0,"hasContent":false}],"testStage":{"status":"failed","statusMessage":"Lists differ at element [0]: August 22nd, 2024 != August 23rd, 2024 expected [August 22nd, 2024] but found [August 23rd, 2024]","statusTrace":"java.lang.AssertionError: Lists differ at element [0]: August 22nd, 2024 != August 23rd, 2024 expected [August 22nd, 2024] but found [August 23rd, 2024]\n\tat org.testng.Assert.fail(Assert.java:111)\n\tat org.testng.Assert.failNotEquals(Assert.java:1578)\n\tat org.testng.Assert.assertEqualsImpl(Assert.java:150)\n\tat org.testng.Assert.assertEquals(Assert.java:1644)\n\tat org.testng.Assert.assertEquals(Assert.java:1606)\n\tat test.BillsTest.testCheckingTheDateBillsRepeatsMonthlyAndCheckNextExpectedMatch(BillsTest.java:49)\n\tat java.base/jdk.internal.reflect.NativeMethodAccessorImpl.invoke0(Native Method)\n\tat java.base/jdk.internal.reflect.NativeMethodAccessorImpl.invoke(NativeMethodAccessorImpl.java:77)\n\tat java.base/jdk.internal.reflect.DelegatingMethodAccessorImpl.invoke(DelegatingMethodAccessorImpl.java:43)\n\tat java.base/java.lang.reflect.Method.invoke(Method.java:569)\n\tat org.testng.internal.invokers.MethodInvocationHelper.invokeMethod(MethodInvocationHelper.java:141)\n\tat org.testng.internal.invokers.TestInvoker.invokeMethod(TestInvoker.java:686)\n\tat org.testng.internal.invokers.TestInvoker.invokeTestMethod(TestInvoker.java:230)\n\tat org.testng.internal.invokers.MethodRunner.runInSequence(MethodRunner.java:63)\n\tat org.testng.internal.invokers.TestInvoker$MethodInvocationAgent.invoke(TestInvoker.java:992)\n\tat org.testng.internal.invokers.TestInvoker.invokeTestMethods(TestInvoker.java:203)\n\tat org.testng.internal.invokers.TestMethodWorker.invokeTestMethods(TestMethodWorker.java:154)\n\tat org.testng.internal.invokers.TestMethodWorker.run(TestMethodWorker.java:134)\n\tat java.base/java.util.ArrayList.forEach(ArrayList.java:1511)\n\tat org.testng.TestRunner.privateRun(TestRunner.java:739)\n\tat org.testng.TestRunner.run(TestRunner.java:614)\n\tat org.testng.SuiteRunner.runTest(SuiteRunner.java:421)\n\tat org.testng.SuiteRunner.runSequentially(SuiteRunner.java:413)\n\tat org.testng.SuiteRunner.privateRun(SuiteRunner.java:373)\n\tat org.testng.SuiteRunner.run(SuiteRunner.java:312)\n\tat org.testng.SuiteRunnerWorker.runSuite(SuiteRunnerWorker.java:52)\n\tat org.testng.SuiteRunnerWorker.run(SuiteRunnerWorker.java:95)\n\tat org.testng.TestNG.runSuitesSequentially(TestNG.java:1274)\n\tat org.testng.TestNG.runSuitesLocally(TestNG.java:1208)\n\tat org.testng.TestNG.runSuites(TestNG.java:1112)\n\tat org.testng.TestNG.run(TestNG.java:1079)\n\tat org.apache.maven.surefire.testng.TestNGExecutor.run(TestNGExecutor.java:155)\n\tat org.apache.maven.surefire.testng.TestNGDirectoryTestSuite.executeMulti(TestNGDirectoryTestSuite.java:169)\n\tat org.apache.maven.surefire.testng.TestNGDirectoryTestSuite.execute(TestNGDirectoryTestSuite.java:88)\n\tat org.apache.maven.surefire.testng.TestNGProvider.invoke(TestNGProvider.java:137)\n\tat org.apache.maven.surefire.booter.ForkedBooter.runSuitesInProcess(ForkedBooter.java:385)\n\tat org.apache.maven.surefire.booter.ForkedBooter.execute(ForkedBooter.java:162)\n\tat org.apache.maven.surefire.booter.ForkedBooter.run(ForkedBooter.java:507)\n\tat org.apache.maven.surefire.booter.ForkedBooter.main(ForkedBooter.java:495)\n","steps":[{"name":"Create the Bill: 'NewTestBills22' and set minAmount=300, maxAmount=500","time":{"start":1724365633052,"stop":1724365634070,"duration":1018},"status":"passed","steps":[],"attachments":[],"parameters":[{"name":"baseTest","value":"test.BillsTest@71560f51"},{"name":"name","value":"NewTestBills22"},{"name":"minAmount","value":"300"},{"name":"maxAmount","value":"500"},{"name":"goToHomePage","value":"true"}],"shouldDisplayMessage":false,"stepsCount":0,"attachmentsCount":0,"hasContent":true}],"attachments":[],"parameters":[],"shouldDisplayMessage":true,"stepsCount":1,"attachmentsCount":0,"hasContent":true},"afterStages":[{"name":"afterMethod","time":{"start":1724365634426,"stop":1724365635167,"duration":741},"description":"","status":"passed","steps":[],"attachments":[{"uid":"a070691a38c6439e","name":"screenshot.png","source":"a070691a38c6439e.png","type":"image/png","size":68510}],"parameters":[],"shouldDisplayMessage":false,"stepsCount":0,"attachmentsCount":1,"hasContent":true}],"labels":[{"name":"package","value":"test.BillsTest"},{"name":"testClass","value":"test.BillsTest"},{"name":"testMethod","value":"testCheckingTheDateBillsRepeatsMonthlyAndCheckNextExpectedMatch"},{"name":"parentSuite","value":"Surefire suite"},{"name":"suite","value":"Surefire test"},{"name":"subSuite","value":"test.BillsTest"},{"name":"host","value":"fv-az698-94"},{"name":"thread","value":"2954@fv-az698-94.main(1)"},{"name":"framework","value":"testng"},{"name":"language","value":"java"},{"name":"epic","value":"Bill"},{"name":"resultFormat","value":"allure2"}],"parameters":[],"links":[],"hidden":false,"retry":false,"extra":{"severity":"normal","retries":[],"categories":[{"name":"Product defects","matchedStatuses":[],"flaky":false}],"history":{"statistic":{"failed":2,"broken":0,"skipped":18,"passed":8,"unknown":0,"total":28},"items":[{"uid":"f3b9667d396f00c","reportUrl":"https://Vlad1kek.github.io/Firefly_III_Test_Automation/117//#testresult/f3b9667d396f00c","status":"passed","time":{"start":1721729015809,"stop":1721729017274,"duration":1465}},{"uid":"8bc58245534ab144","reportUrl":"https://Vlad1kek.github.io/Firefly_III_Test_Automation/116//#testresult/8bc58245534ab144","status":"passed","time":{"start":1721727986495,"stop":1721727987990,"duration":1495}},{"uid":"a0d36e7534d7eaf","reportUrl":"https://Vlad1kek.github.io/Firefly_III_Test_Automation/115//#testresult/a0d36e7534d7eaf","status":"failed","statusDetails":"Lists differ at element [0]: July 22nd, 2024 != July 23rd, 2024 expected [July 22nd, 2024] but found [July 23rd, 2024]","time":{"start":1721690753330,"stop":1721690754774,"duration":1444}},{"uid":"75b02f26b1fd7bd","reportUrl":"https://Vlad1kek.github.io/Firefly_III_Test_Automation/114//#testresult/75b02f26b1fd7bd","status":"skipped","statusDetails":"java.lang.RuntimeException: Something went wrong while clearing data 404","time":{"start":1721689680803,"stop":1721689680804,"duration":1}},{"uid":"8eec7292b63f45dc","reportUrl":"https://Vlad1kek.github.io/Firefly_III_Test_Automation/113//#testresult/8eec7292b63f45dc","status":"skipped","statusDetails":"java.net.UnknownHostException: app","time":{"start":1721670613356,"stop":1721670613356,"duration":0}},{"uid":"fd18845cb3e2807b","reportUrl":"https://Vlad1kek.github.io/Firefly_III_Test_Automation/112//#testresult/fd18845cb3e2807b","status":"skipped","statusDetails":"java.lang.RuntimeException: Something went wrong while clearing data io.restassured.internal.ValidatableResponseImpl@69fc5803","time":{"start":1721669970220,"stop":1721669970220,"duration":0}},{"uid":"53e9a17c299c0135","reportUrl":"https://Vlad1kek.github.io/Firefly_III_Test_Automation/111//#testresult/53e9a17c299c0135","status":"skipped","statusDetails":"java.lang.RuntimeException: Something went wrong while clearing dataio.restassured.internal.ValidatableResponseImpl@3c0b9643","time":{"start":1721669033070,"stop":1721669033070,"duration":0}},{"uid":"e617d6683b0055c","reportUrl":"https://Vlad1kek.github.io/Firefly_III_Test_Automation/110//#testresult/e617d6683b0055c","status":"skipped","statusDetails":"java.lang.RuntimeException: Something went wrong while clearing dataio.restassured.internal.ValidatableResponseImpl@28b36817","time":{"start":1721668614890,"stop":1721668614890,"duration":0}},{"uid":"9de356df011011f7","reportUrl":"https://Vlad1kek.github.io/Firefly_III_Test_Automation/109//#testresult/9de356df011011f7","status":"skipped","statusDetails":"java.lang.RuntimeException: Something went wrong while clearing dataio.restassured.internal.ValidatableResponseImpl@5a349644","time":{"start":1721667385172,"stop":1721667385172,"duration":0}},{"uid":"53db39507afb213d","reportUrl":"https://Vlad1kek.github.io/Firefly_III_Test_Automation/109//#testresult/53db39507afb213d","status":"skipped","statusDetails":"java.lang.RuntimeException: Something went wrong while clearing dataio.restassured.internal.ValidatableResponseImpl@46ebd87a","time":{"start":1721666693778,"stop":1721666693778,"duration":0}},{"uid":"6b05ab283eab8c06","reportUrl":"https://Vlad1kek.github.io/Firefly_III_Test_Automation/108//#testresult/6b05ab283eab8c06","status":"skipped","statusDetails":"java.lang.RuntimeException: Authorization does not work with token:","time":{"start":1721601637021,"stop":1721601637021,"duration":0}},{"uid":"5fd198e307e9dde7","reportUrl":"https://Vlad1kek.github.io/Firefly_III_Test_Automation/107//#testresult/5fd198e307e9dde7","status":"skipped","statusDetails":"java.lang.RuntimeException: Authorization does not work with token:","time":{"start":1721600923617,"stop":1721600923617,"duration":0}},{"uid":"d96e077f98fe58c9","reportUrl":"https://Vlad1kek.github.io/Firefly_III_Test_Automation/106//#testresult/d96e077f98fe58c9","status":"skipped","statusDetails":"java.lang.RuntimeException: Authorization does not work with token:","time":{"start":1721599102859,"stop":1721599102860,"duration":1}},{"uid":"bc3ac94a1d31c594","reportUrl":"https://Vlad1kek.github.io/Firefly_III_Test_Automation/105//#testresult/bc3ac94a1d31c594","status":"skipped","statusDetails":"java.lang.RuntimeException: Authorization does not work with token:","time":{"start":1721598071545,"stop":1721598071545,"duration":0}},{"uid":"954e3ef09b122c74","reportUrl":"https://Vlad1kek.github.io/Firefly_III_Test_Automation/104//#testresult/954e3ef09b122c74","status":"skipped","statusDetails":"java.lang.RuntimeException: Authorization does not work with token:","time":{"start":1721596041448,"stop":1721596041448,"duration":0}},{"uid":"fd5a262536a4aaae","reportUrl":"https://Vlad1kek.github.io/Firefly_III_Test_Automation/103//#testresult/fd5a262536a4aaae","status":"skipped","statusDetails":"java.lang.RuntimeException: Authorization does not work with token:null","time":{"start":1721594892554,"stop":1721594892555,"duration":1}},{"uid":"a7838f090e942779","reportUrl":"https://Vlad1kek.github.io/Firefly_III_Test_Automation/102//#testresult/a7838f090e942779","status":"passed","time":{"start":1721421914017,"stop":1721421917436,"duration":3419}},{"uid":"201f7e3f431a47c1","reportUrl":"https://Vlad1kek.github.io/Firefly_III_Test_Automation/101//#testresult/201f7e3f431a47c1","status":"skipped","statusDetails":"java.lang.NullPointerException: Cannot invoke \"com.fasterxml.jackson.databind.JsonNode.iterator()\" because \"dataNode\" is null","time":{"start":1721420876062,"stop":1721420876062,"duration":0}},{"uid":"28ee722746cd19ca","reportUrl":"https://Vlad1kek.github.io/Firefly_III_Test_Automation/100//#testresult/28ee722746cd19ca","status":"skipped","statusDetails":"no such element: Unable to locate element: {\"method\":\"xpath\",\"selector\":\"//button[@type='token']\"}\n  (Session info: chrome=126.0.6478.126)\nFor documentation on this error, please visit: https://www.selenium.dev/documentation/webdriver/troubleshooting/errors#no-such-element-exception\nBuild info: version: '4.22.0', revision: 'c5f3146703*'\nSystem info: os.name: 'Linux', os.arch: 'amd64', os.version: '6.5.0-1023-azure', java.version: '17.0.12'\nDriver info: org.openqa.selenium.chrome.ChromeDriver\nCommand: [aae378c80a675714c507d171dcf48031, findElement {value=//button[@type='token'], using=xpath}]\nCapabilities {acceptInsecureCerts: false, browserName: chrome, browserVersion: 126.0.6478.126, chrome: {chromedriverVersion: 126.0.6478.182 (5b5d8292ddf..., userDataDir: /tmp/.org.chromium.Chromium...}, fedcm:accounts: true, goog:chromeOptions: {debuggerAddress: localhost:41767}, networkConnectionEnabled: false, pageLoadStrategy: normal, platformName: linux, proxy: Proxy(), se:cdp: ws://localhost:41767/devtoo..., se:cdpVersion: 126.0.6478.126, setWindowRect: true, strictFileInteractability: false, timeouts: {implicit: 0, pageLoad: 300000, script: 30000}, unhandledPromptBehavior: dismiss and notify, webauthn:extension:credBlob: true, webauthn:extension:largeBlob: true, webauthn:extension:minPinLength: true, webauthn:extension:prf: true, webauthn:virtualAuthenticators: true}\nSession ID: aae378c80a675714c507d171dcf48031","time":{"start":1721420222519,"stop":1721420222523,"duration":4}},{"uid":"2296550cbd11b8b","reportUrl":"https://Vlad1kek.github.io/Firefly_III_Test_Automation/99//#testresult/2296550cbd11b8b","status":"skipped","statusDetails":"no such element: Unable to locate element: {\"method\":\"xpath\",\"selector\":\"//button[@type='test@gmail.com']\"}\n  (Session info: chrome=126.0.6478.126)\nFor documentation on this error, please visit: https://www.selenium.dev/documentation/webdriver/troubleshooting/errors#no-such-element-exception\nBuild info: version: '4.22.0', revision: 'c5f3146703*'\nSystem info: os.name: 'Linux', os.arch: 'amd64', os.version: '6.5.0-1023-azure', java.version: '17.0.12'\nDriver info: org.openqa.selenium.chrome.ChromeDriver\nCommand: [06198bd36ebf00142ea395724b8ae7a2, findElement {using=xpath, value=//button[@type='test@gmail.com']}]\nCapabilities {acceptInsecureCerts: false, browserName: chrome, browserVersion: 126.0.6478.126, chrome: {chromedriverVersion: 126.0.6478.182 (5b5d8292ddf..., userDataDir: /tmp/.org.chromium.Chromium...}, fedcm:accounts: true, goog:chromeOptions: {debuggerAddress: localhost:44273}, networkConnectionEnabled: false, pageLoadStrategy: normal, platformName: linux, proxy: Proxy(), se:cdp: ws://localhost:44273/devtoo..., se:cdpVersion: 126.0.6478.126, setWindowRect: true, strictFileInteractability: false, timeouts: {implicit: 0, pageLoad: 300000, script: 30000}, unhandledPromptBehavior: dismiss and notify, webauthn:extension:credBlob: true, webauthn:extension:largeBlob: true, webauthn:extension:minPinLength: true, webauthn:extension:prf: true, webauthn:virtualAuthenticators: true}\nSession ID: 06198bd36ebf00142ea395724b8ae7a2","time":{"start":1721418200884,"stop":1721418200884,"duration":0}}]},"tags":[]},"source":"2f7d37a2355d604f.json","parameterValues":[]}