{"uid":"4bb642d9d587e9b7","name":"testSetBillToRepeatQuarterlyAndCheckNextExpectedMatch","fullName":"test.BillsTest.testSetBillToRepeatQuarterlyAndCheckNextExpectedMatch","historyId":"e66ab4494cedb55e0a7693f4c35022a6","time":{"start":1724365646628,"stop":1724365648418,"duration":1790},"status":"failed","statusMessage":"Lists differ at element [0]: August 22nd, 2024 != August 23rd, 2024 expected [August 22nd, 2024] but found [August 23rd, 2024]","statusTrace":"java.lang.AssertionError: Lists differ at element [0]: August 22nd, 2024 != August 23rd, 2024 expected [August 22nd, 2024] but found [August 23rd, 2024]\n\tat org.testng.Assert.fail(Assert.java:111)\n\tat org.testng.Assert.failNotEquals(Assert.java:1578)\n\tat org.testng.Assert.assertEqualsImpl(Assert.java:150)\n\tat org.testng.Assert.assertEquals(Assert.java:1644)\n\tat org.testng.Assert.assertEquals(Assert.java:1606)\n\tat test.BillsTest.testSetBillToRepeatQuarterlyAndCheckNextExpectedMatch(BillsTest.java:129)\n\tat java.base/jdk.internal.reflect.NativeMethodAccessorImpl.invoke0(Native Method)\n\tat java.base/jdk.internal.reflect.NativeMethodAccessorImpl.invoke(NativeMethodAccessorImpl.java:77)\n\tat java.base/jdk.internal.reflect.DelegatingMethodAccessorImpl.invoke(DelegatingMethodAccessorImpl.java:43)\n\tat java.base/java.lang.reflect.Method.invoke(Method.java:569)\n\tat org.testng.internal.invokers.MethodInvocationHelper.invokeMethod(MethodInvocationHelper.java:141)\n\tat org.testng.internal.invokers.TestInvoker.invokeMethod(TestInvoker.java:686)\n\tat org.testng.internal.invokers.TestInvoker.invokeTestMethod(TestInvoker.java:230)\n\tat org.testng.internal.invokers.MethodRunner.runInSequence(MethodRunner.java:63)\n\tat org.testng.internal.invokers.TestInvoker$MethodInvocationAgent.invoke(TestInvoker.java:992)\n\tat org.testng.internal.invokers.TestInvoker.invokeTestMethods(TestInvoker.java:203)\n\tat org.testng.internal.invokers.TestMethodWorker.invokeTestMethods(TestMethodWorker.java:154)\n\tat org.testng.internal.invokers.TestMethodWorker.run(TestMethodWorker.java:134)\n\tat java.base/java.util.ArrayList.forEach(ArrayList.java:1511)\n\tat org.testng.TestRunner.privateRun(TestRunner.java:739)\n\tat org.testng.TestRunner.run(TestRunner.java:614)\n\tat org.testng.SuiteRunner.runTest(SuiteRunner.java:421)\n\tat org.testng.SuiteRunner.runSequentially(SuiteRunner.java:413)\n\tat org.testng.SuiteRunner.privateRun(SuiteRunner.java:373)\n\tat org.testng.SuiteRunner.run(SuiteRunner.java:312)\n\tat org.testng.SuiteRunnerWorker.runSuite(SuiteRunnerWorker.java:52)\n\tat org.testng.SuiteRunnerWorker.run(SuiteRunnerWorker.java:95)\n\tat org.testng.TestNG.runSuitesSequentially(TestNG.java:1274)\n\tat org.testng.TestNG.runSuitesLocally(TestNG.java:1208)\n\tat org.testng.TestNG.runSuites(TestNG.java:1112)\n\tat org.testng.TestNG.run(TestNG.java:1079)\n\tat org.apache.maven.surefire.testng.TestNGExecutor.run(TestNGExecutor.java:155)\n\tat org.apache.maven.surefire.testng.TestNGDirectoryTestSuite.executeMulti(TestNGDirectoryTestSuite.java:169)\n\tat org.apache.maven.surefire.testng.TestNGDirectoryTestSuite.execute(TestNGDirectoryTestSuite.java:88)\n\tat org.apache.maven.surefire.testng.TestNGProvider.invoke(TestNGProvider.java:137)\n\tat org.apache.maven.surefire.booter.ForkedBooter.runSuitesInProcess(ForkedBooter.java:385)\n\tat org.apache.maven.surefire.booter.ForkedBooter.execute(ForkedBooter.java:162)\n\tat org.apache.maven.surefire.booter.ForkedBooter.run(ForkedBooter.java:507)\n\tat org.apache.maven.surefire.booter.ForkedBooter.main(ForkedBooter.java:495)\n","flaky":false,"newFailed":true,"newBroken":false,"newPassed":false,"retriesCount":0,"retriesStatusChange":false,"beforeStages":[{"name":"beforeMethod","time":{"start":1724365645608,"stop":1724365646626,"duration":1018},"description":"","status":"passed","steps":[],"attachments":[],"parameters":[],"shouldDisplayMessage":false,"stepsCount":0,"attachmentsCount":0,"hasContent":false}],"testStage":{"status":"failed","statusMessage":"Lists differ at element [0]: August 22nd, 2024 != August 23rd, 2024 expected [August 22nd, 2024] but found [August 23rd, 2024]","statusTrace":"java.lang.AssertionError: Lists differ at element [0]: August 22nd, 2024 != August 23rd, 2024 expected [August 22nd, 2024] but found [August 23rd, 2024]\n\tat org.testng.Assert.fail(Assert.java:111)\n\tat org.testng.Assert.failNotEquals(Assert.java:1578)\n\tat org.testng.Assert.assertEqualsImpl(Assert.java:150)\n\tat org.testng.Assert.assertEquals(Assert.java:1644)\n\tat org.testng.Assert.assertEquals(Assert.java:1606)\n\tat test.BillsTest.testSetBillToRepeatQuarterlyAndCheckNextExpectedMatch(BillsTest.java:129)\n\tat java.base/jdk.internal.reflect.NativeMethodAccessorImpl.invoke0(Native Method)\n\tat java.base/jdk.internal.reflect.NativeMethodAccessorImpl.invoke(NativeMethodAccessorImpl.java:77)\n\tat java.base/jdk.internal.reflect.DelegatingMethodAccessorImpl.invoke(DelegatingMethodAccessorImpl.java:43)\n\tat java.base/java.lang.reflect.Method.invoke(Method.java:569)\n\tat org.testng.internal.invokers.MethodInvocationHelper.invokeMethod(MethodInvocationHelper.java:141)\n\tat org.testng.internal.invokers.TestInvoker.invokeMethod(TestInvoker.java:686)\n\tat org.testng.internal.invokers.TestInvoker.invokeTestMethod(TestInvoker.java:230)\n\tat org.testng.internal.invokers.MethodRunner.runInSequence(MethodRunner.java:63)\n\tat org.testng.internal.invokers.TestInvoker$MethodInvocationAgent.invoke(TestInvoker.java:992)\n\tat org.testng.internal.invokers.TestInvoker.invokeTestMethods(TestInvoker.java:203)\n\tat org.testng.internal.invokers.TestMethodWorker.invokeTestMethods(TestMethodWorker.java:154)\n\tat org.testng.internal.invokers.TestMethodWorker.run(TestMethodWorker.java:134)\n\tat java.base/java.util.ArrayList.forEach(ArrayList.java:1511)\n\tat org.testng.TestRunner.privateRun(TestRunner.java:739)\n\tat org.testng.TestRunner.run(TestRunner.java:614)\n\tat org.testng.SuiteRunner.runTest(SuiteRunner.java:421)\n\tat org.testng.SuiteRunner.runSequentially(SuiteRunner.java:413)\n\tat org.testng.SuiteRunner.privateRun(SuiteRunner.java:373)\n\tat org.testng.SuiteRunner.run(SuiteRunner.java:312)\n\tat org.testng.SuiteRunnerWorker.runSuite(SuiteRunnerWorker.java:52)\n\tat org.testng.SuiteRunnerWorker.run(SuiteRunnerWorker.java:95)\n\tat org.testng.TestNG.runSuitesSequentially(TestNG.java:1274)\n\tat org.testng.TestNG.runSuitesLocally(TestNG.java:1208)\n\tat org.testng.TestNG.runSuites(TestNG.java:1112)\n\tat org.testng.TestNG.run(TestNG.java:1079)\n\tat org.apache.maven.surefire.testng.TestNGExecutor.run(TestNGExecutor.java:155)\n\tat org.apache.maven.surefire.testng.TestNGDirectoryTestSuite.executeMulti(TestNGDirectoryTestSuite.java:169)\n\tat org.apache.maven.surefire.testng.TestNGDirectoryTestSuite.execute(TestNGDirectoryTestSuite.java:88)\n\tat org.apache.maven.surefire.testng.TestNGProvider.invoke(TestNGProvider.java:137)\n\tat org.apache.maven.surefire.booter.ForkedBooter.runSuitesInProcess(ForkedBooter.java:385)\n\tat org.apache.maven.surefire.booter.ForkedBooter.execute(ForkedBooter.java:162)\n\tat org.apache.maven.surefire.booter.ForkedBooter.run(ForkedBooter.java:507)\n\tat org.apache.maven.surefire.booter.ForkedBooter.main(ForkedBooter.java:495)\n","steps":[{"name":"Create the Bill: 'NewTestBills22' and set minAmount=300, maxAmount=500","time":{"start":1724365646629,"stop":1724365647648,"duration":1019},"status":"passed","steps":[],"attachments":[],"parameters":[{"name":"baseTest","value":"test.BillsTest@71560f51"},{"name":"name","value":"NewTestBills22"},{"name":"minAmount","value":"300"},{"name":"maxAmount","value":"500"},{"name":"goToHomePage","value":"true"}],"shouldDisplayMessage":false,"stepsCount":0,"attachmentsCount":0,"hasContent":true}],"attachments":[],"parameters":[],"shouldDisplayMessage":true,"stepsCount":1,"attachmentsCount":0,"hasContent":true},"afterStages":[{"name":"afterMethod","time":{"start":1724365648420,"stop":1724365649198,"duration":778},"description":"","status":"passed","steps":[],"attachments":[{"uid":"b4957d4688c46c69","name":"screenshot.png","source":"b4957d4688c46c69.png","type":"image/png","size":72552}],"parameters":[],"shouldDisplayMessage":false,"stepsCount":0,"attachmentsCount":1,"hasContent":true}],"labels":[{"name":"package","value":"test.BillsTest"},{"name":"testClass","value":"test.BillsTest"},{"name":"testMethod","value":"testSetBillToRepeatQuarterlyAndCheckNextExpectedMatch"},{"name":"parentSuite","value":"Surefire suite"},{"name":"suite","value":"Surefire test"},{"name":"subSuite","value":"test.BillsTest"},{"name":"host","value":"fv-az698-94"},{"name":"thread","value":"2954@fv-az698-94.main(1)"},{"name":"framework","value":"testng"},{"name":"language","value":"java"},{"name":"epic","value":"Bill"},{"name":"resultFormat","value":"allure2"}],"parameters":[],"links":[],"hidden":false,"retry":false,"extra":{"severity":"normal","retries":[],"categories":[{"name":"Product defects","matchedStatuses":[],"flaky":false}],"history":{"statistic":{"failed":1,"broken":2,"skipped":18,"passed":7,"unknown":0,"total":28},"items":[{"uid":"d2fd0926ed227c84","reportUrl":"https://Vlad1kek.github.io/Firefly_III_Test_Automation/117//#testresult/d2fd0926ed227c84","status":"passed","time":{"start":1721729029951,"stop":1721729031856,"duration":1905}},{"uid":"fb40f3aeb93a59f7","reportUrl":"https://Vlad1kek.github.io/Firefly_III_Test_Automation/116//#testresult/fb40f3aeb93a59f7","status":"broken","statusDetails":"element click intercepted: Element <span class=\"fa fa-fw fa-pencil\"></span> is not clickable at point (341, 295). Other element would receive the click: <div class=\"introjs-overlay\" style=\"top: 0;bottom: 0; left: 0;right: 0;position: fixed;opacity: 0.8;\"></div>\n  (Session info: chrome=126.0.6478.126)\nBuild info: version: '4.22.0', revision: 'c5f3146703*'\nSystem info: os.name: 'Linux', os.arch: 'amd64', os.version: '6.5.0-1023-azure', java.version: '17.0.12'\nDriver info: org.openqa.selenium.chrome.ChromeDriver\nCommand: [1609cd554f4664cd37980e7ddb2efd04, clickElement {id=f.8925CB3533EBC1E512DD75C5F8D51766.d.A1CEF802A23AD591F59C25A81E06F20D.e.183}]\nCapabilities {acceptInsecureCerts: false, browserName: chrome, browserVersion: 126.0.6478.126, chrome: {chromedriverVersion: 126.0.6478.182 (5b5d8292ddf..., userDataDir: /tmp/.org.chromium.Chromium...}, fedcm:accounts: true, goog:chromeOptions: {debuggerAddress: localhost:44107}, networkConnectionEnabled: false, pageLoadStrategy: normal, platformName: linux, proxy: Proxy(), se:cdp: ws://localhost:44107/devtoo..., se:cdpVersion: 126.0.6478.126, setWindowRect: true, strictFileInteractability: false, timeouts: {implicit: 0, pageLoad: 300000, script: 30000}, unhandledPromptBehavior: dismiss and notify, webauthn:extension:credBlob: true, webauthn:extension:largeBlob: true, webauthn:extension:minPinLength: true, webauthn:extension:prf: true, webauthn:virtualAuthenticators: true}\nElement: [[ChromeDriver: chrome on linux (1609cd554f4664cd37980e7ddb2efd04)] -> xpath: //tr[@data-name='NewTestBills22']/td[2]/div/a[1]/span]\nSession ID: 1609cd554f4664cd37980e7ddb2efd04","time":{"start":1721728001904,"stop":1721728004358,"duration":2454}},{"uid":"394b1512c2e115ea","reportUrl":"https://Vlad1kek.github.io/Firefly_III_Test_Automation/115//#testresult/394b1512c2e115ea","status":"broken","statusDetails":"element click intercepted: Element <a href=\"http://localhost/bills/edit/6\" class=\"btn btn-default btn-xs\">...</a> is not clickable at point (341, 295). Other element would receive the click: <div class=\"introjs-overlay\" style=\"top: 0;bottom: 0; left: 0;right: 0;position: fixed;opacity: 0.8;\"></div>\n  (Session info: chrome=126.0.6478.126)\nBuild info: version: '4.22.0', revision: 'c5f3146703*'\nSystem info: os.name: 'Linux', os.arch: 'amd64', os.version: '6.5.0-1023-azure', java.version: '17.0.12'\nDriver info: org.openqa.selenium.chrome.ChromeDriver\nCommand: [af436bfc8854b55c5dfc8f2350306b13, clickElement {id=f.C97EB6203957194B198C82AC0BFB8810.d.8536B4334F39D9854047B674D9762B7D.e.184}]\nCapabilities {acceptInsecureCerts: false, browserName: chrome, browserVersion: 126.0.6478.126, chrome: {chromedriverVersion: 126.0.6478.182 (5b5d8292ddf..., userDataDir: /tmp/.org.chromium.Chromium...}, fedcm:accounts: true, goog:chromeOptions: {debuggerAddress: localhost:41973}, networkConnectionEnabled: false, pageLoadStrategy: normal, platformName: linux, proxy: Proxy(), se:cdp: ws://localhost:41973/devtoo..., se:cdpVersion: 126.0.6478.126, setWindowRect: true, strictFileInteractability: false, timeouts: {implicit: 0, pageLoad: 300000, script: 30000}, unhandledPromptBehavior: dismiss and notify, webauthn:extension:credBlob: true, webauthn:extension:largeBlob: true, webauthn:extension:minPinLength: true, webauthn:extension:prf: true, webauthn:virtualAuthenticators: true}\nElement: [[ChromeDriver: chrome on linux (af436bfc8854b55c5dfc8f2350306b13)] -> xpath: //tr[@data-name='NewTestBills22']/td[2]/div/a[1]]\nSession ID: af436bfc8854b55c5dfc8f2350306b13","time":{"start":1721690769147,"stop":1721690771589,"duration":2442}},{"uid":"d86b1a0564af4937","reportUrl":"https://Vlad1kek.github.io/Firefly_III_Test_Automation/114//#testresult/d86b1a0564af4937","status":"skipped","statusDetails":"java.lang.RuntimeException: Something went wrong while clearing data 404","time":{"start":1721689680820,"stop":1721689680820,"duration":0}},{"uid":"96752731756ee4fc","reportUrl":"https://Vlad1kek.github.io/Firefly_III_Test_Automation/113//#testresult/96752731756ee4fc","status":"skipped","statusDetails":"java.net.UnknownHostException: app","time":{"start":1721670613373,"stop":1721670613373,"duration":0}},{"uid":"7e593145cbeee31c","reportUrl":"https://Vlad1kek.github.io/Firefly_III_Test_Automation/112//#testresult/7e593145cbeee31c","status":"skipped","statusDetails":"java.lang.RuntimeException: Something went wrong while clearing data io.restassured.internal.ValidatableResponseImpl@69fc5803","time":{"start":1721669970234,"stop":1721669970234,"duration":0}},{"uid":"179697eb53aa4985","reportUrl":"https://Vlad1kek.github.io/Firefly_III_Test_Automation/111//#testresult/179697eb53aa4985","status":"skipped","statusDetails":"java.lang.RuntimeException: Something went wrong while clearing dataio.restassured.internal.ValidatableResponseImpl@3c0b9643","time":{"start":1721669033087,"stop":1721669033088,"duration":1}},{"uid":"d9cd4abf5d2836b2","reportUrl":"https://Vlad1kek.github.io/Firefly_III_Test_Automation/110//#testresult/d9cd4abf5d2836b2","status":"skipped","statusDetails":"java.lang.RuntimeException: Something went wrong while clearing dataio.restassured.internal.ValidatableResponseImpl@28b36817","time":{"start":1721668614909,"stop":1721668614910,"duration":1}},{"uid":"8b06412c672e90d5","reportUrl":"https://Vlad1kek.github.io/Firefly_III_Test_Automation/109//#testresult/8b06412c672e90d5","status":"skipped","statusDetails":"java.lang.RuntimeException: Something went wrong while clearing dataio.restassured.internal.ValidatableResponseImpl@5a349644","time":{"start":1721667385188,"stop":1721667385188,"duration":0}},{"uid":"6b69ef6f74ff66b7","reportUrl":"https://Vlad1kek.github.io/Firefly_III_Test_Automation/109//#testresult/6b69ef6f74ff66b7","status":"skipped","statusDetails":"java.lang.RuntimeException: Something went wrong while clearing dataio.restassured.internal.ValidatableResponseImpl@46ebd87a","time":{"start":1721666693792,"stop":1721666693792,"duration":0}},{"uid":"ae6e8dcf952cdcf0","reportUrl":"https://Vlad1kek.github.io/Firefly_III_Test_Automation/108//#testresult/ae6e8dcf952cdcf0","status":"skipped","statusDetails":"java.lang.RuntimeException: Authorization does not work with token:","time":{"start":1721601637036,"stop":1721601637036,"duration":0}},{"uid":"3e9293ccc7cfd84c","reportUrl":"https://Vlad1kek.github.io/Firefly_III_Test_Automation/107//#testresult/3e9293ccc7cfd84c","status":"skipped","statusDetails":"java.lang.RuntimeException: Authorization does not work with token:","time":{"start":1721600923634,"stop":1721600923634,"duration":0}},{"uid":"f1ebfd8895526e73","reportUrl":"https://Vlad1kek.github.io/Firefly_III_Test_Automation/106//#testresult/f1ebfd8895526e73","status":"skipped","statusDetails":"java.lang.RuntimeException: Authorization does not work with token:","time":{"start":1721599102880,"stop":1721599102881,"duration":1}},{"uid":"85b59c24685bbef7","reportUrl":"https://Vlad1kek.github.io/Firefly_III_Test_Automation/105//#testresult/85b59c24685bbef7","status":"skipped","statusDetails":"java.lang.RuntimeException: Authorization does not work with token:","time":{"start":1721598071581,"stop":1721598071581,"duration":0}},{"uid":"32d1fd6b175f59e7","reportUrl":"https://Vlad1kek.github.io/Firefly_III_Test_Automation/104//#testresult/32d1fd6b175f59e7","status":"skipped","statusDetails":"java.lang.RuntimeException: Authorization does not work with token:","time":{"start":1721596041465,"stop":1721596041465,"duration":0}},{"uid":"40b15762bfb6ceba","reportUrl":"https://Vlad1kek.github.io/Firefly_III_Test_Automation/103//#testresult/40b15762bfb6ceba","status":"skipped","statusDetails":"java.lang.RuntimeException: Authorization does not work with token:null","time":{"start":1721594892571,"stop":1721594892571,"duration":0}},{"uid":"c02eec6a5150dc03","reportUrl":"https://Vlad1kek.github.io/Firefly_III_Test_Automation/102//#testresult/c02eec6a5150dc03","status":"passed","time":{"start":1721421934763,"stop":1721421938574,"duration":3811}},{"uid":"116f1f9d4dec4b2e","reportUrl":"https://Vlad1kek.github.io/Firefly_III_Test_Automation/101//#testresult/116f1f9d4dec4b2e","status":"skipped","statusDetails":"java.lang.NullPointerException: Cannot invoke \"com.fasterxml.jackson.databind.JsonNode.iterator()\" because \"dataNode\" is null","time":{"start":1721420876077,"stop":1721420876078,"duration":1}},{"uid":"58aa7ccdfda3ac49","reportUrl":"https://Vlad1kek.github.io/Firefly_III_Test_Automation/100//#testresult/58aa7ccdfda3ac49","status":"skipped","statusDetails":"no such element: Unable to locate element: {\"method\":\"xpath\",\"selector\":\"//button[@type='token']\"}\n  (Session info: chrome=126.0.6478.126)\nFor documentation on this error, please visit: https://www.selenium.dev/documentation/webdriver/troubleshooting/errors#no-such-element-exception\nBuild info: version: '4.22.0', revision: 'c5f3146703*'\nSystem info: os.name: 'Linux', os.arch: 'amd64', os.version: '6.5.0-1023-azure', java.version: '17.0.12'\nDriver info: org.openqa.selenium.chrome.ChromeDriver\nCommand: [aae378c80a675714c507d171dcf48031, findElement {value=//button[@type='token'], using=xpath}]\nCapabilities {acceptInsecureCerts: false, browserName: chrome, browserVersion: 126.0.6478.126, chrome: {chromedriverVersion: 126.0.6478.182 (5b5d8292ddf..., userDataDir: /tmp/.org.chromium.Chromium...}, fedcm:accounts: true, goog:chromeOptions: {debuggerAddress: localhost:41767}, networkConnectionEnabled: false, pageLoadStrategy: normal, platformName: linux, proxy: Proxy(), se:cdp: ws://localhost:41767/devtoo..., se:cdpVersion: 126.0.6478.126, setWindowRect: true, strictFileInteractability: false, timeouts: {implicit: 0, pageLoad: 300000, script: 30000}, unhandledPromptBehavior: dismiss and notify, webauthn:extension:credBlob: true, webauthn:extension:largeBlob: true, webauthn:extension:minPinLength: true, webauthn:extension:prf: true, webauthn:virtualAuthenticators: true}\nSession ID: aae378c80a675714c507d171dcf48031","time":{"start":1721420222545,"stop":1721420222545,"duration":0}},{"uid":"8cda23faae82efc1","reportUrl":"https://Vlad1kek.github.io/Firefly_III_Test_Automation/99//#testresult/8cda23faae82efc1","status":"skipped","statusDetails":"no such element: Unable to locate element: {\"method\":\"xpath\",\"selector\":\"//button[@type='test@gmail.com']\"}\n  (Session info: chrome=126.0.6478.126)\nFor documentation on this error, please visit: https://www.selenium.dev/documentation/webdriver/troubleshooting/errors#no-such-element-exception\nBuild info: version: '4.22.0', revision: 'c5f3146703*'\nSystem info: os.name: 'Linux', os.arch: 'amd64', os.version: '6.5.0-1023-azure', java.version: '17.0.12'\nDriver info: org.openqa.selenium.chrome.ChromeDriver\nCommand: [06198bd36ebf00142ea395724b8ae7a2, findElement {using=xpath, value=//button[@type='test@gmail.com']}]\nCapabilities {acceptInsecureCerts: false, browserName: chrome, browserVersion: 126.0.6478.126, chrome: {chromedriverVersion: 126.0.6478.182 (5b5d8292ddf..., userDataDir: /tmp/.org.chromium.Chromium...}, fedcm:accounts: true, goog:chromeOptions: {debuggerAddress: localhost:44273}, networkConnectionEnabled: false, pageLoadStrategy: normal, platformName: linux, proxy: Proxy(), se:cdp: ws://localhost:44273/devtoo..., se:cdpVersion: 126.0.6478.126, setWindowRect: true, strictFileInteractability: false, timeouts: {implicit: 0, pageLoad: 300000, script: 30000}, unhandledPromptBehavior: dismiss and notify, webauthn:extension:credBlob: true, webauthn:extension:largeBlob: true, webauthn:extension:minPinLength: true, webauthn:extension:prf: true, webauthn:virtualAuthenticators: true}\nSession ID: 06198bd36ebf00142ea395724b8ae7a2","time":{"start":1721418200903,"stop":1721418200903,"duration":0}}]},"tags":[]},"source":"4bb642d9d587e9b7.json","parameterValues":[]}