{"uid":"65114f88902c2e91","name":"testSetBillToRepeatYearlyAndCheckNextExpectedMatch","fullName":"test.BillsTest.testSetBillToRepeatYearlyAndCheckNextExpectedMatch","historyId":"13bab9a23e2898d797540746b1e11d25","time":{"start":1724365656737,"stop":1724365658631,"duration":1894},"status":"failed","statusMessage":"Lists differ at element [0]: August 22nd, 2024 != August 23rd, 2024 expected [August 22nd, 2024] but found [August 23rd, 2024]","statusTrace":"java.lang.AssertionError: Lists differ at element [0]: August 22nd, 2024 != August 23rd, 2024 expected [August 22nd, 2024] but found [August 23rd, 2024]\n\tat org.testng.Assert.fail(Assert.java:111)\n\tat org.testng.Assert.failNotEquals(Assert.java:1578)\n\tat org.testng.Assert.assertEqualsImpl(Assert.java:150)\n\tat org.testng.Assert.assertEquals(Assert.java:1644)\n\tat org.testng.Assert.assertEquals(Assert.java:1606)\n\tat test.BillsTest.testSetBillToRepeatYearlyAndCheckNextExpectedMatch(BillsTest.java:97)\n\tat java.base/jdk.internal.reflect.NativeMethodAccessorImpl.invoke0(Native Method)\n\tat java.base/jdk.internal.reflect.NativeMethodAccessorImpl.invoke(NativeMethodAccessorImpl.java:77)\n\tat java.base/jdk.internal.reflect.DelegatingMethodAccessorImpl.invoke(DelegatingMethodAccessorImpl.java:43)\n\tat java.base/java.lang.reflect.Method.invoke(Method.java:569)\n\tat org.testng.internal.invokers.MethodInvocationHelper.invokeMethod(MethodInvocationHelper.java:141)\n\tat org.testng.internal.invokers.TestInvoker.invokeMethod(TestInvoker.java:686)\n\tat org.testng.internal.invokers.TestInvoker.invokeTestMethod(TestInvoker.java:230)\n\tat org.testng.internal.invokers.MethodRunner.runInSequence(MethodRunner.java:63)\n\tat org.testng.internal.invokers.TestInvoker$MethodInvocationAgent.invoke(TestInvoker.java:992)\n\tat org.testng.internal.invokers.TestInvoker.invokeTestMethods(TestInvoker.java:203)\n\tat org.testng.internal.invokers.TestMethodWorker.invokeTestMethods(TestMethodWorker.java:154)\n\tat org.testng.internal.invokers.TestMethodWorker.run(TestMethodWorker.java:134)\n\tat java.base/java.util.ArrayList.forEach(ArrayList.java:1511)\n\tat org.testng.TestRunner.privateRun(TestRunner.java:739)\n\tat org.testng.TestRunner.run(TestRunner.java:614)\n\tat org.testng.SuiteRunner.runTest(SuiteRunner.java:421)\n\tat org.testng.SuiteRunner.runSequentially(SuiteRunner.java:413)\n\tat org.testng.SuiteRunner.privateRun(SuiteRunner.java:373)\n\tat org.testng.SuiteRunner.run(SuiteRunner.java:312)\n\tat org.testng.SuiteRunnerWorker.runSuite(SuiteRunnerWorker.java:52)\n\tat org.testng.SuiteRunnerWorker.run(SuiteRunnerWorker.java:95)\n\tat org.testng.TestNG.runSuitesSequentially(TestNG.java:1274)\n\tat org.testng.TestNG.runSuitesLocally(TestNG.java:1208)\n\tat org.testng.TestNG.runSuites(TestNG.java:1112)\n\tat org.testng.TestNG.run(TestNG.java:1079)\n\tat org.apache.maven.surefire.testng.TestNGExecutor.run(TestNGExecutor.java:155)\n\tat org.apache.maven.surefire.testng.TestNGDirectoryTestSuite.executeMulti(TestNGDirectoryTestSuite.java:169)\n\tat org.apache.maven.surefire.testng.TestNGDirectoryTestSuite.execute(TestNGDirectoryTestSuite.java:88)\n\tat org.apache.maven.surefire.testng.TestNGProvider.invoke(TestNGProvider.java:137)\n\tat org.apache.maven.surefire.booter.ForkedBooter.runSuitesInProcess(ForkedBooter.java:385)\n\tat org.apache.maven.surefire.booter.ForkedBooter.execute(ForkedBooter.java:162)\n\tat org.apache.maven.surefire.booter.ForkedBooter.run(ForkedBooter.java:507)\n\tat org.apache.maven.surefire.booter.ForkedBooter.main(ForkedBooter.java:495)\n","flaky":false,"newFailed":true,"newBroken":false,"newPassed":false,"retriesCount":0,"retriesStatusChange":false,"beforeStages":[{"name":"beforeMethod","time":{"start":1724365655941,"stop":1724365656735,"duration":794},"description":"","status":"passed","steps":[],"attachments":[],"parameters":[],"shouldDisplayMessage":false,"stepsCount":0,"attachmentsCount":0,"hasContent":false}],"testStage":{"status":"failed","statusMessage":"Lists differ at element [0]: August 22nd, 2024 != August 23rd, 2024 expected [August 22nd, 2024] but found [August 23rd, 2024]","statusTrace":"java.lang.AssertionError: Lists differ at element [0]: August 22nd, 2024 != August 23rd, 2024 expected [August 22nd, 2024] but found [August 23rd, 2024]\n\tat org.testng.Assert.fail(Assert.java:111)\n\tat org.testng.Assert.failNotEquals(Assert.java:1578)\n\tat org.testng.Assert.assertEqualsImpl(Assert.java:150)\n\tat org.testng.Assert.assertEquals(Assert.java:1644)\n\tat org.testng.Assert.assertEquals(Assert.java:1606)\n\tat test.BillsTest.testSetBillToRepeatYearlyAndCheckNextExpectedMatch(BillsTest.java:97)\n\tat java.base/jdk.internal.reflect.NativeMethodAccessorImpl.invoke0(Native Method)\n\tat java.base/jdk.internal.reflect.NativeMethodAccessorImpl.invoke(NativeMethodAccessorImpl.java:77)\n\tat java.base/jdk.internal.reflect.DelegatingMethodAccessorImpl.invoke(DelegatingMethodAccessorImpl.java:43)\n\tat java.base/java.lang.reflect.Method.invoke(Method.java:569)\n\tat org.testng.internal.invokers.MethodInvocationHelper.invokeMethod(MethodInvocationHelper.java:141)\n\tat org.testng.internal.invokers.TestInvoker.invokeMethod(TestInvoker.java:686)\n\tat org.testng.internal.invokers.TestInvoker.invokeTestMethod(TestInvoker.java:230)\n\tat org.testng.internal.invokers.MethodRunner.runInSequence(MethodRunner.java:63)\n\tat org.testng.internal.invokers.TestInvoker$MethodInvocationAgent.invoke(TestInvoker.java:992)\n\tat org.testng.internal.invokers.TestInvoker.invokeTestMethods(TestInvoker.java:203)\n\tat org.testng.internal.invokers.TestMethodWorker.invokeTestMethods(TestMethodWorker.java:154)\n\tat org.testng.internal.invokers.TestMethodWorker.run(TestMethodWorker.java:134)\n\tat java.base/java.util.ArrayList.forEach(ArrayList.java:1511)\n\tat org.testng.TestRunner.privateRun(TestRunner.java:739)\n\tat org.testng.TestRunner.run(TestRunner.java:614)\n\tat org.testng.SuiteRunner.runTest(SuiteRunner.java:421)\n\tat org.testng.SuiteRunner.runSequentially(SuiteRunner.java:413)\n\tat org.testng.SuiteRunner.privateRun(SuiteRunner.java:373)\n\tat org.testng.SuiteRunner.run(SuiteRunner.java:312)\n\tat org.testng.SuiteRunnerWorker.runSuite(SuiteRunnerWorker.java:52)\n\tat org.testng.SuiteRunnerWorker.run(SuiteRunnerWorker.java:95)\n\tat org.testng.TestNG.runSuitesSequentially(TestNG.java:1274)\n\tat org.testng.TestNG.runSuitesLocally(TestNG.java:1208)\n\tat org.testng.TestNG.runSuites(TestNG.java:1112)\n\tat org.testng.TestNG.run(TestNG.java:1079)\n\tat org.apache.maven.surefire.testng.TestNGExecutor.run(TestNGExecutor.java:155)\n\tat org.apache.maven.surefire.testng.TestNGDirectoryTestSuite.executeMulti(TestNGDirectoryTestSuite.java:169)\n\tat org.apache.maven.surefire.testng.TestNGDirectoryTestSuite.execute(TestNGDirectoryTestSuite.java:88)\n\tat org.apache.maven.surefire.testng.TestNGProvider.invoke(TestNGProvider.java:137)\n\tat org.apache.maven.surefire.booter.ForkedBooter.runSuitesInProcess(ForkedBooter.java:385)\n\tat org.apache.maven.surefire.booter.ForkedBooter.execute(ForkedBooter.java:162)\n\tat org.apache.maven.surefire.booter.ForkedBooter.run(ForkedBooter.java:507)\n\tat org.apache.maven.surefire.booter.ForkedBooter.main(ForkedBooter.java:495)\n","steps":[{"name":"Create the Bill: 'NewTestBills22' and set minAmount=300, maxAmount=500","time":{"start":1724365656738,"stop":1724365657894,"duration":1156},"status":"passed","steps":[],"attachments":[],"parameters":[{"name":"baseTest","value":"test.BillsTest@71560f51"},{"name":"name","value":"NewTestBills22"},{"name":"minAmount","value":"300"},{"name":"maxAmount","value":"500"},{"name":"goToHomePage","value":"true"}],"shouldDisplayMessage":false,"stepsCount":0,"attachmentsCount":0,"hasContent":true}],"attachments":[],"parameters":[],"shouldDisplayMessage":true,"stepsCount":1,"attachmentsCount":0,"hasContent":true},"afterStages":[{"name":"afterMethod","time":{"start":1724365658636,"stop":1724365659424,"duration":788},"description":"","status":"passed","steps":[],"attachments":[{"uid":"4ee79219a0c10596","name":"screenshot.png","source":"4ee79219a0c10596.png","type":"image/png","size":72718}],"parameters":[],"shouldDisplayMessage":false,"stepsCount":0,"attachmentsCount":1,"hasContent":true}],"labels":[{"name":"package","value":"test.BillsTest"},{"name":"testClass","value":"test.BillsTest"},{"name":"testMethod","value":"testSetBillToRepeatYearlyAndCheckNextExpectedMatch"},{"name":"parentSuite","value":"Surefire suite"},{"name":"suite","value":"Surefire test"},{"name":"subSuite","value":"test.BillsTest"},{"name":"host","value":"fv-az698-94"},{"name":"thread","value":"2954@fv-az698-94.main(1)"},{"name":"framework","value":"testng"},{"name":"language","value":"java"},{"name":"epic","value":"Bill"},{"name":"resultFormat","value":"allure2"}],"parameters":[],"links":[],"hidden":false,"retry":false,"extra":{"severity":"normal","retries":[],"categories":[{"name":"Product defects","matchedStatuses":[],"flaky":false}],"history":{"statistic":{"failed":1,"broken":2,"skipped":18,"passed":7,"unknown":0,"total":28},"items":[{"uid":"fe0b0a678d56034c","reportUrl":"https://Vlad1kek.github.io/Firefly_III_Test_Automation/117//#testresult/fe0b0a678d56034c","status":"passed","time":{"start":1721729041411,"stop":1721729043363,"duration":1952}},{"uid":"b906662e8922cdd2","reportUrl":"https://Vlad1kek.github.io/Firefly_III_Test_Automation/116//#testresult/b906662e8922cdd2","status":"broken","statusDetails":"element click intercepted: Element <span class=\"fa fa-fw fa-pencil\"></span> is not clickable at point (341, 295). Other element would receive the click: <div class=\"introjs-overlay\" style=\"top: 0;bottom: 0; left: 0;right: 0;position: fixed;opacity: 0.8;\"></div>\n  (Session info: chrome=126.0.6478.126)\nBuild info: version: '4.22.0', revision: 'c5f3146703*'\nSystem info: os.name: 'Linux', os.arch: 'amd64', os.version: '6.5.0-1023-azure', java.version: '17.0.12'\nDriver info: org.openqa.selenium.chrome.ChromeDriver\nCommand: [4f3175d8ff28eebe0de63422b24c410c, clickElement {id=f.08E508F14663D248236FA18B5136FC3A.d.0B1B6FFFF8FE04C73E4772C7134F7594.e.183}]\nCapabilities {acceptInsecureCerts: false, browserName: chrome, browserVersion: 126.0.6478.126, chrome: {chromedriverVersion: 126.0.6478.182 (5b5d8292ddf..., userDataDir: /tmp/.org.chromium.Chromium...}, fedcm:accounts: true, goog:chromeOptions: {debuggerAddress: localhost:45307}, networkConnectionEnabled: false, pageLoadStrategy: normal, platformName: linux, proxy: Proxy(), se:cdp: ws://localhost:45307/devtoo..., se:cdpVersion: 126.0.6478.126, setWindowRect: true, strictFileInteractability: false, timeouts: {implicit: 0, pageLoad: 300000, script: 30000}, unhandledPromptBehavior: dismiss and notify, webauthn:extension:credBlob: true, webauthn:extension:largeBlob: true, webauthn:extension:minPinLength: true, webauthn:extension:prf: true, webauthn:virtualAuthenticators: true}\nElement: [[ChromeDriver: chrome on linux (4f3175d8ff28eebe0de63422b24c410c)] -> xpath: //tr[@data-name='NewTestBills22']/td[2]/div/a[1]/span]\nSession ID: 4f3175d8ff28eebe0de63422b24c410c","time":{"start":1721728014100,"stop":1721728016519,"duration":2419}},{"uid":"2e6207fcd03aab3d","reportUrl":"https://Vlad1kek.github.io/Firefly_III_Test_Automation/115//#testresult/2e6207fcd03aab3d","status":"broken","statusDetails":"element click intercepted: Element <a href=\"http://localhost/bills/edit/9\" class=\"btn btn-default btn-xs\">...</a> is not clickable at point (341, 295). Other element would receive the click: <div class=\"introjs-overlay\" style=\"top: 0;bottom: 0; left: 0;right: 0;position: fixed;opacity: 0.8;\"></div>\n  (Session info: chrome=126.0.6478.126)\nBuild info: version: '4.22.0', revision: 'c5f3146703*'\nSystem info: os.name: 'Linux', os.arch: 'amd64', os.version: '6.5.0-1023-azure', java.version: '17.0.12'\nDriver info: org.openqa.selenium.chrome.ChromeDriver\nCommand: [1eac5e914d40187ee3935f27b70549bb, clickElement {id=f.81EFF158654ADFCFAB3DE789F3238C49.d.BA63CC3B1D572EE13D48B9BFAD78BE2A.e.184}]\nCapabilities {acceptInsecureCerts: false, browserName: chrome, browserVersion: 126.0.6478.126, chrome: {chromedriverVersion: 126.0.6478.182 (5b5d8292ddf..., userDataDir: /tmp/.org.chromium.Chromium...}, fedcm:accounts: true, goog:chromeOptions: {debuggerAddress: localhost:39759}, networkConnectionEnabled: false, pageLoadStrategy: normal, platformName: linux, proxy: Proxy(), se:cdp: ws://localhost:39759/devtoo..., se:cdpVersion: 126.0.6478.126, setWindowRect: true, strictFileInteractability: false, timeouts: {implicit: 0, pageLoad: 300000, script: 30000}, unhandledPromptBehavior: dismiss and notify, webauthn:extension:credBlob: true, webauthn:extension:largeBlob: true, webauthn:extension:minPinLength: true, webauthn:extension:prf: true, webauthn:virtualAuthenticators: true}\nElement: [[ChromeDriver: chrome on linux (1eac5e914d40187ee3935f27b70549bb)] -> xpath: //tr[@data-name='NewTestBills22']/td[2]/div/a[1]]\nSession ID: 1eac5e914d40187ee3935f27b70549bb","time":{"start":1721690781284,"stop":1721690783701,"duration":2417}},{"uid":"562e89e6a8ddb92c","reportUrl":"https://Vlad1kek.github.io/Firefly_III_Test_Automation/114//#testresult/562e89e6a8ddb92c","status":"skipped","statusDetails":"java.lang.RuntimeException: Something went wrong while clearing data 404","time":{"start":1721689680834,"stop":1721689680834,"duration":0}},{"uid":"a878ddf69ad66560","reportUrl":"https://Vlad1kek.github.io/Firefly_III_Test_Automation/113//#testresult/a878ddf69ad66560","status":"skipped","statusDetails":"java.net.UnknownHostException: app","time":{"start":1721670613388,"stop":1721670613388,"duration":0}},{"uid":"68ec2a6b3627a83b","reportUrl":"https://Vlad1kek.github.io/Firefly_III_Test_Automation/112//#testresult/68ec2a6b3627a83b","status":"skipped","statusDetails":"java.lang.RuntimeException: Something went wrong while clearing data io.restassured.internal.ValidatableResponseImpl@69fc5803","time":{"start":1721669970249,"stop":1721669970249,"duration":0}},{"uid":"7972db7251bdb696","reportUrl":"https://Vlad1kek.github.io/Firefly_III_Test_Automation/111//#testresult/7972db7251bdb696","status":"skipped","statusDetails":"java.lang.RuntimeException: Something went wrong while clearing dataio.restassured.internal.ValidatableResponseImpl@3c0b9643","time":{"start":1721669033104,"stop":1721669033104,"duration":0}},{"uid":"88cee2a70c2ebfcc","reportUrl":"https://Vlad1kek.github.io/Firefly_III_Test_Automation/110//#testresult/88cee2a70c2ebfcc","status":"skipped","statusDetails":"java.lang.RuntimeException: Something went wrong while clearing dataio.restassured.internal.ValidatableResponseImpl@28b36817","time":{"start":1721668614938,"stop":1721668614939,"duration":1}},{"uid":"229a96392f7465f0","reportUrl":"https://Vlad1kek.github.io/Firefly_III_Test_Automation/109//#testresult/229a96392f7465f0","status":"skipped","statusDetails":"java.lang.RuntimeException: Something went wrong while clearing dataio.restassured.internal.ValidatableResponseImpl@5a349644","time":{"start":1721667385202,"stop":1721667385202,"duration":0}},{"uid":"f035befc4121f06f","reportUrl":"https://Vlad1kek.github.io/Firefly_III_Test_Automation/109//#testresult/f035befc4121f06f","status":"skipped","statusDetails":"java.lang.RuntimeException: Something went wrong while clearing dataio.restassured.internal.ValidatableResponseImpl@46ebd87a","time":{"start":1721666693805,"stop":1721666693805,"duration":0}},{"uid":"4904e8ccafb2b22e","reportUrl":"https://Vlad1kek.github.io/Firefly_III_Test_Automation/108//#testresult/4904e8ccafb2b22e","status":"skipped","statusDetails":"java.lang.RuntimeException: Authorization does not work with token:","time":{"start":1721601637051,"stop":1721601637051,"duration":0}},{"uid":"5b62821311b5c7f","reportUrl":"https://Vlad1kek.github.io/Firefly_III_Test_Automation/107//#testresult/5b62821311b5c7f","status":"skipped","statusDetails":"java.lang.RuntimeException: Authorization does not work with token:","time":{"start":1721600923652,"stop":1721600923652,"duration":0}},{"uid":"fb04dc62e13c1f4","reportUrl":"https://Vlad1kek.github.io/Firefly_III_Test_Automation/106//#testresult/fb04dc62e13c1f4","status":"skipped","statusDetails":"java.lang.RuntimeException: Authorization does not work with token:","time":{"start":1721599102899,"stop":1721599102899,"duration":0}},{"uid":"c00d62b63457241b","reportUrl":"https://Vlad1kek.github.io/Firefly_III_Test_Automation/105//#testresult/c00d62b63457241b","status":"skipped","statusDetails":"java.lang.RuntimeException: Authorization does not work with token:","time":{"start":1721598071614,"stop":1721598071615,"duration":1}},{"uid":"30866dad658d62f4","reportUrl":"https://Vlad1kek.github.io/Firefly_III_Test_Automation/104//#testresult/30866dad658d62f4","status":"skipped","statusDetails":"java.lang.RuntimeException: Authorization does not work with token:","time":{"start":1721596041479,"stop":1721596041479,"duration":0}},{"uid":"e2f990c9c9ead088","reportUrl":"https://Vlad1kek.github.io/Firefly_III_Test_Automation/103//#testresult/e2f990c9c9ead088","status":"skipped","statusDetails":"java.lang.RuntimeException: Authorization does not work with token:null","time":{"start":1721594892586,"stop":1721594892587,"duration":1}},{"uid":"797ac2b6b3ff5bb7","reportUrl":"https://Vlad1kek.github.io/Firefly_III_Test_Automation/102//#testresult/797ac2b6b3ff5bb7","status":"passed","time":{"start":1721421950606,"stop":1721421954342,"duration":3736}},{"uid":"463d5ac97eb9832b","reportUrl":"https://Vlad1kek.github.io/Firefly_III_Test_Automation/101//#testresult/463d5ac97eb9832b","status":"skipped","statusDetails":"java.lang.NullPointerException: Cannot invoke \"com.fasterxml.jackson.databind.JsonNode.iterator()\" because \"dataNode\" is null","time":{"start":1721420876091,"stop":1721420876091,"duration":0}},{"uid":"51c1755cdf4c0866","reportUrl":"https://Vlad1kek.github.io/Firefly_III_Test_Automation/100//#testresult/51c1755cdf4c0866","status":"skipped","statusDetails":"no such element: Unable to locate element: {\"method\":\"xpath\",\"selector\":\"//button[@type='token']\"}\n  (Session info: chrome=126.0.6478.126)\nFor documentation on this error, please visit: https://www.selenium.dev/documentation/webdriver/troubleshooting/errors#no-such-element-exception\nBuild info: version: '4.22.0', revision: 'c5f3146703*'\nSystem info: os.name: 'Linux', os.arch: 'amd64', os.version: '6.5.0-1023-azure', java.version: '17.0.12'\nDriver info: org.openqa.selenium.chrome.ChromeDriver\nCommand: [aae378c80a675714c507d171dcf48031, findElement {value=//button[@type='token'], using=xpath}]\nCapabilities {acceptInsecureCerts: false, browserName: chrome, browserVersion: 126.0.6478.126, chrome: {chromedriverVersion: 126.0.6478.182 (5b5d8292ddf..., userDataDir: /tmp/.org.chromium.Chromium...}, fedcm:accounts: true, goog:chromeOptions: {debuggerAddress: localhost:41767}, networkConnectionEnabled: false, pageLoadStrategy: normal, platformName: linux, proxy: Proxy(), se:cdp: ws://localhost:41767/devtoo..., se:cdpVersion: 126.0.6478.126, setWindowRect: true, strictFileInteractability: false, timeouts: {implicit: 0, pageLoad: 300000, script: 30000}, unhandledPromptBehavior: dismiss and notify, webauthn:extension:credBlob: true, webauthn:extension:largeBlob: true, webauthn:extension:minPinLength: true, webauthn:extension:prf: true, webauthn:virtualAuthenticators: true}\nSession ID: aae378c80a675714c507d171dcf48031","time":{"start":1721420222566,"stop":1721420222566,"duration":0}},{"uid":"c80d16238856b550","reportUrl":"https://Vlad1kek.github.io/Firefly_III_Test_Automation/99//#testresult/c80d16238856b550","status":"skipped","statusDetails":"no such element: Unable to locate element: {\"method\":\"xpath\",\"selector\":\"//button[@type='test@gmail.com']\"}\n  (Session info: chrome=126.0.6478.126)\nFor documentation on this error, please visit: https://www.selenium.dev/documentation/webdriver/troubleshooting/errors#no-such-element-exception\nBuild info: version: '4.22.0', revision: 'c5f3146703*'\nSystem info: os.name: 'Linux', os.arch: 'amd64', os.version: '6.5.0-1023-azure', java.version: '17.0.12'\nDriver info: org.openqa.selenium.chrome.ChromeDriver\nCommand: [06198bd36ebf00142ea395724b8ae7a2, findElement {using=xpath, value=//button[@type='test@gmail.com']}]\nCapabilities {acceptInsecureCerts: false, browserName: chrome, browserVersion: 126.0.6478.126, chrome: {chromedriverVersion: 126.0.6478.182 (5b5d8292ddf..., userDataDir: /tmp/.org.chromium.Chromium...}, fedcm:accounts: true, goog:chromeOptions: {debuggerAddress: localhost:44273}, networkConnectionEnabled: false, pageLoadStrategy: normal, platformName: linux, proxy: Proxy(), se:cdp: ws://localhost:44273/devtoo..., se:cdpVersion: 126.0.6478.126, setWindowRect: true, strictFileInteractability: false, timeouts: {implicit: 0, pageLoad: 300000, script: 30000}, unhandledPromptBehavior: dismiss and notify, webauthn:extension:credBlob: true, webauthn:extension:largeBlob: true, webauthn:extension:minPinLength: true, webauthn:extension:prf: true, webauthn:virtualAuthenticators: true}\nSession ID: 06198bd36ebf00142ea395724b8ae7a2","time":{"start":1721418200921,"stop":1721418200922,"duration":1}}]},"tags":[]},"source":"65114f88902c2e91.json","parameterValues":[]}