{"uid":"8def298cdd04550c","name":"testSetBillToRepeatDailyAndCheckNextExpectedMatch","fullName":"test.BillsTest.testSetBillToRepeatDailyAndCheckNextExpectedMatch","historyId":"c5ad4fc642043402820947bf0d24a9ba","time":{"start":1724365636160,"stop":1724365637991,"duration":1831},"status":"failed","statusMessage":"Lists differ at element [0]: August 22nd, 2024\nAugust 23rd, 2024\nAugust 24th, 2024\nAugust 25th, 2024\nAugust 26th, 2024\nAugust 27th, 2024\nAugust 28th, 2024\nAugust 29th, 2024\nAugust 30th, 2024\nAugust 31st, 2024 != August 23rd, 2024\nAugust 24th, 2024\nAugust 25th, 2024\nAugust 26th, 2024\nAugust 27th, 2024\nAugust 28th, 2024\nAugust 29th, 2024\nAugust 30th, 2024\nAugust 31st, 2024 expected [August 22nd, 2024\nAugust 23rd, 2024\nAugust 24th, 2024\nAugust 25th, 2024\nAugust 26th, 2024\nAugust 27th, 2024\nAugust 28th, 2024\nAugust 29th, 2024\nAugust 30th, 2024\nAugust 31st, 2024] but found [August 23rd, 2024\nAugust 24th, 2024\nAugust 25th, 2024\nAugust 26th, 2024\nAugust 27th, 2024\nAugust 28th, 2024\nAugust 29th, 2024\nAugust 30th, 2024\nAugust 31st, 2024]","statusTrace":"java.lang.AssertionError: Lists differ at element [0]: August 22nd, 2024\nAugust 23rd, 2024\nAugust 24th, 2024\nAugust 25th, 2024\nAugust 26th, 2024\nAugust 27th, 2024\nAugust 28th, 2024\nAugust 29th, 2024\nAugust 30th, 2024\nAugust 31st, 2024 != August 23rd, 2024\nAugust 24th, 2024\nAugust 25th, 2024\nAugust 26th, 2024\nAugust 27th, 2024\nAugust 28th, 2024\nAugust 29th, 2024\nAugust 30th, 2024\nAugust 31st, 2024 expected [August 22nd, 2024\nAugust 23rd, 2024\nAugust 24th, 2024\nAugust 25th, 2024\nAugust 26th, 2024\nAugust 27th, 2024\nAugust 28th, 2024\nAugust 29th, 2024\nAugust 30th, 2024\nAugust 31st, 2024] but found [August 23rd, 2024\nAugust 24th, 2024\nAugust 25th, 2024\nAugust 26th, 2024\nAugust 27th, 2024\nAugust 28th, 2024\nAugust 29th, 2024\nAugust 30th, 2024\nAugust 31st, 2024]\n\tat org.testng.Assert.fail(Assert.java:111)\n\tat org.testng.Assert.failNotEquals(Assert.java:1578)\n\tat org.testng.Assert.assertEqualsImpl(Assert.java:150)\n\tat org.testng.Assert.assertEquals(Assert.java:1644)\n\tat org.testng.Assert.assertEquals(Assert.java:1606)\n\tat test.BillsTest.testSetBillToRepeatDailyAndCheckNextExpectedMatch(BillsTest.java:81)\n\tat java.base/jdk.internal.reflect.NativeMethodAccessorImpl.invoke0(Native Method)\n\tat java.base/jdk.internal.reflect.NativeMethodAccessorImpl.invoke(NativeMethodAccessorImpl.java:77)\n\tat java.base/jdk.internal.reflect.DelegatingMethodAccessorImpl.invoke(DelegatingMethodAccessorImpl.java:43)\n\tat java.base/java.lang.reflect.Method.invoke(Method.java:569)\n\tat org.testng.internal.invokers.MethodInvocationHelper.invokeMethod(MethodInvocationHelper.java:141)\n\tat org.testng.internal.invokers.TestInvoker.invokeMethod(TestInvoker.java:686)\n\tat org.testng.internal.invokers.TestInvoker.invokeTestMethod(TestInvoker.java:230)\n\tat org.testng.internal.invokers.MethodRunner.runInSequence(MethodRunner.java:63)\n\tat org.testng.internal.invokers.TestInvoker$MethodInvocationAgent.invoke(TestInvoker.java:992)\n\tat org.testng.internal.invokers.TestInvoker.invokeTestMethods(TestInvoker.java:203)\n\tat org.testng.internal.invokers.TestMethodWorker.invokeTestMethods(TestMethodWorker.java:154)\n\tat org.testng.internal.invokers.TestMethodWorker.run(TestMethodWorker.java:134)\n\tat java.base/java.util.ArrayList.forEach(ArrayList.java:1511)\n\tat org.testng.TestRunner.privateRun(TestRunner.java:739)\n\tat org.testng.TestRunner.run(TestRunner.java:614)\n\tat org.testng.SuiteRunner.runTest(SuiteRunner.java:421)\n\tat org.testng.SuiteRunner.runSequentially(SuiteRunner.java:413)\n\tat org.testng.SuiteRunner.privateRun(SuiteRunner.java:373)\n\tat org.testng.SuiteRunner.run(SuiteRunner.java:312)\n\tat org.testng.SuiteRunnerWorker.runSuite(SuiteRunnerWorker.java:52)\n\tat org.testng.SuiteRunnerWorker.run(SuiteRunnerWorker.java:95)\n\tat org.testng.TestNG.runSuitesSequentially(TestNG.java:1274)\n\tat org.testng.TestNG.runSuitesLocally(TestNG.java:1208)\n\tat org.testng.TestNG.runSuites(TestNG.java:1112)\n\tat org.testng.TestNG.run(TestNG.java:1079)\n\tat org.apache.maven.surefire.testng.TestNGExecutor.run(TestNGExecutor.java:155)\n\tat org.apache.maven.surefire.testng.TestNGDirectoryTestSuite.executeMulti(TestNGDirectoryTestSuite.java:169)\n\tat org.apache.maven.surefire.testng.TestNGDirectoryTestSuite.execute(TestNGDirectoryTestSuite.java:88)\n\tat org.apache.maven.surefire.testng.TestNGProvider.invoke(TestNGProvider.java:137)\n\tat org.apache.maven.surefire.booter.ForkedBooter.runSuitesInProcess(ForkedBooter.java:385)\n\tat org.apache.maven.surefire.booter.ForkedBooter.execute(ForkedBooter.java:162)\n\tat org.apache.maven.surefire.booter.ForkedBooter.run(ForkedBooter.java:507)\n\tat org.apache.maven.surefire.booter.ForkedBooter.main(ForkedBooter.java:495)\n","flaky":false,"newFailed":true,"newBroken":false,"newPassed":false,"retriesCount":0,"retriesStatusChange":false,"beforeStages":[{"name":"beforeMethod","time":{"start":1724365635169,"stop":1724365636158,"duration":989},"description":"","status":"passed","steps":[],"attachments":[],"parameters":[],"shouldDisplayMessage":false,"stepsCount":0,"attachmentsCount":0,"hasContent":false}],"testStage":{"status":"failed","statusMessage":"Lists differ at element [0]: August 22nd, 2024\nAugust 23rd, 2024\nAugust 24th, 2024\nAugust 25th, 2024\nAugust 26th, 2024\nAugust 27th, 2024\nAugust 28th, 2024\nAugust 29th, 2024\nAugust 30th, 2024\nAugust 31st, 2024 != August 23rd, 2024\nAugust 24th, 2024\nAugust 25th, 2024\nAugust 26th, 2024\nAugust 27th, 2024\nAugust 28th, 2024\nAugust 29th, 2024\nAugust 30th, 2024\nAugust 31st, 2024 expected [August 22nd, 2024\nAugust 23rd, 2024\nAugust 24th, 2024\nAugust 25th, 2024\nAugust 26th, 2024\nAugust 27th, 2024\nAugust 28th, 2024\nAugust 29th, 2024\nAugust 30th, 2024\nAugust 31st, 2024] but found [August 23rd, 2024\nAugust 24th, 2024\nAugust 25th, 2024\nAugust 26th, 2024\nAugust 27th, 2024\nAugust 28th, 2024\nAugust 29th, 2024\nAugust 30th, 2024\nAugust 31st, 2024]","statusTrace":"java.lang.AssertionError: Lists differ at element [0]: August 22nd, 2024\nAugust 23rd, 2024\nAugust 24th, 2024\nAugust 25th, 2024\nAugust 26th, 2024\nAugust 27th, 2024\nAugust 28th, 2024\nAugust 29th, 2024\nAugust 30th, 2024\nAugust 31st, 2024 != August 23rd, 2024\nAugust 24th, 2024\nAugust 25th, 2024\nAugust 26th, 2024\nAugust 27th, 2024\nAugust 28th, 2024\nAugust 29th, 2024\nAugust 30th, 2024\nAugust 31st, 2024 expected [August 22nd, 2024\nAugust 23rd, 2024\nAugust 24th, 2024\nAugust 25th, 2024\nAugust 26th, 2024\nAugust 27th, 2024\nAugust 28th, 2024\nAugust 29th, 2024\nAugust 30th, 2024\nAugust 31st, 2024] but found [August 23rd, 2024\nAugust 24th, 2024\nAugust 25th, 2024\nAugust 26th, 2024\nAugust 27th, 2024\nAugust 28th, 2024\nAugust 29th, 2024\nAugust 30th, 2024\nAugust 31st, 2024]\n\tat org.testng.Assert.fail(Assert.java:111)\n\tat org.testng.Assert.failNotEquals(Assert.java:1578)\n\tat org.testng.Assert.assertEqualsImpl(Assert.java:150)\n\tat org.testng.Assert.assertEquals(Assert.java:1644)\n\tat org.testng.Assert.assertEquals(Assert.java:1606)\n\tat test.BillsTest.testSetBillToRepeatDailyAndCheckNextExpectedMatch(BillsTest.java:81)\n\tat java.base/jdk.internal.reflect.NativeMethodAccessorImpl.invoke0(Native Method)\n\tat java.base/jdk.internal.reflect.NativeMethodAccessorImpl.invoke(NativeMethodAccessorImpl.java:77)\n\tat java.base/jdk.internal.reflect.DelegatingMethodAccessorImpl.invoke(DelegatingMethodAccessorImpl.java:43)\n\tat java.base/java.lang.reflect.Method.invoke(Method.java:569)\n\tat org.testng.internal.invokers.MethodInvocationHelper.invokeMethod(MethodInvocationHelper.java:141)\n\tat org.testng.internal.invokers.TestInvoker.invokeMethod(TestInvoker.java:686)\n\tat org.testng.internal.invokers.TestInvoker.invokeTestMethod(TestInvoker.java:230)\n\tat org.testng.internal.invokers.MethodRunner.runInSequence(MethodRunner.java:63)\n\tat org.testng.internal.invokers.TestInvoker$MethodInvocationAgent.invoke(TestInvoker.java:992)\n\tat org.testng.internal.invokers.TestInvoker.invokeTestMethods(TestInvoker.java:203)\n\tat org.testng.internal.invokers.TestMethodWorker.invokeTestMethods(TestMethodWorker.java:154)\n\tat org.testng.internal.invokers.TestMethodWorker.run(TestMethodWorker.java:134)\n\tat java.base/java.util.ArrayList.forEach(ArrayList.java:1511)\n\tat org.testng.TestRunner.privateRun(TestRunner.java:739)\n\tat org.testng.TestRunner.run(TestRunner.java:614)\n\tat org.testng.SuiteRunner.runTest(SuiteRunner.java:421)\n\tat org.testng.SuiteRunner.runSequentially(SuiteRunner.java:413)\n\tat org.testng.SuiteRunner.privateRun(SuiteRunner.java:373)\n\tat org.testng.SuiteRunner.run(SuiteRunner.java:312)\n\tat org.testng.SuiteRunnerWorker.runSuite(SuiteRunnerWorker.java:52)\n\tat org.testng.SuiteRunnerWorker.run(SuiteRunnerWorker.java:95)\n\tat org.testng.TestNG.runSuitesSequentially(TestNG.java:1274)\n\tat org.testng.TestNG.runSuitesLocally(TestNG.java:1208)\n\tat org.testng.TestNG.runSuites(TestNG.java:1112)\n\tat org.testng.TestNG.run(TestNG.java:1079)\n\tat org.apache.maven.surefire.testng.TestNGExecutor.run(TestNGExecutor.java:155)\n\tat org.apache.maven.surefire.testng.TestNGDirectoryTestSuite.executeMulti(TestNGDirectoryTestSuite.java:169)\n\tat org.apache.maven.surefire.testng.TestNGDirectoryTestSuite.execute(TestNGDirectoryTestSuite.java:88)\n\tat org.apache.maven.surefire.testng.TestNGProvider.invoke(TestNGProvider.java:137)\n\tat org.apache.maven.surefire.booter.ForkedBooter.runSuitesInProcess(ForkedBooter.java:385)\n\tat org.apache.maven.surefire.booter.ForkedBooter.execute(ForkedBooter.java:162)\n\tat org.apache.maven.surefire.booter.ForkedBooter.run(ForkedBooter.java:507)\n\tat org.apache.maven.surefire.booter.ForkedBooter.main(ForkedBooter.java:495)\n","steps":[{"name":"Create the Bill: 'NewTestBills22' and set minAmount=300, maxAmount=500","time":{"start":1724365636181,"stop":1724365637230,"duration":1049},"status":"passed","steps":[],"attachments":[],"parameters":[{"name":"baseTest","value":"test.BillsTest@71560f51"},{"name":"name","value":"NewTestBills22"},{"name":"minAmount","value":"300"},{"name":"maxAmount","value":"500"},{"name":"goToHomePage","value":"true"}],"shouldDisplayMessage":false,"stepsCount":0,"attachmentsCount":0,"hasContent":true}],"attachments":[],"parameters":[],"shouldDisplayMessage":true,"stepsCount":1,"attachmentsCount":0,"hasContent":true},"afterStages":[{"name":"afterMethod","time":{"start":1724365637994,"stop":1724365638761,"duration":767},"description":"","status":"passed","steps":[],"attachments":[{"uid":"d671471fccf996cd","name":"screenshot.png","source":"d671471fccf996cd.png","type":"image/png","size":87623}],"parameters":[],"shouldDisplayMessage":false,"stepsCount":0,"attachmentsCount":1,"hasContent":true}],"labels":[{"name":"package","value":"test.BillsTest"},{"name":"testClass","value":"test.BillsTest"},{"name":"testMethod","value":"testSetBillToRepeatDailyAndCheckNextExpectedMatch"},{"name":"parentSuite","value":"Surefire suite"},{"name":"suite","value":"Surefire test"},{"name":"subSuite","value":"test.BillsTest"},{"name":"host","value":"fv-az698-94"},{"name":"thread","value":"2954@fv-az698-94.main(1)"},{"name":"framework","value":"testng"},{"name":"language","value":"java"},{"name":"epic","value":"Bill"},{"name":"resultFormat","value":"allure2"}],"parameters":[],"links":[],"hidden":false,"retry":false,"extra":{"severity":"normal","retries":[],"categories":[{"name":"Product defects","matchedStatuses":[],"flaky":false}],"history":{"statistic":{"failed":1,"broken":2,"skipped":18,"passed":7,"unknown":0,"total":28},"items":[{"uid":"ae88d62caf7fc288","reportUrl":"https://Vlad1kek.github.io/Firefly_III_Test_Automation/117//#testresult/ae88d62caf7fc288","status":"passed","time":{"start":1721729019290,"stop":1721729021224,"duration":1934}},{"uid":"89958bac284b5b9d","reportUrl":"https://Vlad1kek.github.io/Firefly_III_Test_Automation/116//#testresult/89958bac284b5b9d","status":"broken","statusDetails":"element click intercepted: Element <span class=\"fa fa-fw fa-pencil\"></span> is not clickable at point (341, 295). Other element would receive the click: <div class=\"introjs-overlay\" style=\"top: 0;bottom: 0; left: 0;right: 0;position: fixed;opacity: 0.8;\"></div>\n  (Session info: chrome=126.0.6478.126)\nBuild info: version: '4.22.0', revision: 'c5f3146703*'\nSystem info: os.name: 'Linux', os.arch: 'amd64', os.version: '6.5.0-1023-azure', java.version: '17.0.12'\nDriver info: org.openqa.selenium.chrome.ChromeDriver\nCommand: [a07705193872b13b52d9db2361fc4c0c, clickElement {id=f.EA05FFFD625A4FCE3C98077CFC941FC1.d.F7F1626990D4384C6ECB68B5AC331FF9.e.184}]\nCapabilities {acceptInsecureCerts: false, browserName: chrome, browserVersion: 126.0.6478.126, chrome: {chromedriverVersion: 126.0.6478.182 (5b5d8292ddf..., userDataDir: /tmp/.org.chromium.Chromium...}, fedcm:accounts: true, goog:chromeOptions: {debuggerAddress: localhost:43779}, networkConnectionEnabled: false, pageLoadStrategy: normal, platformName: linux, proxy: Proxy(), se:cdp: ws://localhost:43779/devtoo..., se:cdpVersion: 126.0.6478.126, setWindowRect: true, strictFileInteractability: false, timeouts: {implicit: 0, pageLoad: 300000, script: 30000}, unhandledPromptBehavior: dismiss and notify, webauthn:extension:credBlob: true, webauthn:extension:largeBlob: true, webauthn:extension:minPinLength: true, webauthn:extension:prf: true, webauthn:virtualAuthenticators: true}\nElement: [[ChromeDriver: chrome on linux (a07705193872b13b52d9db2361fc4c0c)] -> xpath: //tr[@data-name='NewTestBills22']/td[2]/div/a[1]/span]\nSession ID: a07705193872b13b52d9db2361fc4c0c","time":{"start":1721727989526,"stop":1721727992034,"duration":2508}},{"uid":"68edbd4a940d1c92","reportUrl":"https://Vlad1kek.github.io/Firefly_III_Test_Automation/115//#testresult/68edbd4a940d1c92","status":"broken","statusDetails":"element click intercepted: Element <a href=\"http://localhost/bills/edit/3\" class=\"btn btn-default btn-xs\">...</a> is not clickable at point (341, 295). Other element would receive the click: <div class=\"introjs-overlay\" style=\"top: 0;bottom: 0; left: 0;right: 0;position: fixed;opacity: 0.8;\"></div>\n  (Session info: chrome=126.0.6478.126)\nBuild info: version: '4.22.0', revision: 'c5f3146703*'\nSystem info: os.name: 'Linux', os.arch: 'amd64', os.version: '6.5.0-1023-azure', java.version: '17.0.12'\nDriver info: org.openqa.selenium.chrome.ChromeDriver\nCommand: [7955e3810aca9163d81dbcbd1e79cac4, clickElement {id=f.4DB5ABEA81439EC024678F5800B306ED.d.55EABDAD770DD508057E9283ED6E6F02.e.185}]\nCapabilities {acceptInsecureCerts: false, browserName: chrome, browserVersion: 126.0.6478.126, chrome: {chromedriverVersion: 126.0.6478.182 (5b5d8292ddf..., userDataDir: /tmp/.org.chromium.Chromium...}, fedcm:accounts: true, goog:chromeOptions: {debuggerAddress: localhost:45055}, networkConnectionEnabled: false, pageLoadStrategy: normal, platformName: linux, proxy: Proxy(), se:cdp: ws://localhost:45055/devtoo..., se:cdpVersion: 126.0.6478.126, setWindowRect: true, strictFileInteractability: false, timeouts: {implicit: 0, pageLoad: 300000, script: 30000}, unhandledPromptBehavior: dismiss and notify, webauthn:extension:credBlob: true, webauthn:extension:largeBlob: true, webauthn:extension:minPinLength: true, webauthn:extension:prf: true, webauthn:virtualAuthenticators: true}\nElement: [[ChromeDriver: chrome on linux (7955e3810aca9163d81dbcbd1e79cac4)] -> xpath: //tr[@data-name='NewTestBills22']/td[2]/div/a[1]]\nSession ID: 7955e3810aca9163d81dbcbd1e79cac4","time":{"start":1721690756995,"stop":1721690759462,"duration":2467}},{"uid":"aee6e9af3876c95c","reportUrl":"https://Vlad1kek.github.io/Firefly_III_Test_Automation/114//#testresult/aee6e9af3876c95c","status":"skipped","statusDetails":"java.lang.RuntimeException: Something went wrong while clearing data 404","time":{"start":1721689680808,"stop":1721689680808,"duration":0}},{"uid":"76edef07dc7474f9","reportUrl":"https://Vlad1kek.github.io/Firefly_III_Test_Automation/113//#testresult/76edef07dc7474f9","status":"skipped","statusDetails":"java.net.UnknownHostException: app","time":{"start":1721670613360,"stop":1721670613360,"duration":0}},{"uid":"b26377ceafcd53bb","reportUrl":"https://Vlad1kek.github.io/Firefly_III_Test_Automation/112//#testresult/b26377ceafcd53bb","status":"skipped","statusDetails":"java.lang.RuntimeException: Something went wrong while clearing data io.restassured.internal.ValidatableResponseImpl@69fc5803","time":{"start":1721669970223,"stop":1721669970223,"duration":0}},{"uid":"aed603c04a779f52","reportUrl":"https://Vlad1kek.github.io/Firefly_III_Test_Automation/111//#testresult/aed603c04a779f52","status":"skipped","statusDetails":"java.lang.RuntimeException: Something went wrong while clearing dataio.restassured.internal.ValidatableResponseImpl@3c0b9643","time":{"start":1721669033075,"stop":1721669033075,"duration":0}},{"uid":"d6dbef293db01512","reportUrl":"https://Vlad1kek.github.io/Firefly_III_Test_Automation/110//#testresult/d6dbef293db01512","status":"skipped","statusDetails":"java.lang.RuntimeException: Something went wrong while clearing dataio.restassured.internal.ValidatableResponseImpl@28b36817","time":{"start":1721668614896,"stop":1721668614897,"duration":1}},{"uid":"435e5ed6823c81af","reportUrl":"https://Vlad1kek.github.io/Firefly_III_Test_Automation/109//#testresult/435e5ed6823c81af","status":"skipped","statusDetails":"java.lang.RuntimeException: Something went wrong while clearing dataio.restassured.internal.ValidatableResponseImpl@5a349644","time":{"start":1721667385176,"stop":1721667385176,"duration":0}},{"uid":"1b6d69c8ebb8efd9","reportUrl":"https://Vlad1kek.github.io/Firefly_III_Test_Automation/109//#testresult/1b6d69c8ebb8efd9","status":"skipped","statusDetails":"java.lang.RuntimeException: Something went wrong while clearing dataio.restassured.internal.ValidatableResponseImpl@46ebd87a","time":{"start":1721666693781,"stop":1721666693781,"duration":0}},{"uid":"bf7f2501cbffb522","reportUrl":"https://Vlad1kek.github.io/Firefly_III_Test_Automation/108//#testresult/bf7f2501cbffb522","status":"skipped","statusDetails":"java.lang.RuntimeException: Authorization does not work with token:","time":{"start":1721601637024,"stop":1721601637025,"duration":1}},{"uid":"1d05f3af9dd3758c","reportUrl":"https://Vlad1kek.github.io/Firefly_III_Test_Automation/107//#testresult/1d05f3af9dd3758c","status":"skipped","statusDetails":"java.lang.RuntimeException: Authorization does not work with token:","time":{"start":1721600923621,"stop":1721600923621,"duration":0}},{"uid":"1cf941404bd8cc7e","reportUrl":"https://Vlad1kek.github.io/Firefly_III_Test_Automation/106//#testresult/1cf941404bd8cc7e","status":"skipped","statusDetails":"java.lang.RuntimeException: Authorization does not work with token:","time":{"start":1721599102863,"stop":1721599102864,"duration":1}},{"uid":"5d189a42f3636e52","reportUrl":"https://Vlad1kek.github.io/Firefly_III_Test_Automation/105//#testresult/5d189a42f3636e52","status":"skipped","statusDetails":"java.lang.RuntimeException: Authorization does not work with token:","time":{"start":1721598071548,"stop":1721598071549,"duration":1}},{"uid":"69eeceee94eb6d6e","reportUrl":"https://Vlad1kek.github.io/Firefly_III_Test_Automation/104//#testresult/69eeceee94eb6d6e","status":"skipped","statusDetails":"java.lang.RuntimeException: Authorization does not work with token:","time":{"start":1721596041452,"stop":1721596041452,"duration":0}},{"uid":"64ea5c152b62951f","reportUrl":"https://Vlad1kek.github.io/Firefly_III_Test_Automation/103//#testresult/64ea5c152b62951f","status":"skipped","statusDetails":"java.lang.RuntimeException: Authorization does not work with token:null","time":{"start":1721594892558,"stop":1721594892559,"duration":1}},{"uid":"dc9fb16ceca609b","reportUrl":"https://Vlad1kek.github.io/Firefly_III_Test_Automation/102//#testresult/dc9fb16ceca609b","status":"passed","time":{"start":1721421918915,"stop":1721421922716,"duration":3801}},{"uid":"bef43926863e20fe","reportUrl":"https://Vlad1kek.github.io/Firefly_III_Test_Automation/101//#testresult/bef43926863e20fe","status":"skipped","statusDetails":"java.lang.NullPointerException: Cannot invoke \"com.fasterxml.jackson.databind.JsonNode.iterator()\" because \"dataNode\" is null","time":{"start":1721420876065,"stop":1721420876066,"duration":1}},{"uid":"48afd8b242d6ef63","reportUrl":"https://Vlad1kek.github.io/Firefly_III_Test_Automation/100//#testresult/48afd8b242d6ef63","status":"skipped","statusDetails":"no such element: Unable to locate element: {\"method\":\"xpath\",\"selector\":\"//button[@type='token']\"}\n  (Session info: chrome=126.0.6478.126)\nFor documentation on this error, please visit: https://www.selenium.dev/documentation/webdriver/troubleshooting/errors#no-such-element-exception\nBuild info: version: '4.22.0', revision: 'c5f3146703*'\nSystem info: os.name: 'Linux', os.arch: 'amd64', os.version: '6.5.0-1023-azure', java.version: '17.0.12'\nDriver info: org.openqa.selenium.chrome.ChromeDriver\nCommand: [aae378c80a675714c507d171dcf48031, findElement {value=//button[@type='token'], using=xpath}]\nCapabilities {acceptInsecureCerts: false, browserName: chrome, browserVersion: 126.0.6478.126, chrome: {chromedriverVersion: 126.0.6478.182 (5b5d8292ddf..., userDataDir: /tmp/.org.chromium.Chromium...}, fedcm:accounts: true, goog:chromeOptions: {debuggerAddress: localhost:41767}, networkConnectionEnabled: false, pageLoadStrategy: normal, platformName: linux, proxy: Proxy(), se:cdp: ws://localhost:41767/devtoo..., se:cdpVersion: 126.0.6478.126, setWindowRect: true, strictFileInteractability: false, timeouts: {implicit: 0, pageLoad: 300000, script: 30000}, unhandledPromptBehavior: dismiss and notify, webauthn:extension:credBlob: true, webauthn:extension:largeBlob: true, webauthn:extension:minPinLength: true, webauthn:extension:prf: true, webauthn:virtualAuthenticators: true}\nSession ID: aae378c80a675714c507d171dcf48031","time":{"start":1721420222529,"stop":1721420222529,"duration":0}},{"uid":"8a1fa3f64b42e8d8","reportUrl":"https://Vlad1kek.github.io/Firefly_III_Test_Automation/99//#testresult/8a1fa3f64b42e8d8","status":"skipped","statusDetails":"no such element: Unable to locate element: {\"method\":\"xpath\",\"selector\":\"//button[@type='test@gmail.com']\"}\n  (Session info: chrome=126.0.6478.126)\nFor documentation on this error, please visit: https://www.selenium.dev/documentation/webdriver/troubleshooting/errors#no-such-element-exception\nBuild info: version: '4.22.0', revision: 'c5f3146703*'\nSystem info: os.name: 'Linux', os.arch: 'amd64', os.version: '6.5.0-1023-azure', java.version: '17.0.12'\nDriver info: org.openqa.selenium.chrome.ChromeDriver\nCommand: [06198bd36ebf00142ea395724b8ae7a2, findElement {using=xpath, value=//button[@type='test@gmail.com']}]\nCapabilities {acceptInsecureCerts: false, browserName: chrome, browserVersion: 126.0.6478.126, chrome: {chromedriverVersion: 126.0.6478.182 (5b5d8292ddf..., userDataDir: /tmp/.org.chromium.Chromium...}, fedcm:accounts: true, goog:chromeOptions: {debuggerAddress: localhost:44273}, networkConnectionEnabled: false, pageLoadStrategy: normal, platformName: linux, proxy: Proxy(), se:cdp: ws://localhost:44273/devtoo..., se:cdpVersion: 126.0.6478.126, setWindowRect: true, strictFileInteractability: false, timeouts: {implicit: 0, pageLoad: 300000, script: 30000}, unhandledPromptBehavior: dismiss and notify, webauthn:extension:credBlob: true, webauthn:extension:largeBlob: true, webauthn:extension:minPinLength: true, webauthn:extension:prf: true, webauthn:virtualAuthenticators: true}\nSession ID: 06198bd36ebf00142ea395724b8ae7a2","time":{"start":1721418200889,"stop":1721418200890,"duration":1}}]},"tags":[]},"source":"8def298cdd04550c.json","parameterValues":[]}