{"uid":"fedd6e071f1842a9","name":"testRegistrationWithMissingPassword","fullName":"test.RegisterAccountTest.testRegistrationWithMissingPassword","historyId":"5429ab5246672b72c74d5ed7d5e3a29","time":{"start":1725529638965,"stop":1725529639286,"duration":321},"description":"TC_01.001.04 Validate Registration with Missing Password","descriptionHtml":"<p>TC_01.001.04 Validate Registration with Missing Password</p>\n","status":"passed","flaky":false,"newFailed":false,"newBroken":false,"newPassed":false,"retriesCount":0,"retriesStatusChange":false,"beforeStages":[{"name":"beforeMethod","time":{"start":1725529638452,"stop":1725529638963,"duration":511},"description":"","status":"passed","steps":[],"attachments":[],"parameters":[],"shouldDisplayMessage":false,"stepsCount":0,"attachmentsCount":0,"hasContent":false}],"testStage":{"description":"TC_01.001.04 Validate Registration with Missing Password","status":"passed","steps":[{"name":"Enter email address in the email field","time":{"start":1725529638966,"stop":1725529639064,"duration":98},"status":"passed","steps":[],"attachments":[],"parameters":[{"name":"email","value":"marion.grimes@example.com"}],"shouldDisplayMessage":false,"stepsCount":0,"attachmentsCount":0,"hasContent":true},{"name":"Enter a password in the password(again) field","time":{"start":1725529639064,"stop":1725529639143,"duration":79},"status":"passed","steps":[],"attachments":[],"parameters":[{"name":"password","value":"4S*umj$HLkCu!*j123"}],"shouldDisplayMessage":false,"stepsCount":0,"attachmentsCount":0,"hasContent":true},{"name":"Click on the submit button","time":{"start":1725529639144,"stop":1725529639263,"duration":119},"status":"passed","steps":[],"attachments":[],"parameters":[{"name":"page","value":"page.login.RegisterAccountPage@20ac726c"}],"shouldDisplayMessage":false,"stepsCount":0,"attachmentsCount":0,"hasContent":true},{"name":"The registration fails, and an error message is displayed 'Error! There were some problems with your input.\n\nThe password field is required.' indicating that the password field is required","time":{"start":1725529639286,"stop":1725529639286,"duration":0},"status":"passed","steps":[],"attachments":[],"parameters":[],"shouldDisplayMessage":false,"stepsCount":0,"attachmentsCount":0,"hasContent":false}],"attachments":[],"parameters":[],"shouldDisplayMessage":false,"stepsCount":4,"attachmentsCount":0,"hasContent":true},"afterStages":[{"name":"afterMethod","time":{"start":1725529639288,"stop":1725529639364,"duration":76},"description":"","status":"passed","steps":[],"attachments":[],"parameters":[],"shouldDisplayMessage":false,"stepsCount":0,"attachmentsCount":0,"hasContent":false}],"labels":[{"name":"package","value":"test.RegisterAccountTest"},{"name":"testClass","value":"test.RegisterAccountTest"},{"name":"testMethod","value":"testRegistrationWithMissingPassword"},{"name":"parentSuite","value":"Surefire suite"},{"name":"suite","value":"Surefire test"},{"name":"subSuite","value":"test.RegisterAccountTest"},{"name":"host","value":"fv-az847-349"},{"name":"thread","value":"2958@fv-az847-349.main(1)"},{"name":"framework","value":"testng"},{"name":"language","value":"java"},{"name":"story","value":"US_01.001 Basic Account Registration"},{"name":"epic","value":"Register an Account"},{"name":"severity","value":"blocker"},{"name":"resultFormat","value":"allure2"}],"parameters":[],"links":[],"hidden":false,"retry":false,"extra":{"severity":"blocker","retries":[],"categories":[],"history":{"statistic":{"failed":0,"broken":0,"skipped":3,"passed":3,"unknown":0,"total":6},"items":[{"uid":"815f9d7fdf1afe7f","reportUrl":"https://Vlad1kek.github.io/Firefly_III_Test_Automation/144//#testresult/815f9d7fdf1afe7f","status":"passed","time":{"start":1725461189898,"stop":1725461190237,"duration":339}},{"uid":"a5f0aaa9c1840ed8","reportUrl":"https://Vlad1kek.github.io/Firefly_III_Test_Automation/143//#testresult/a5f0aaa9c1840ed8","status":"skipped","statusDetails":"org.openqa.selenium.TimeoutException: Expected condition failed: waiting for element to be clickable: By.cssSelector: a[class$='introjs-skipbutton'] (tried for 10 second(s) with 500 milliseconds interval)\nBuild info: version: '4.24.0', revision: '748ffc9bc3'\nSystem info: os.name: 'Linux', os.arch: 'amd64', os.version: '6.5.0-1025-azure', java.version: '17.0.12'\nDriver info: org.openqa.selenium.chrome.ChromeDriver\nCapabilities {acceptInsecureCerts: false, browserName: chrome, browserVersion: 128.0.6613.84, chrome: {chromedriverVersion: 128.0.6613.119 (6e439cfca4d..., userDataDir: /tmp/.org.chromium.Chromium...}, fedcm:accounts: true, goog:chromeOptions: {debuggerAddress: localhost:41285}, networkConnectionEnabled: false, pageLoadStrategy: normal, platformName: linux, proxy: Proxy(), se:cdp: ws://localhost:41285/devtoo..., se:cdpVersion: 128.0.6613.84, setWindowRect: true, strictFileInteractability: false, timeouts: {implicit: 0, pageLoad: 300000, script: 30000}, unhandledPromptBehavior: dismiss and notify, webauthn:extension:credBlob: true, webauthn:extension:largeBlob: true, webauthn:extension:minPinLength: true, webauthn:extension:prf: true, webauthn:virtualAuthenticators: true}\nSession ID: d3b70513928d0610a1baec3042783fbf","time":{"start":1725460264795,"stop":1725460264795,"duration":0}},{"uid":"cf485fab8e7f085d","reportUrl":"https://Vlad1kek.github.io/Firefly_III_Test_Automation/142//#testresult/cf485fab8e7f085d","status":"skipped","statusDetails":"org.openqa.selenium.TimeoutException: Expected condition failed: waiting for element to be clickable: By.cssSelector: a[class$='introjs-skipbutton'] (tried for 2 second(s) with 500 milliseconds interval)\nBuild info: version: '4.24.0', revision: '748ffc9bc3'\nSystem info: os.name: 'Linux', os.arch: 'amd64', os.version: '6.5.0-1025-azure', java.version: '17.0.12'\nDriver info: org.openqa.selenium.chrome.ChromeDriver\nCapabilities {acceptInsecureCerts: false, browserName: chrome, browserVersion: 128.0.6613.113, chrome: {chromedriverVersion: 128.0.6613.119 (6e439cfca4d..., userDataDir: /tmp/.org.chromium.Chromium...}, fedcm:accounts: true, goog:chromeOptions: {debuggerAddress: localhost:36313}, networkConnectionEnabled: false, pageLoadStrategy: normal, platformName: linux, proxy: Proxy(), se:cdp: ws://localhost:36313/devtoo..., se:cdpVersion: 128.0.6613.113, setWindowRect: true, strictFileInteractability: false, timeouts: {implicit: 0, pageLoad: 300000, script: 30000}, unhandledPromptBehavior: dismiss and notify, webauthn:extension:credBlob: true, webauthn:extension:largeBlob: true, webauthn:extension:minPinLength: true, webauthn:extension:prf: true, webauthn:virtualAuthenticators: true}\nSession ID: 7ffac75f8b1335f5ff3edc8b8da9cfee","time":{"start":1725459749630,"stop":1725459749630,"duration":0}},{"uid":"a224b60b56cf7c23","reportUrl":"https://Vlad1kek.github.io/Firefly_III_Test_Automation/141//#testresult/a224b60b56cf7c23","status":"skipped","statusDetails":"Cannot invoke \"org.openqa.selenium.support.ui.WebDriverWait.until(java.util.function.Function)\" because \"wait\" is null","time":{"start":1725458251418,"stop":1725458251418,"duration":0}},{"uid":"2721ee040e814b59","reportUrl":"https://Vlad1kek.github.io/Firefly_III_Test_Automation/140//#testresult/2721ee040e814b59","status":"passed","time":{"start":1725443927832,"stop":1725443928147,"duration":315}}]},"tags":[]},"source":"fedd6e071f1842a9.json","parameterValues":[]}