{"uid":"4792257e060d2ca5","name":"testSetBillToRepeatWeeklyAndCheckNextExpectedMatch","fullName":"test.BillsTest.testSetBillToRepeatWeeklyAndCheckNextExpectedMatch","historyId":"a1fafe180c56f1b19ab33f5c4497a7af","time":{"start":1725297431972,"stop":1725297433777,"duration":1805},"status":"failed","statusMessage":"Lists differ at element [0]: September 02nd, 2024\nSeptember 09th, 2024\nSeptember 16th, 2024\nSeptember 23rd, 2024\nSeptember 30th, 2024 != September 2nd, 2024\nSeptember 9th, 2024\nSeptember 16th, 2024\nSeptember 23rd, 2024\nSeptember 30th, 2024 expected [September 02nd, 2024\nSeptember 09th, 2024\nSeptember 16th, 2024\nSeptember 23rd, 2024\nSeptember 30th, 2024] but found [September 2nd, 2024\nSeptember 9th, 2024\nSeptember 16th, 2024\nSeptember 23rd, 2024\nSeptember 30th, 2024]","statusTrace":"java.lang.AssertionError: Lists differ at element [0]: September 02nd, 2024\nSeptember 09th, 2024\nSeptember 16th, 2024\nSeptember 23rd, 2024\nSeptember 30th, 2024 != September 2nd, 2024\nSeptember 9th, 2024\nSeptember 16th, 2024\nSeptember 23rd, 2024\nSeptember 30th, 2024 expected [September 02nd, 2024\nSeptember 09th, 2024\nSeptember 16th, 2024\nSeptember 23rd, 2024\nSeptember 30th, 2024] but found [September 2nd, 2024\nSeptember 9th, 2024\nSeptember 16th, 2024\nSeptember 23rd, 2024\nSeptember 30th, 2024]\n\tat org.testng.Assert.fail(Assert.java:111)\n\tat org.testng.Assert.failNotEquals(Assert.java:1578)\n\tat org.testng.Assert.assertEqualsImpl(Assert.java:150)\n\tat org.testng.Assert.assertEquals(Assert.java:1644)\n\tat org.testng.Assert.assertEquals(Assert.java:1606)\n\tat test.BillsTest.testSetBillToRepeatWeeklyAndCheckNextExpectedMatch(BillsTest.java:66)\n\tat java.base/jdk.internal.reflect.NativeMethodAccessorImpl.invoke0(Native Method)\n\tat java.base/jdk.internal.reflect.NativeMethodAccessorImpl.invoke(NativeMethodAccessorImpl.java:77)\n\tat java.base/jdk.internal.reflect.DelegatingMethodAccessorImpl.invoke(DelegatingMethodAccessorImpl.java:43)\n\tat java.base/java.lang.reflect.Method.invoke(Method.java:569)\n\tat org.testng.internal.invokers.MethodInvocationHelper.invokeMethod(MethodInvocationHelper.java:141)\n\tat org.testng.internal.invokers.TestInvoker.invokeMethod(TestInvoker.java:686)\n\tat org.testng.internal.invokers.TestInvoker.invokeTestMethod(TestInvoker.java:230)\n\tat org.testng.internal.invokers.MethodRunner.runInSequence(MethodRunner.java:63)\n\tat org.testng.internal.invokers.TestInvoker$MethodInvocationAgent.invoke(TestInvoker.java:992)\n\tat org.testng.internal.invokers.TestInvoker.invokeTestMethods(TestInvoker.java:203)\n\tat org.testng.internal.invokers.TestMethodWorker.invokeTestMethods(TestMethodWorker.java:154)\n\tat org.testng.internal.invokers.TestMethodWorker.run(TestMethodWorker.java:134)\n\tat java.base/java.util.ArrayList.forEach(ArrayList.java:1511)\n\tat org.testng.TestRunner.privateRun(TestRunner.java:739)\n\tat org.testng.TestRunner.run(TestRunner.java:614)\n\tat org.testng.SuiteRunner.runTest(SuiteRunner.java:421)\n\tat org.testng.SuiteRunner.runSequentially(SuiteRunner.java:413)\n\tat org.testng.SuiteRunner.privateRun(SuiteRunner.java:373)\n\tat org.testng.SuiteRunner.run(SuiteRunner.java:312)\n\tat org.testng.SuiteRunnerWorker.runSuite(SuiteRunnerWorker.java:52)\n\tat org.testng.SuiteRunnerWorker.run(SuiteRunnerWorker.java:95)\n\tat org.testng.TestNG.runSuitesSequentially(TestNG.java:1274)\n\tat org.testng.TestNG.runSuitesLocally(TestNG.java:1208)\n\tat org.testng.TestNG.runSuites(TestNG.java:1112)\n\tat org.testng.TestNG.run(TestNG.java:1079)\n\tat org.apache.maven.surefire.testng.TestNGExecutor.run(TestNGExecutor.java:155)\n\tat org.apache.maven.surefire.testng.TestNGDirectoryTestSuite.executeMulti(TestNGDirectoryTestSuite.java:169)\n\tat org.apache.maven.surefire.testng.TestNGDirectoryTestSuite.execute(TestNGDirectoryTestSuite.java:88)\n\tat org.apache.maven.surefire.testng.TestNGProvider.invoke(TestNGProvider.java:137)\n\tat org.apache.maven.surefire.booter.ForkedBooter.runSuitesInProcess(ForkedBooter.java:385)\n\tat org.apache.maven.surefire.booter.ForkedBooter.execute(ForkedBooter.java:162)\n\tat org.apache.maven.surefire.booter.ForkedBooter.run(ForkedBooter.java:507)\n\tat org.apache.maven.surefire.booter.ForkedBooter.main(ForkedBooter.java:495)\n","flaky":false,"newFailed":true,"newBroken":false,"newPassed":false,"retriesCount":0,"retriesStatusChange":false,"beforeStages":[{"name":"beforeMethod","time":{"start":1725297430962,"stop":1725297431970,"duration":1008},"description":"","status":"passed","steps":[],"attachments":[],"parameters":[],"shouldDisplayMessage":false,"stepsCount":0,"attachmentsCount":0,"hasContent":false}],"testStage":{"status":"failed","statusMessage":"Lists differ at element [0]: September 02nd, 2024\nSeptember 09th, 2024\nSeptember 16th, 2024\nSeptember 23rd, 2024\nSeptember 30th, 2024 != September 2nd, 2024\nSeptember 9th, 2024\nSeptember 16th, 2024\nSeptember 23rd, 2024\nSeptember 30th, 2024 expected [September 02nd, 2024\nSeptember 09th, 2024\nSeptember 16th, 2024\nSeptember 23rd, 2024\nSeptember 30th, 2024] but found [September 2nd, 2024\nSeptember 9th, 2024\nSeptember 16th, 2024\nSeptember 23rd, 2024\nSeptember 30th, 2024]","statusTrace":"java.lang.AssertionError: Lists differ at element [0]: September 02nd, 2024\nSeptember 09th, 2024\nSeptember 16th, 2024\nSeptember 23rd, 2024\nSeptember 30th, 2024 != September 2nd, 2024\nSeptember 9th, 2024\nSeptember 16th, 2024\nSeptember 23rd, 2024\nSeptember 30th, 2024 expected [September 02nd, 2024\nSeptember 09th, 2024\nSeptember 16th, 2024\nSeptember 23rd, 2024\nSeptember 30th, 2024] but found [September 2nd, 2024\nSeptember 9th, 2024\nSeptember 16th, 2024\nSeptember 23rd, 2024\nSeptember 30th, 2024]\n\tat org.testng.Assert.fail(Assert.java:111)\n\tat org.testng.Assert.failNotEquals(Assert.java:1578)\n\tat org.testng.Assert.assertEqualsImpl(Assert.java:150)\n\tat org.testng.Assert.assertEquals(Assert.java:1644)\n\tat org.testng.Assert.assertEquals(Assert.java:1606)\n\tat test.BillsTest.testSetBillToRepeatWeeklyAndCheckNextExpectedMatch(BillsTest.java:66)\n\tat java.base/jdk.internal.reflect.NativeMethodAccessorImpl.invoke0(Native Method)\n\tat java.base/jdk.internal.reflect.NativeMethodAccessorImpl.invoke(NativeMethodAccessorImpl.java:77)\n\tat java.base/jdk.internal.reflect.DelegatingMethodAccessorImpl.invoke(DelegatingMethodAccessorImpl.java:43)\n\tat java.base/java.lang.reflect.Method.invoke(Method.java:569)\n\tat org.testng.internal.invokers.MethodInvocationHelper.invokeMethod(MethodInvocationHelper.java:141)\n\tat org.testng.internal.invokers.TestInvoker.invokeMethod(TestInvoker.java:686)\n\tat org.testng.internal.invokers.TestInvoker.invokeTestMethod(TestInvoker.java:230)\n\tat org.testng.internal.invokers.MethodRunner.runInSequence(MethodRunner.java:63)\n\tat org.testng.internal.invokers.TestInvoker$MethodInvocationAgent.invoke(TestInvoker.java:992)\n\tat org.testng.internal.invokers.TestInvoker.invokeTestMethods(TestInvoker.java:203)\n\tat org.testng.internal.invokers.TestMethodWorker.invokeTestMethods(TestMethodWorker.java:154)\n\tat org.testng.internal.invokers.TestMethodWorker.run(TestMethodWorker.java:134)\n\tat java.base/java.util.ArrayList.forEach(ArrayList.java:1511)\n\tat org.testng.TestRunner.privateRun(TestRunner.java:739)\n\tat org.testng.TestRunner.run(TestRunner.java:614)\n\tat org.testng.SuiteRunner.runTest(SuiteRunner.java:421)\n\tat org.testng.SuiteRunner.runSequentially(SuiteRunner.java:413)\n\tat org.testng.SuiteRunner.privateRun(SuiteRunner.java:373)\n\tat org.testng.SuiteRunner.run(SuiteRunner.java:312)\n\tat org.testng.SuiteRunnerWorker.runSuite(SuiteRunnerWorker.java:52)\n\tat org.testng.SuiteRunnerWorker.run(SuiteRunnerWorker.java:95)\n\tat org.testng.TestNG.runSuitesSequentially(TestNG.java:1274)\n\tat org.testng.TestNG.runSuitesLocally(TestNG.java:1208)\n\tat org.testng.TestNG.runSuites(TestNG.java:1112)\n\tat org.testng.TestNG.run(TestNG.java:1079)\n\tat org.apache.maven.surefire.testng.TestNGExecutor.run(TestNGExecutor.java:155)\n\tat org.apache.maven.surefire.testng.TestNGDirectoryTestSuite.executeMulti(TestNGDirectoryTestSuite.java:169)\n\tat org.apache.maven.surefire.testng.TestNGDirectoryTestSuite.execute(TestNGDirectoryTestSuite.java:88)\n\tat org.apache.maven.surefire.testng.TestNGProvider.invoke(TestNGProvider.java:137)\n\tat org.apache.maven.surefire.booter.ForkedBooter.runSuitesInProcess(ForkedBooter.java:385)\n\tat org.apache.maven.surefire.booter.ForkedBooter.execute(ForkedBooter.java:162)\n\tat org.apache.maven.surefire.booter.ForkedBooter.run(ForkedBooter.java:507)\n\tat org.apache.maven.surefire.booter.ForkedBooter.main(ForkedBooter.java:495)\n","steps":[{"name":"Create the Bill: 'NewTestBills22' and set minAmount=300, maxAmount=500","time":{"start":1725297431979,"stop":1725297433005,"duration":1026},"status":"passed","steps":[],"attachments":[],"parameters":[{"name":"baseTest","value":"test.BillsTest@5996d6f2"},{"name":"name","value":"NewTestBills22"},{"name":"minAmount","value":"300"},{"name":"maxAmount","value":"500"},{"name":"goToHomePage","value":"true"}],"shouldDisplayMessage":false,"stepsCount":0,"attachmentsCount":0,"hasContent":true},{"name":"Click on Submit button","time":{"start":1725297433561,"stop":1725297433678,"duration":117},"status":"passed","steps":[],"attachments":[],"parameters":[{"name":"page","value":"page.bills.BillsDetailsPage@1ac24c17"}],"shouldDisplayMessage":false,"stepsCount":0,"attachmentsCount":0,"hasContent":true}],"attachments":[],"parameters":[],"shouldDisplayMessage":true,"stepsCount":2,"attachmentsCount":0,"hasContent":true},"afterStages":[{"name":"afterMethod","time":{"start":1725297433779,"stop":1725297434519,"duration":740},"description":"","status":"passed","steps":[],"attachments":[{"uid":"d632ca3acc5bf908","name":"screenshot.png","source":"d632ca3acc5bf908.png","type":"image/png","size":81474}],"parameters":[],"shouldDisplayMessage":false,"stepsCount":0,"attachmentsCount":1,"hasContent":true}],"labels":[{"name":"package","value":"test.BillsTest"},{"name":"testClass","value":"test.BillsTest"},{"name":"testMethod","value":"testSetBillToRepeatWeeklyAndCheckNextExpectedMatch"},{"name":"parentSuite","value":"Surefire suite"},{"name":"suite","value":"Surefire test"},{"name":"subSuite","value":"test.BillsTest"},{"name":"host","value":"fv-az985-830"},{"name":"thread","value":"3008@fv-az985-830.main(1)"},{"name":"framework","value":"testng"},{"name":"language","value":"java"},{"name":"epic","value":"Bill"},{"name":"resultFormat","value":"allure2"}],"parameters":[],"links":[],"hidden":false,"retry":false,"extra":{"severity":"normal","retries":[],"categories":[{"name":"Product defects","matchedStatuses":[],"flaky":false}],"history":{"statistic":{"failed":4,"broken":2,"skipped":18,"passed":20,"unknown":0,"total":44},"items":[{"uid":"1d967731af5674bf","reportUrl":"https://Vlad1kek.github.io/Firefly_III_Test_Automation/130//#testresult/1d967731af5674bf","status":"passed","time":{"start":1725137908710,"stop":1725137910561,"duration":1851}},{"uid":"b452f5992fc00e9b","reportUrl":"https://Vlad1kek.github.io/Firefly_III_Test_Automation/129//#testresult/b452f5992fc00e9b","status":"passed","time":{"start":1725051057396,"stop":1725051059474,"duration":2078}},{"uid":"498ae2ecb3248099","reportUrl":"https://Vlad1kek.github.io/Firefly_III_Test_Automation/128//#testresult/498ae2ecb3248099","status":"passed","time":{"start":1725010269963,"stop":1725010271785,"duration":1822}},{"uid":"ac822654d59358ac","reportUrl":"https://Vlad1kek.github.io/Firefly_III_Test_Automation/127//#testresult/ac822654d59358ac","status":"passed","time":{"start":1725009018495,"stop":1725009020376,"duration":1881}},{"uid":"651d3f50dd364ab6","reportUrl":"https://Vlad1kek.github.io/Firefly_III_Test_Automation/126//#testresult/651d3f50dd364ab6","status":"passed","time":{"start":1724918776911,"stop":1724918778913,"duration":2002}},{"uid":"c22770213bc2b252","reportUrl":"https://Vlad1kek.github.io/Firefly_III_Test_Automation/125//#testresult/c22770213bc2b252","status":"failed","statusDetails":"Lists differ at element [0]: August 28th, 2024 != August 29th, 2024 expected [August 28th, 2024] but found [August 29th, 2024]","time":{"start":1724883334470,"stop":1724883336741,"duration":2271}},{"uid":"c9827c8c4bb5c52d","reportUrl":"https://Vlad1kek.github.io/Firefly_III_Test_Automation/124//#testresult/c9827c8c4bb5c52d","status":"passed","time":{"start":1724792546052,"stop":1724792547874,"duration":1822}},{"uid":"72bed906b7cc1c35","reportUrl":"https://Vlad1kek.github.io/Firefly_III_Test_Automation/123//#testresult/72bed906b7cc1c35","status":"passed","time":{"start":1724753213650,"stop":1724753215460,"duration":1810}},{"uid":"1bb3c172c1a925e","reportUrl":"https://Vlad1kek.github.io/Firefly_III_Test_Automation/122//#testresult/1bb3c172c1a925e","status":"passed","time":{"start":1724752250879,"stop":1724752252936,"duration":2057}},{"uid":"e9f49e769044fd32","reportUrl":"https://Vlad1kek.github.io/Firefly_III_Test_Automation/121//#testresult/e9f49e769044fd32","status":"passed","time":{"start":1724413848817,"stop":1724413850734,"duration":1917}},{"uid":"3142523f1da6a113","reportUrl":"https://Vlad1kek.github.io/Firefly_III_Test_Automation/120//#testresult/3142523f1da6a113","status":"passed","time":{"start":1724409889823,"stop":1724409891648,"duration":1825}},{"uid":"ae127b21742fcb7a","reportUrl":"https://Vlad1kek.github.io/Firefly_III_Test_Automation/119//#testresult/ae127b21742fcb7a","status":"passed","time":{"start":1724406956252,"stop":1724406958074,"duration":1822}},{"uid":"272f00afa2c5ddc7","reportUrl":"https://Vlad1kek.github.io/Firefly_III_Test_Automation/119//#testresult/272f00afa2c5ddc7","status":"passed","time":{"start":1724406558217,"stop":1724406560061,"duration":1844}},{"uid":"5aabb7f424433c2d","reportUrl":"https://Vlad1kek.github.io/Firefly_III_Test_Automation/118//#testresult/5aabb7f424433c2d","status":"passed","time":{"start":1724405425192,"stop":1724405427022,"duration":1830}},{"uid":"e6fc29a99b2e83a8","reportUrl":"https://Vlad1kek.github.io/Firefly_III_Test_Automation/118//#testresult/e6fc29a99b2e83a8","status":"failed","statusDetails":"lists don't have the same size expected [1] but found [0]","time":{"start":1724403862026,"stop":1724403865745,"duration":3719}},{"uid":"e39981944b12ac1e","reportUrl":"https://Vlad1kek.github.io/Firefly_III_Test_Automation/118//#testresult/e39981944b12ac1e","status":"failed","statusDetails":"Lists differ at element [0]: August 22nd, 2024\nAugust 29th, 2024 != August 23rd, 2024\nAugust 30th, 2024 expected [August 22nd, 2024\nAugust 29th, 2024] but found [August 23rd, 2024\nAugust 30th, 2024]","time":{"start":1724365650162,"stop":1724365651907,"duration":1745}},{"uid":"916a263d1e192575","reportUrl":"https://Vlad1kek.github.io/Firefly_III_Test_Automation/117//#testresult/916a263d1e192575","status":"passed","time":{"start":1721729033619,"stop":1721729035757,"duration":2138}},{"uid":"1a5f0549ab415be9","reportUrl":"https://Vlad1kek.github.io/Firefly_III_Test_Automation/116//#testresult/1a5f0549ab415be9","status":"broken","statusDetails":"element click intercepted: Element <span class=\"fa fa-fw fa-pencil\"></span> is not clickable at point (341, 295). Other element would receive the click: <div class=\"introjs-overlay\" style=\"top: 0;bottom: 0; left: 0;right: 0;position: fixed;opacity: 0.8;\"></div>\n  (Session info: chrome=126.0.6478.126)\nBuild info: version: '4.22.0', revision: 'c5f3146703*'\nSystem info: os.name: 'Linux', os.arch: 'amd64', os.version: '6.5.0-1023-azure', java.version: '17.0.12'\nDriver info: org.openqa.selenium.chrome.ChromeDriver\nCommand: [af7a7856facfb51d4e54d315087d8dd6, clickElement {id=f.DBE08CE624FA8871E1860A5DE7BF42D2.d.CACE441DBBF588118EF77AEE175A0F27.e.183}]\nCapabilities {acceptInsecureCerts: false, browserName: chrome, browserVersion: 126.0.6478.126, chrome: {chromedriverVersion: 126.0.6478.182 (5b5d8292ddf..., userDataDir: /tmp/.org.chromium.Chromium...}, fedcm:accounts: true, goog:chromeOptions: {debuggerAddress: localhost:36571}, networkConnectionEnabled: false, pageLoadStrategy: normal, platformName: linux, proxy: Proxy(), se:cdp: ws://localhost:36571/devtoo..., se:cdpVersion: 126.0.6478.126, setWindowRect: true, strictFileInteractability: false, timeouts: {implicit: 0, pageLoad: 300000, script: 30000}, unhandledPromptBehavior: dismiss and notify, webauthn:extension:credBlob: true, webauthn:extension:largeBlob: true, webauthn:extension:minPinLength: true, webauthn:extension:prf: true, webauthn:virtualAuthenticators: true}\nElement: [[ChromeDriver: chrome on linux (af7a7856facfb51d4e54d315087d8dd6)] -> xpath: //tr[@data-name='NewTestBills22']/td[2]/div/a[1]/span]\nSession ID: af7a7856facfb51d4e54d315087d8dd6","time":{"start":1721728005952,"stop":1721728008394,"duration":2442}},{"uid":"c7fed5f3b80d92af","reportUrl":"https://Vlad1kek.github.io/Firefly_III_Test_Automation/115//#testresult/c7fed5f3b80d92af","status":"broken","statusDetails":"element click intercepted: Element <a href=\"http://localhost/bills/edit/7\" class=\"btn btn-default btn-xs\">...</a> is not clickable at point (341, 295). Other element would receive the click: <div class=\"introjs-overlay\" style=\"top: 0;bottom: 0; left: 0;right: 0;position: fixed;opacity: 0.8;\"></div>\n  (Session info: chrome=126.0.6478.126)\nBuild info: version: '4.22.0', revision: 'c5f3146703*'\nSystem info: os.name: 'Linux', os.arch: 'amd64', os.version: '6.5.0-1023-azure', java.version: '17.0.12'\nDriver info: org.openqa.selenium.chrome.ChromeDriver\nCommand: [842b2dd07ea1fbfeef7361f674c58fe2, clickElement {id=f.9008541D64C8EC0A7348AB04ACA178F7.d.F771F80FDA839A0485D835333B7A6125.e.187}]\nCapabilities {acceptInsecureCerts: false, browserName: chrome, browserVersion: 126.0.6478.126, chrome: {chromedriverVersion: 126.0.6478.182 (5b5d8292ddf..., userDataDir: /tmp/.org.chromium.Chromium...}, fedcm:accounts: true, goog:chromeOptions: {debuggerAddress: localhost:35945}, networkConnectionEnabled: false, pageLoadStrategy: normal, platformName: linux, proxy: Proxy(), se:cdp: ws://localhost:35945/devtoo..., se:cdpVersion: 126.0.6478.126, setWindowRect: true, strictFileInteractability: false, timeouts: {implicit: 0, pageLoad: 300000, script: 30000}, unhandledPromptBehavior: dismiss and notify, webauthn:extension:credBlob: true, webauthn:extension:largeBlob: true, webauthn:extension:minPinLength: true, webauthn:extension:prf: true, webauthn:virtualAuthenticators: true}\nElement: [[ChromeDriver: chrome on linux (842b2dd07ea1fbfeef7361f674c58fe2)] -> xpath: //tr[@data-name='NewTestBills22']/td[2]/div/a[1]]\nSession ID: 842b2dd07ea1fbfeef7361f674c58fe2","time":{"start":1721690773181,"stop":1721690775650,"duration":2469}},{"uid":"510aeff5466d4a8","reportUrl":"https://Vlad1kek.github.io/Firefly_III_Test_Automation/114//#testresult/510aeff5466d4a8","status":"skipped","statusDetails":"java.lang.RuntimeException: Something went wrong while clearing data 404","time":{"start":1721689680824,"stop":1721689680824,"duration":0}}]},"tags":[]},"source":"4792257e060d2ca5.json","parameterValues":[]}