{"uid":"4a3d243372f327df","name":"testSetBillToRepeatQuarterlyAndCheckNextExpectedMatch","fullName":"test.BillsTest.testSetBillToRepeatQuarterlyAndCheckNextExpectedMatch","historyId":"e66ab4494cedb55e0a7693f4c35022a6","time":{"start":1725297428426,"stop":1725297430250,"duration":1824},"status":"failed","statusMessage":"Lists differ at element [0]: September 02nd, 2024 != September 2nd, 2024 expected [September 02nd, 2024] but found [September 2nd, 2024]","statusTrace":"java.lang.AssertionError: Lists differ at element [0]: September 02nd, 2024 != September 2nd, 2024 expected [September 02nd, 2024] but found [September 2nd, 2024]\n\tat org.testng.Assert.fail(Assert.java:111)\n\tat org.testng.Assert.failNotEquals(Assert.java:1578)\n\tat org.testng.Assert.assertEqualsImpl(Assert.java:150)\n\tat org.testng.Assert.assertEquals(Assert.java:1644)\n\tat org.testng.Assert.assertEquals(Assert.java:1606)\n\tat test.BillsTest.testSetBillToRepeatQuarterlyAndCheckNextExpectedMatch(BillsTest.java:130)\n\tat java.base/jdk.internal.reflect.NativeMethodAccessorImpl.invoke0(Native Method)\n\tat java.base/jdk.internal.reflect.NativeMethodAccessorImpl.invoke(NativeMethodAccessorImpl.java:77)\n\tat java.base/jdk.internal.reflect.DelegatingMethodAccessorImpl.invoke(DelegatingMethodAccessorImpl.java:43)\n\tat java.base/java.lang.reflect.Method.invoke(Method.java:569)\n\tat org.testng.internal.invokers.MethodInvocationHelper.invokeMethod(MethodInvocationHelper.java:141)\n\tat org.testng.internal.invokers.TestInvoker.invokeMethod(TestInvoker.java:686)\n\tat org.testng.internal.invokers.TestInvoker.invokeTestMethod(TestInvoker.java:230)\n\tat org.testng.internal.invokers.MethodRunner.runInSequence(MethodRunner.java:63)\n\tat org.testng.internal.invokers.TestInvoker$MethodInvocationAgent.invoke(TestInvoker.java:992)\n\tat org.testng.internal.invokers.TestInvoker.invokeTestMethods(TestInvoker.java:203)\n\tat org.testng.internal.invokers.TestMethodWorker.invokeTestMethods(TestMethodWorker.java:154)\n\tat org.testng.internal.invokers.TestMethodWorker.run(TestMethodWorker.java:134)\n\tat java.base/java.util.ArrayList.forEach(ArrayList.java:1511)\n\tat org.testng.TestRunner.privateRun(TestRunner.java:739)\n\tat org.testng.TestRunner.run(TestRunner.java:614)\n\tat org.testng.SuiteRunner.runTest(SuiteRunner.java:421)\n\tat org.testng.SuiteRunner.runSequentially(SuiteRunner.java:413)\n\tat org.testng.SuiteRunner.privateRun(SuiteRunner.java:373)\n\tat org.testng.SuiteRunner.run(SuiteRunner.java:312)\n\tat org.testng.SuiteRunnerWorker.runSuite(SuiteRunnerWorker.java:52)\n\tat org.testng.SuiteRunnerWorker.run(SuiteRunnerWorker.java:95)\n\tat org.testng.TestNG.runSuitesSequentially(TestNG.java:1274)\n\tat org.testng.TestNG.runSuitesLocally(TestNG.java:1208)\n\tat org.testng.TestNG.runSuites(TestNG.java:1112)\n\tat org.testng.TestNG.run(TestNG.java:1079)\n\tat org.apache.maven.surefire.testng.TestNGExecutor.run(TestNGExecutor.java:155)\n\tat org.apache.maven.surefire.testng.TestNGDirectoryTestSuite.executeMulti(TestNGDirectoryTestSuite.java:169)\n\tat org.apache.maven.surefire.testng.TestNGDirectoryTestSuite.execute(TestNGDirectoryTestSuite.java:88)\n\tat org.apache.maven.surefire.testng.TestNGProvider.invoke(TestNGProvider.java:137)\n\tat org.apache.maven.surefire.booter.ForkedBooter.runSuitesInProcess(ForkedBooter.java:385)\n\tat org.apache.maven.surefire.booter.ForkedBooter.execute(ForkedBooter.java:162)\n\tat org.apache.maven.surefire.booter.ForkedBooter.run(ForkedBooter.java:507)\n\tat org.apache.maven.surefire.booter.ForkedBooter.main(ForkedBooter.java:495)\n","flaky":false,"newFailed":true,"newBroken":false,"newPassed":false,"retriesCount":0,"retriesStatusChange":false,"beforeStages":[{"name":"beforeMethod","time":{"start":1725297427434,"stop":1725297428425,"duration":991},"description":"","status":"passed","steps":[],"attachments":[],"parameters":[],"shouldDisplayMessage":false,"stepsCount":0,"attachmentsCount":0,"hasContent":false}],"testStage":{"status":"failed","statusMessage":"Lists differ at element [0]: September 02nd, 2024 != September 2nd, 2024 expected [September 02nd, 2024] but found [September 2nd, 2024]","statusTrace":"java.lang.AssertionError: Lists differ at element [0]: September 02nd, 2024 != September 2nd, 2024 expected [September 02nd, 2024] but found [September 2nd, 2024]\n\tat org.testng.Assert.fail(Assert.java:111)\n\tat org.testng.Assert.failNotEquals(Assert.java:1578)\n\tat org.testng.Assert.assertEqualsImpl(Assert.java:150)\n\tat org.testng.Assert.assertEquals(Assert.java:1644)\n\tat org.testng.Assert.assertEquals(Assert.java:1606)\n\tat test.BillsTest.testSetBillToRepeatQuarterlyAndCheckNextExpectedMatch(BillsTest.java:130)\n\tat java.base/jdk.internal.reflect.NativeMethodAccessorImpl.invoke0(Native Method)\n\tat java.base/jdk.internal.reflect.NativeMethodAccessorImpl.invoke(NativeMethodAccessorImpl.java:77)\n\tat java.base/jdk.internal.reflect.DelegatingMethodAccessorImpl.invoke(DelegatingMethodAccessorImpl.java:43)\n\tat java.base/java.lang.reflect.Method.invoke(Method.java:569)\n\tat org.testng.internal.invokers.MethodInvocationHelper.invokeMethod(MethodInvocationHelper.java:141)\n\tat org.testng.internal.invokers.TestInvoker.invokeMethod(TestInvoker.java:686)\n\tat org.testng.internal.invokers.TestInvoker.invokeTestMethod(TestInvoker.java:230)\n\tat org.testng.internal.invokers.MethodRunner.runInSequence(MethodRunner.java:63)\n\tat org.testng.internal.invokers.TestInvoker$MethodInvocationAgent.invoke(TestInvoker.java:992)\n\tat org.testng.internal.invokers.TestInvoker.invokeTestMethods(TestInvoker.java:203)\n\tat org.testng.internal.invokers.TestMethodWorker.invokeTestMethods(TestMethodWorker.java:154)\n\tat org.testng.internal.invokers.TestMethodWorker.run(TestMethodWorker.java:134)\n\tat java.base/java.util.ArrayList.forEach(ArrayList.java:1511)\n\tat org.testng.TestRunner.privateRun(TestRunner.java:739)\n\tat org.testng.TestRunner.run(TestRunner.java:614)\n\tat org.testng.SuiteRunner.runTest(SuiteRunner.java:421)\n\tat org.testng.SuiteRunner.runSequentially(SuiteRunner.java:413)\n\tat org.testng.SuiteRunner.privateRun(SuiteRunner.java:373)\n\tat org.testng.SuiteRunner.run(SuiteRunner.java:312)\n\tat org.testng.SuiteRunnerWorker.runSuite(SuiteRunnerWorker.java:52)\n\tat org.testng.SuiteRunnerWorker.run(SuiteRunnerWorker.java:95)\n\tat org.testng.TestNG.runSuitesSequentially(TestNG.java:1274)\n\tat org.testng.TestNG.runSuitesLocally(TestNG.java:1208)\n\tat org.testng.TestNG.runSuites(TestNG.java:1112)\n\tat org.testng.TestNG.run(TestNG.java:1079)\n\tat org.apache.maven.surefire.testng.TestNGExecutor.run(TestNGExecutor.java:155)\n\tat org.apache.maven.surefire.testng.TestNGDirectoryTestSuite.executeMulti(TestNGDirectoryTestSuite.java:169)\n\tat org.apache.maven.surefire.testng.TestNGDirectoryTestSuite.execute(TestNGDirectoryTestSuite.java:88)\n\tat org.apache.maven.surefire.testng.TestNGProvider.invoke(TestNGProvider.java:137)\n\tat org.apache.maven.surefire.booter.ForkedBooter.runSuitesInProcess(ForkedBooter.java:385)\n\tat org.apache.maven.surefire.booter.ForkedBooter.execute(ForkedBooter.java:162)\n\tat org.apache.maven.surefire.booter.ForkedBooter.run(ForkedBooter.java:507)\n\tat org.apache.maven.surefire.booter.ForkedBooter.main(ForkedBooter.java:495)\n","steps":[{"name":"Create the Bill: 'NewTestBills22' and set minAmount=300, maxAmount=500","time":{"start":1725297428427,"stop":1725297429469,"duration":1042},"status":"passed","steps":[],"attachments":[],"parameters":[{"name":"baseTest","value":"test.BillsTest@5996d6f2"},{"name":"name","value":"NewTestBills22"},{"name":"minAmount","value":"300"},{"name":"maxAmount","value":"500"},{"name":"goToHomePage","value":"true"}],"shouldDisplayMessage":false,"stepsCount":0,"attachmentsCount":0,"hasContent":true},{"name":"Click on Submit button","time":{"start":1725297430033,"stop":1725297430150,"duration":117},"status":"passed","steps":[],"attachments":[],"parameters":[{"name":"page","value":"page.bills.BillsDetailsPage@195267c8"}],"shouldDisplayMessage":false,"stepsCount":0,"attachmentsCount":0,"hasContent":true}],"attachments":[],"parameters":[],"shouldDisplayMessage":true,"stepsCount":2,"attachmentsCount":0,"hasContent":true},"afterStages":[{"name":"afterMethod","time":{"start":1725297430252,"stop":1725297430961,"duration":709},"description":"","status":"passed","steps":[],"attachments":[{"uid":"654e761a475e0a07","name":"screenshot.png","source":"654e761a475e0a07.png","type":"image/png","size":72751}],"parameters":[],"shouldDisplayMessage":false,"stepsCount":0,"attachmentsCount":1,"hasContent":true}],"labels":[{"name":"package","value":"test.BillsTest"},{"name":"testClass","value":"test.BillsTest"},{"name":"testMethod","value":"testSetBillToRepeatQuarterlyAndCheckNextExpectedMatch"},{"name":"parentSuite","value":"Surefire suite"},{"name":"suite","value":"Surefire test"},{"name":"subSuite","value":"test.BillsTest"},{"name":"host","value":"fv-az985-830"},{"name":"thread","value":"3008@fv-az985-830.main(1)"},{"name":"framework","value":"testng"},{"name":"language","value":"java"},{"name":"epic","value":"Bill"},{"name":"resultFormat","value":"allure2"}],"parameters":[],"links":[],"hidden":false,"retry":false,"extra":{"severity":"normal","retries":[],"categories":[{"name":"Product defects","matchedStatuses":[],"flaky":false}],"history":{"statistic":{"failed":4,"broken":2,"skipped":18,"passed":20,"unknown":0,"total":44},"items":[{"uid":"a540a10877c74943","reportUrl":"https://Vlad1kek.github.io/Firefly_III_Test_Automation/130//#testresult/a540a10877c74943","status":"passed","time":{"start":1725137905419,"stop":1725137907237,"duration":1818}},{"uid":"4b66fe5e9b8dc1","reportUrl":"https://Vlad1kek.github.io/Firefly_III_Test_Automation/129//#testresult/4b66fe5e9b8dc1","status":"passed","time":{"start":1725051040615,"stop":1725051042516,"duration":1901}},{"uid":"5e748a45bc6bb92c","reportUrl":"https://Vlad1kek.github.io/Firefly_III_Test_Automation/128//#testresult/5e748a45bc6bb92c","status":"passed","time":{"start":1725010252854,"stop":1725010254867,"duration":2013}},{"uid":"78c54a59859188d5","reportUrl":"https://Vlad1kek.github.io/Firefly_III_Test_Automation/127//#testresult/78c54a59859188d5","status":"passed","time":{"start":1725009002869,"stop":1725009004706,"duration":1837}},{"uid":"20daae10d42ee7ee","reportUrl":"https://Vlad1kek.github.io/Firefly_III_Test_Automation/126//#testresult/20daae10d42ee7ee","status":"passed","time":{"start":1724918758855,"stop":1724918760890,"duration":2035}},{"uid":"e5ea04f7cff63b4b","reportUrl":"https://Vlad1kek.github.io/Firefly_III_Test_Automation/125//#testresult/e5ea04f7cff63b4b","status":"failed","statusDetails":"Lists differ at element [0]: August 28th, 2024 != August 29th, 2024 expected [August 28th, 2024] but found [August 29th, 2024]","time":{"start":1724883316795,"stop":1724883318711,"duration":1916}},{"uid":"a2d03f3a7f1d9151","reportUrl":"https://Vlad1kek.github.io/Firefly_III_Test_Automation/124//#testresult/a2d03f3a7f1d9151","status":"passed","time":{"start":1724792529416,"stop":1724792531229,"duration":1813}},{"uid":"f8ec382367c287b1","reportUrl":"https://Vlad1kek.github.io/Firefly_III_Test_Automation/123//#testresult/f8ec382367c287b1","status":"passed","time":{"start":1724753197779,"stop":1724753199679,"duration":1900}},{"uid":"845e36e90304d7fa","reportUrl":"https://Vlad1kek.github.io/Firefly_III_Test_Automation/122//#testresult/845e36e90304d7fa","status":"passed","time":{"start":1724752234243,"stop":1724752236159,"duration":1916}},{"uid":"7fbe1e03e6ed666c","reportUrl":"https://Vlad1kek.github.io/Firefly_III_Test_Automation/121//#testresult/7fbe1e03e6ed666c","status":"passed","time":{"start":1724413831793,"stop":1724413834488,"duration":2695}},{"uid":"405b4fdfa9b25fe7","reportUrl":"https://Vlad1kek.github.io/Firefly_III_Test_Automation/120//#testresult/405b4fdfa9b25fe7","status":"failed","statusDetails":"lists don't have the same size expected [1] but found [0]","time":{"start":1724409870404,"stop":1724409874657,"duration":4253}},{"uid":"122a67fa504523a2","reportUrl":"https://Vlad1kek.github.io/Firefly_III_Test_Automation/119//#testresult/122a67fa504523a2","status":"passed","time":{"start":1724406952819,"stop":1724406954781,"duration":1962}},{"uid":"d8ed57ab026a3182","reportUrl":"https://Vlad1kek.github.io/Firefly_III_Test_Automation/119//#testresult/d8ed57ab026a3182","status":"passed","time":{"start":1724406554790,"stop":1724406556660,"duration":1870}},{"uid":"3c9506f8863de560","reportUrl":"https://Vlad1kek.github.io/Firefly_III_Test_Automation/118//#testresult/3c9506f8863de560","status":"passed","time":{"start":1724405421871,"stop":1724405423636,"duration":1765}},{"uid":"1bfbcffa19adb496","reportUrl":"https://Vlad1kek.github.io/Firefly_III_Test_Automation/118//#testresult/1bfbcffa19adb496","status":"passed","time":{"start":1724403858684,"stop":1724403860467,"duration":1783}},{"uid":"4bb642d9d587e9b7","reportUrl":"https://Vlad1kek.github.io/Firefly_III_Test_Automation/118//#testresult/4bb642d9d587e9b7","status":"failed","statusDetails":"Lists differ at element [0]: August 22nd, 2024 != August 23rd, 2024 expected [August 22nd, 2024] but found [August 23rd, 2024]","time":{"start":1724365646628,"stop":1724365648418,"duration":1790}},{"uid":"d2fd0926ed227c84","reportUrl":"https://Vlad1kek.github.io/Firefly_III_Test_Automation/117//#testresult/d2fd0926ed227c84","status":"passed","time":{"start":1721729029951,"stop":1721729031856,"duration":1905}},{"uid":"fb40f3aeb93a59f7","reportUrl":"https://Vlad1kek.github.io/Firefly_III_Test_Automation/116//#testresult/fb40f3aeb93a59f7","status":"broken","statusDetails":"element click intercepted: Element <span class=\"fa fa-fw fa-pencil\"></span> is not clickable at point (341, 295). Other element would receive the click: <div class=\"introjs-overlay\" style=\"top: 0;bottom: 0; left: 0;right: 0;position: fixed;opacity: 0.8;\"></div>\n  (Session info: chrome=126.0.6478.126)\nBuild info: version: '4.22.0', revision: 'c5f3146703*'\nSystem info: os.name: 'Linux', os.arch: 'amd64', os.version: '6.5.0-1023-azure', java.version: '17.0.12'\nDriver info: org.openqa.selenium.chrome.ChromeDriver\nCommand: [1609cd554f4664cd37980e7ddb2efd04, clickElement {id=f.8925CB3533EBC1E512DD75C5F8D51766.d.A1CEF802A23AD591F59C25A81E06F20D.e.183}]\nCapabilities {acceptInsecureCerts: false, browserName: chrome, browserVersion: 126.0.6478.126, chrome: {chromedriverVersion: 126.0.6478.182 (5b5d8292ddf..., userDataDir: /tmp/.org.chromium.Chromium...}, fedcm:accounts: true, goog:chromeOptions: {debuggerAddress: localhost:44107}, networkConnectionEnabled: false, pageLoadStrategy: normal, platformName: linux, proxy: Proxy(), se:cdp: ws://localhost:44107/devtoo..., se:cdpVersion: 126.0.6478.126, setWindowRect: true, strictFileInteractability: false, timeouts: {implicit: 0, pageLoad: 300000, script: 30000}, unhandledPromptBehavior: dismiss and notify, webauthn:extension:credBlob: true, webauthn:extension:largeBlob: true, webauthn:extension:minPinLength: true, webauthn:extension:prf: true, webauthn:virtualAuthenticators: true}\nElement: [[ChromeDriver: chrome on linux (1609cd554f4664cd37980e7ddb2efd04)] -> xpath: //tr[@data-name='NewTestBills22']/td[2]/div/a[1]/span]\nSession ID: 1609cd554f4664cd37980e7ddb2efd04","time":{"start":1721728001904,"stop":1721728004358,"duration":2454}},{"uid":"394b1512c2e115ea","reportUrl":"https://Vlad1kek.github.io/Firefly_III_Test_Automation/115//#testresult/394b1512c2e115ea","status":"broken","statusDetails":"element click intercepted: Element <a href=\"http://localhost/bills/edit/6\" class=\"btn btn-default btn-xs\">...</a> is not clickable at point (341, 295). Other element would receive the click: <div class=\"introjs-overlay\" style=\"top: 0;bottom: 0; left: 0;right: 0;position: fixed;opacity: 0.8;\"></div>\n  (Session info: chrome=126.0.6478.126)\nBuild info: version: '4.22.0', revision: 'c5f3146703*'\nSystem info: os.name: 'Linux', os.arch: 'amd64', os.version: '6.5.0-1023-azure', java.version: '17.0.12'\nDriver info: org.openqa.selenium.chrome.ChromeDriver\nCommand: [af436bfc8854b55c5dfc8f2350306b13, clickElement {id=f.C97EB6203957194B198C82AC0BFB8810.d.8536B4334F39D9854047B674D9762B7D.e.184}]\nCapabilities {acceptInsecureCerts: false, browserName: chrome, browserVersion: 126.0.6478.126, chrome: {chromedriverVersion: 126.0.6478.182 (5b5d8292ddf..., userDataDir: /tmp/.org.chromium.Chromium...}, fedcm:accounts: true, goog:chromeOptions: {debuggerAddress: localhost:41973}, networkConnectionEnabled: false, pageLoadStrategy: normal, platformName: linux, proxy: Proxy(), se:cdp: ws://localhost:41973/devtoo..., se:cdpVersion: 126.0.6478.126, setWindowRect: true, strictFileInteractability: false, timeouts: {implicit: 0, pageLoad: 300000, script: 30000}, unhandledPromptBehavior: dismiss and notify, webauthn:extension:credBlob: true, webauthn:extension:largeBlob: true, webauthn:extension:minPinLength: true, webauthn:extension:prf: true, webauthn:virtualAuthenticators: true}\nElement: [[ChromeDriver: chrome on linux (af436bfc8854b55c5dfc8f2350306b13)] -> xpath: //tr[@data-name='NewTestBills22']/td[2]/div/a[1]]\nSession ID: af436bfc8854b55c5dfc8f2350306b13","time":{"start":1721690769147,"stop":1721690771589,"duration":2442}},{"uid":"d86b1a0564af4937","reportUrl":"https://Vlad1kek.github.io/Firefly_III_Test_Automation/114//#testresult/d86b1a0564af4937","status":"skipped","statusDetails":"java.lang.RuntimeException: Something went wrong while clearing data 404","time":{"start":1721689680820,"stop":1721689680820,"duration":0}}]},"tags":[]},"source":"4a3d243372f327df.json","parameterValues":[]}