{"uid":"8bd8415d739ca80f","name":"testSetBillToRepeatEveryHalfYearAndCheckNextExpectedMatch","fullName":"test.BillsTest.testSetBillToRepeatEveryHalfYearAndCheckNextExpectedMatch","historyId":"8f4f6da68286a4e52efb7efbad5d9034","time":{"start":1725297424819,"stop":1725297426678,"duration":1859},"status":"failed","statusMessage":"Lists differ at element [0]: September 02nd, 2024 != September 2nd, 2024 expected [September 02nd, 2024] but found [September 2nd, 2024]","statusTrace":"java.lang.AssertionError: Lists differ at element [0]: September 02nd, 2024 != September 2nd, 2024 expected [September 02nd, 2024] but found [September 2nd, 2024]\n\tat org.testng.Assert.fail(Assert.java:111)\n\tat org.testng.Assert.failNotEquals(Assert.java:1578)\n\tat org.testng.Assert.assertEqualsImpl(Assert.java:150)\n\tat org.testng.Assert.assertEquals(Assert.java:1644)\n\tat org.testng.Assert.assertEquals(Assert.java:1606)\n\tat test.BillsTest.testSetBillToRepeatEveryHalfYearAndCheckNextExpectedMatch(BillsTest.java:114)\n\tat java.base/jdk.internal.reflect.NativeMethodAccessorImpl.invoke0(Native Method)\n\tat java.base/jdk.internal.reflect.NativeMethodAccessorImpl.invoke(NativeMethodAccessorImpl.java:77)\n\tat java.base/jdk.internal.reflect.DelegatingMethodAccessorImpl.invoke(DelegatingMethodAccessorImpl.java:43)\n\tat java.base/java.lang.reflect.Method.invoke(Method.java:569)\n\tat org.testng.internal.invokers.MethodInvocationHelper.invokeMethod(MethodInvocationHelper.java:141)\n\tat org.testng.internal.invokers.TestInvoker.invokeMethod(TestInvoker.java:686)\n\tat org.testng.internal.invokers.TestInvoker.invokeTestMethod(TestInvoker.java:230)\n\tat org.testng.internal.invokers.MethodRunner.runInSequence(MethodRunner.java:63)\n\tat org.testng.internal.invokers.TestInvoker$MethodInvocationAgent.invoke(TestInvoker.java:992)\n\tat org.testng.internal.invokers.TestInvoker.invokeTestMethods(TestInvoker.java:203)\n\tat org.testng.internal.invokers.TestMethodWorker.invokeTestMethods(TestMethodWorker.java:154)\n\tat org.testng.internal.invokers.TestMethodWorker.run(TestMethodWorker.java:134)\n\tat java.base/java.util.ArrayList.forEach(ArrayList.java:1511)\n\tat org.testng.TestRunner.privateRun(TestRunner.java:739)\n\tat org.testng.TestRunner.run(TestRunner.java:614)\n\tat org.testng.SuiteRunner.runTest(SuiteRunner.java:421)\n\tat org.testng.SuiteRunner.runSequentially(SuiteRunner.java:413)\n\tat org.testng.SuiteRunner.privateRun(SuiteRunner.java:373)\n\tat org.testng.SuiteRunner.run(SuiteRunner.java:312)\n\tat org.testng.SuiteRunnerWorker.runSuite(SuiteRunnerWorker.java:52)\n\tat org.testng.SuiteRunnerWorker.run(SuiteRunnerWorker.java:95)\n\tat org.testng.TestNG.runSuitesSequentially(TestNG.java:1274)\n\tat org.testng.TestNG.runSuitesLocally(TestNG.java:1208)\n\tat org.testng.TestNG.runSuites(TestNG.java:1112)\n\tat org.testng.TestNG.run(TestNG.java:1079)\n\tat org.apache.maven.surefire.testng.TestNGExecutor.run(TestNGExecutor.java:155)\n\tat org.apache.maven.surefire.testng.TestNGDirectoryTestSuite.executeMulti(TestNGDirectoryTestSuite.java:169)\n\tat org.apache.maven.surefire.testng.TestNGDirectoryTestSuite.execute(TestNGDirectoryTestSuite.java:88)\n\tat org.apache.maven.surefire.testng.TestNGProvider.invoke(TestNGProvider.java:137)\n\tat org.apache.maven.surefire.booter.ForkedBooter.runSuitesInProcess(ForkedBooter.java:385)\n\tat org.apache.maven.surefire.booter.ForkedBooter.execute(ForkedBooter.java:162)\n\tat org.apache.maven.surefire.booter.ForkedBooter.run(ForkedBooter.java:507)\n\tat org.apache.maven.surefire.booter.ForkedBooter.main(ForkedBooter.java:495)\n","flaky":false,"newFailed":true,"newBroken":false,"newPassed":false,"retriesCount":0,"retriesStatusChange":false,"beforeStages":[{"name":"beforeMethod","time":{"start":1725297423841,"stop":1725297424817,"duration":976},"description":"","status":"passed","steps":[],"attachments":[],"parameters":[],"shouldDisplayMessage":false,"stepsCount":0,"attachmentsCount":0,"hasContent":false}],"testStage":{"status":"failed","statusMessage":"Lists differ at element [0]: September 02nd, 2024 != September 2nd, 2024 expected [September 02nd, 2024] but found [September 2nd, 2024]","statusTrace":"java.lang.AssertionError: Lists differ at element [0]: September 02nd, 2024 != September 2nd, 2024 expected [September 02nd, 2024] but found [September 2nd, 2024]\n\tat org.testng.Assert.fail(Assert.java:111)\n\tat org.testng.Assert.failNotEquals(Assert.java:1578)\n\tat org.testng.Assert.assertEqualsImpl(Assert.java:150)\n\tat org.testng.Assert.assertEquals(Assert.java:1644)\n\tat org.testng.Assert.assertEquals(Assert.java:1606)\n\tat test.BillsTest.testSetBillToRepeatEveryHalfYearAndCheckNextExpectedMatch(BillsTest.java:114)\n\tat java.base/jdk.internal.reflect.NativeMethodAccessorImpl.invoke0(Native Method)\n\tat java.base/jdk.internal.reflect.NativeMethodAccessorImpl.invoke(NativeMethodAccessorImpl.java:77)\n\tat java.base/jdk.internal.reflect.DelegatingMethodAccessorImpl.invoke(DelegatingMethodAccessorImpl.java:43)\n\tat java.base/java.lang.reflect.Method.invoke(Method.java:569)\n\tat org.testng.internal.invokers.MethodInvocationHelper.invokeMethod(MethodInvocationHelper.java:141)\n\tat org.testng.internal.invokers.TestInvoker.invokeMethod(TestInvoker.java:686)\n\tat org.testng.internal.invokers.TestInvoker.invokeTestMethod(TestInvoker.java:230)\n\tat org.testng.internal.invokers.MethodRunner.runInSequence(MethodRunner.java:63)\n\tat org.testng.internal.invokers.TestInvoker$MethodInvocationAgent.invoke(TestInvoker.java:992)\n\tat org.testng.internal.invokers.TestInvoker.invokeTestMethods(TestInvoker.java:203)\n\tat org.testng.internal.invokers.TestMethodWorker.invokeTestMethods(TestMethodWorker.java:154)\n\tat org.testng.internal.invokers.TestMethodWorker.run(TestMethodWorker.java:134)\n\tat java.base/java.util.ArrayList.forEach(ArrayList.java:1511)\n\tat org.testng.TestRunner.privateRun(TestRunner.java:739)\n\tat org.testng.TestRunner.run(TestRunner.java:614)\n\tat org.testng.SuiteRunner.runTest(SuiteRunner.java:421)\n\tat org.testng.SuiteRunner.runSequentially(SuiteRunner.java:413)\n\tat org.testng.SuiteRunner.privateRun(SuiteRunner.java:373)\n\tat org.testng.SuiteRunner.run(SuiteRunner.java:312)\n\tat org.testng.SuiteRunnerWorker.runSuite(SuiteRunnerWorker.java:52)\n\tat org.testng.SuiteRunnerWorker.run(SuiteRunnerWorker.java:95)\n\tat org.testng.TestNG.runSuitesSequentially(TestNG.java:1274)\n\tat org.testng.TestNG.runSuitesLocally(TestNG.java:1208)\n\tat org.testng.TestNG.runSuites(TestNG.java:1112)\n\tat org.testng.TestNG.run(TestNG.java:1079)\n\tat org.apache.maven.surefire.testng.TestNGExecutor.run(TestNGExecutor.java:155)\n\tat org.apache.maven.surefire.testng.TestNGDirectoryTestSuite.executeMulti(TestNGDirectoryTestSuite.java:169)\n\tat org.apache.maven.surefire.testng.TestNGDirectoryTestSuite.execute(TestNGDirectoryTestSuite.java:88)\n\tat org.apache.maven.surefire.testng.TestNGProvider.invoke(TestNGProvider.java:137)\n\tat org.apache.maven.surefire.booter.ForkedBooter.runSuitesInProcess(ForkedBooter.java:385)\n\tat org.apache.maven.surefire.booter.ForkedBooter.execute(ForkedBooter.java:162)\n\tat org.apache.maven.surefire.booter.ForkedBooter.run(ForkedBooter.java:507)\n\tat org.apache.maven.surefire.booter.ForkedBooter.main(ForkedBooter.java:495)\n","steps":[{"name":"Create the Bill: 'NewTestBills22' and set minAmount=300, maxAmount=500","time":{"start":1725297424824,"stop":1725297425844,"duration":1020},"status":"passed","steps":[],"attachments":[],"parameters":[{"name":"baseTest","value":"test.BillsTest@5996d6f2"},{"name":"name","value":"NewTestBills22"},{"name":"minAmount","value":"300"},{"name":"maxAmount","value":"500"},{"name":"goToHomePage","value":"true"}],"shouldDisplayMessage":false,"stepsCount":0,"attachmentsCount":0,"hasContent":true},{"name":"Click on Submit button","time":{"start":1725297426463,"stop":1725297426579,"duration":116},"status":"passed","steps":[],"attachments":[],"parameters":[{"name":"page","value":"page.bills.BillsDetailsPage@5cb7eb6c"}],"shouldDisplayMessage":false,"stepsCount":0,"attachmentsCount":0,"hasContent":true}],"attachments":[],"parameters":[],"shouldDisplayMessage":true,"stepsCount":2,"attachmentsCount":0,"hasContent":true},"afterStages":[{"name":"afterMethod","time":{"start":1725297426679,"stop":1725297427433,"duration":754},"description":"","status":"passed","steps":[],"attachments":[{"uid":"303899a195b2323f","name":"screenshot.png","source":"303899a195b2323f.png","type":"image/png","size":73222}],"parameters":[],"shouldDisplayMessage":false,"stepsCount":0,"attachmentsCount":1,"hasContent":true}],"labels":[{"name":"package","value":"test.BillsTest"},{"name":"testClass","value":"test.BillsTest"},{"name":"testMethod","value":"testSetBillToRepeatEveryHalfYearAndCheckNextExpectedMatch"},{"name":"parentSuite","value":"Surefire suite"},{"name":"suite","value":"Surefire test"},{"name":"subSuite","value":"test.BillsTest"},{"name":"host","value":"fv-az985-830"},{"name":"thread","value":"3008@fv-az985-830.main(1)"},{"name":"framework","value":"testng"},{"name":"language","value":"java"},{"name":"epic","value":"Bill"},{"name":"resultFormat","value":"allure2"}],"parameters":[],"links":[],"hidden":false,"retry":false,"extra":{"severity":"normal","retries":[],"categories":[{"name":"Product defects","matchedStatuses":[],"flaky":false}],"history":{"statistic":{"failed":3,"broken":2,"skipped":18,"passed":21,"unknown":0,"total":44},"items":[{"uid":"be656f70fdc42876","reportUrl":"https://Vlad1kek.github.io/Firefly_III_Test_Automation/130//#testresult/be656f70fdc42876","status":"passed","time":{"start":1725137902094,"stop":1725137903949,"duration":1855}},{"uid":"42059836f0f5cb33","reportUrl":"https://Vlad1kek.github.io/Firefly_III_Test_Automation/129//#testresult/42059836f0f5cb33","status":"passed","time":{"start":1725051053393,"stop":1725051055862,"duration":2469}},{"uid":"eea32ca7404d7e93","reportUrl":"https://Vlad1kek.github.io/Firefly_III_Test_Automation/128//#testresult/eea32ca7404d7e93","status":"passed","time":{"start":1725010266436,"stop":1725010268444,"duration":2008}},{"uid":"d3124032fc9a9f0","reportUrl":"https://Vlad1kek.github.io/Firefly_III_Test_Automation/127//#testresult/d3124032fc9a9f0","status":"passed","time":{"start":1725009015110,"stop":1725009016956,"duration":1846}},{"uid":"89ea6cd7111f0f8f","reportUrl":"https://Vlad1kek.github.io/Firefly_III_Test_Automation/126//#testresult/89ea6cd7111f0f8f","status":"passed","time":{"start":1724918773302,"stop":1724918775318,"duration":2016}},{"uid":"304f775dcb073dca","reportUrl":"https://Vlad1kek.github.io/Firefly_III_Test_Automation/125//#testresult/304f775dcb073dca","status":"failed","statusDetails":"Lists differ at element [0]: August 28th, 2024 != August 29th, 2024 expected [August 28th, 2024] but found [August 29th, 2024]","time":{"start":1724883330783,"stop":1724883332801,"duration":2018}},{"uid":"11df96717d8ec8d7","reportUrl":"https://Vlad1kek.github.io/Firefly_III_Test_Automation/124//#testresult/11df96717d8ec8d7","status":"passed","time":{"start":1724792542663,"stop":1724792544491,"duration":1828}},{"uid":"859512eefbd1538b","reportUrl":"https://Vlad1kek.github.io/Firefly_III_Test_Automation/123//#testresult/859512eefbd1538b","status":"passed","time":{"start":1724753210236,"stop":1724753212098,"duration":1862}},{"uid":"b56c4be0d065549a","reportUrl":"https://Vlad1kek.github.io/Firefly_III_Test_Automation/122//#testresult/b56c4be0d065549a","status":"passed","time":{"start":1724752247326,"stop":1724752249510,"duration":2184}},{"uid":"206605e62f9dc17a","reportUrl":"https://Vlad1kek.github.io/Firefly_III_Test_Automation/121//#testresult/206605e62f9dc17a","status":"passed","time":{"start":1724413845956,"stop":1724413847821,"duration":1865}},{"uid":"206de17da0843efd","reportUrl":"https://Vlad1kek.github.io/Firefly_III_Test_Automation/120//#testresult/206de17da0843efd","status":"passed","time":{"start":1724409885372,"stop":1724409887202,"duration":1830}},{"uid":"bb6d00190c3f6d67","reportUrl":"https://Vlad1kek.github.io/Firefly_III_Test_Automation/119//#testresult/bb6d00190c3f6d67","status":"passed","time":{"start":1724406944221,"stop":1724406946011,"duration":1790}},{"uid":"f30b647d4fdfa339","reportUrl":"https://Vlad1kek.github.io/Firefly_III_Test_Automation/119//#testresult/f30b647d4fdfa339","status":"passed","time":{"start":1724406545168,"stop":1724406547023,"duration":1855}},{"uid":"1bcd863503a2019","reportUrl":"https://Vlad1kek.github.io/Firefly_III_Test_Automation/118//#testresult/1bcd863503a2019","status":"passed","time":{"start":1724405415253,"stop":1724405417037,"duration":1784}},{"uid":"ef30b4f33c5f1a29","reportUrl":"https://Vlad1kek.github.io/Firefly_III_Test_Automation/118//#testresult/ef30b4f33c5f1a29","status":"passed","time":{"start":1724403852071,"stop":1724403853851,"duration":1780}},{"uid":"414e0bde9e0ad995","reportUrl":"https://Vlad1kek.github.io/Firefly_III_Test_Automation/118//#testresult/414e0bde9e0ad995","status":"failed","statusDetails":"Lists differ at element [0]: August 22nd, 2024 != August 23rd, 2024 expected [August 22nd, 2024] but found [August 23rd, 2024]","time":{"start":1724365639761,"stop":1724365641538,"duration":1777}},{"uid":"dd79f7fa6ad2d803","reportUrl":"https://Vlad1kek.github.io/Firefly_III_Test_Automation/117//#testresult/dd79f7fa6ad2d803","status":"passed","time":{"start":1721729022776,"stop":1721729024709,"duration":1933}},{"uid":"316e4a980f3c8863","reportUrl":"https://Vlad1kek.github.io/Firefly_III_Test_Automation/116//#testresult/316e4a980f3c8863","status":"broken","statusDetails":"element click intercepted: Element <span class=\"fa fa-fw fa-pencil\"></span> is not clickable at point (341, 295). Other element would receive the click: <div class=\"introjs-overlay\" style=\"top: 0;bottom: 0; left: 0;right: 0;position: fixed;opacity: 0.8;\"></div>\n  (Session info: chrome=126.0.6478.126)\nBuild info: version: '4.22.0', revision: 'c5f3146703*'\nSystem info: os.name: 'Linux', os.arch: 'amd64', os.version: '6.5.0-1023-azure', java.version: '17.0.12'\nDriver info: org.openqa.selenium.chrome.ChromeDriver\nCommand: [c43b4ac1706ab598fc113f9eaf8d3236, clickElement {id=f.9EE7B2C8B91AFC4E2B11646651C4287C.d.D07D7C774C56206B3B827CB021367186.e.183}]\nCapabilities {acceptInsecureCerts: false, browserName: chrome, browserVersion: 126.0.6478.126, chrome: {chromedriverVersion: 126.0.6478.182 (5b5d8292ddf..., userDataDir: /tmp/.org.chromium.Chromium...}, fedcm:accounts: true, goog:chromeOptions: {debuggerAddress: localhost:45719}, networkConnectionEnabled: false, pageLoadStrategy: normal, platformName: linux, proxy: Proxy(), se:cdp: ws://localhost:45719/devtoo..., se:cdpVersion: 126.0.6478.126, setWindowRect: true, strictFileInteractability: false, timeouts: {implicit: 0, pageLoad: 300000, script: 30000}, unhandledPromptBehavior: dismiss and notify, webauthn:extension:credBlob: true, webauthn:extension:largeBlob: true, webauthn:extension:minPinLength: true, webauthn:extension:prf: true, webauthn:virtualAuthenticators: true}\nElement: [[ChromeDriver: chrome on linux (c43b4ac1706ab598fc113f9eaf8d3236)] -> xpath: //tr[@data-name='NewTestBills22']/td[2]/div/a[1]/span]\nSession ID: c43b4ac1706ab598fc113f9eaf8d3236","time":{"start":1721727993686,"stop":1721727996182,"duration":2496}},{"uid":"8efb80869fa17de6","reportUrl":"https://Vlad1kek.github.io/Firefly_III_Test_Automation/115//#testresult/8efb80869fa17de6","status":"broken","statusDetails":"element click intercepted: Element <a href=\"http://localhost/bills/edit/4\" class=\"btn btn-default btn-xs\">...</a> is not clickable at point (341, 295). Other element would receive the click: <div class=\"introjs-overlay\" style=\"top: 0;bottom: 0; left: 0;right: 0;position: fixed;opacity: 0.8;\"></div>\n  (Session info: chrome=126.0.6478.126)\nBuild info: version: '4.22.0', revision: 'c5f3146703*'\nSystem info: os.name: 'Linux', os.arch: 'amd64', os.version: '6.5.0-1023-azure', java.version: '17.0.12'\nDriver info: org.openqa.selenium.chrome.ChromeDriver\nCommand: [debefa10a509fc98d91d65c05e12b0ea, clickElement {id=f.E091741A7C082BF405B83F35D9A44284.d.27EE9D2CF82C15FF047C57CFBDC8BC00.e.184}]\nCapabilities {acceptInsecureCerts: false, browserName: chrome, browserVersion: 126.0.6478.126, chrome: {chromedriverVersion: 126.0.6478.182 (5b5d8292ddf..., userDataDir: /tmp/.org.chromium.Chromium...}, fedcm:accounts: true, goog:chromeOptions: {debuggerAddress: localhost:44191}, networkConnectionEnabled: false, pageLoadStrategy: normal, platformName: linux, proxy: Proxy(), se:cdp: ws://localhost:44191/devtoo..., se:cdpVersion: 126.0.6478.126, setWindowRect: true, strictFileInteractability: false, timeouts: {implicit: 0, pageLoad: 300000, script: 30000}, unhandledPromptBehavior: dismiss and notify, webauthn:extension:credBlob: true, webauthn:extension:largeBlob: true, webauthn:extension:minPinLength: true, webauthn:extension:prf: true, webauthn:virtualAuthenticators: true}\nElement: [[ChromeDriver: chrome on linux (debefa10a509fc98d91d65c05e12b0ea)] -> xpath: //tr[@data-name='NewTestBills22']/td[2]/div/a[1]]\nSession ID: debefa10a509fc98d91d65c05e12b0ea","time":{"start":1721690761070,"stop":1721690763511,"duration":2441}},{"uid":"d6c447549c304cd7","reportUrl":"https://Vlad1kek.github.io/Firefly_III_Test_Automation/114//#testresult/d6c447549c304cd7","status":"skipped","statusDetails":"java.lang.RuntimeException: Something went wrong while clearing data 404","time":{"start":1721689680812,"stop":1721689680812,"duration":0}}]},"tags":[]},"source":"8bd8415d739ca80f.json","parameterValues":[]}